--------------------------------------------------------------------------------
Release 14.7 Trace  (lin64)
Copyright (c) 1995-2013 Xilinx, Inc.  All rights reserved.

/opt/Xilinx/14.7/ISE_DS/ISE/bin/lin64/unwrapped/trce -v 25 project_r.ncd
project.pcf

Design file:              project_r.ncd
Physical constraint file: project.pcf
Device,package,speed:     xc7a100t,csg324,C,-1 (PRODUCTION 1.10 2013-10-13)
Report level:             verbose report, limited to 25 items per constraint

Environment Variable      Effect 
--------------------      ------ 
NONE                      No environment variables were set
--------------------------------------------------------------------------------

INFO:Timing:3412 - To improve timing, see the Timing Closure User Guide (UG612).
INFO:Timing:2752 - To get complete path coverage, use the unconstrained paths 
   option. All paths that are not constrained will be reported in the 
   unconstrained paths section(s) of the report.
INFO:Timing:3339 - The clock-to-out numbers in this timing report are based on 
   a 50 Ohm transmission line loading model.  For the details of this model, 
   and for more information on accounting for different loading conditions, 
   please see the device datasheet.

================================================================================
Timing constraint: TS_sys_clk_pin = PERIOD TIMEGRP "sys_clk_pin" 100 MHz HIGH 
50%;
For more information, see Period Analysis in the Timing Closure User Guide (UG612).

 52 paths analyzed, 27 endpoints analyzed, 0 failing endpoints
 0 timing errors detected. (0 setup errors, 0 hold errors, 0 component switching limit errors)
 Minimum period is   3.797ns.
--------------------------------------------------------------------------------
Slack:                  6.203ns (requirement - (data path - clock path skew + uncertainty))
  Source:               df/count_0 (FF)
  Destination:          df/clkout_1 (FF)
  Requirement:          10.000ns
  Data Path Delay:      3.618ns (Levels of Logic = 1)
  Clock Path Skew:      -0.144ns (1.574 - 1.718)
  Source Clock:         clk_BUFGP rising at 0.000ns
  Destination Clock:    clk_BUFGP rising at 10.000ns
  Clock Uncertainty:    0.035ns

  Clock Uncertainty:          0.035ns  ((TSJ^2 + TIJ^2)^1/2 + DJ) / 2 + PE
    Total System Jitter (TSJ):  0.070ns
    Total Input Jitter (TIJ):   0.000ns
    Discrete Jitter (DJ):       0.000ns
    Phase Error (PE):           0.000ns

  Maximum Data Path at Slow Process Corner: df/count_0 to df/clkout_1
    Location             Delay type         Delay(ns)  Physical Resource
                                                       Logical Resource(s)
    -------------------------------------------------  -------------------
    SLICE_X88Y70.AQ      Tcko                  0.518   df/count<3>
                                                       df/count_0
    SLICE_X89Y70.D1      net (fanout=4)        0.704   df/count<0>
    SLICE_X89Y70.D       Tilo                  0.124   df/clkout
                                                       df/clkout_rstpot
    OLOGIC_X1Y100.D1     net (fanout=1)        1.438   df/clkout_rstpot
    OLOGIC_X1Y100.CLK    Todck                 0.834   df/clkout_1
                                                       df/clkout_1
    -------------------------------------------------  ---------------------------
    Total                                      3.618ns (1.476ns logic, 2.142ns route)
                                                       (40.8% logic, 59.2% route)

--------------------------------------------------------------------------------
Slack:                  6.289ns (requirement - (data path - clock path skew + uncertainty))
  Source:               df/count_4 (FF)
  Destination:          df/clkout_1 (FF)
  Requirement:          10.000ns
  Data Path Delay:      3.532ns (Levels of Logic = 1)
  Clock Path Skew:      -0.144ns (1.574 - 1.718)
  Source Clock:         clk_BUFGP rising at 0.000ns
  Destination Clock:    clk_BUFGP rising at 10.000ns
  Clock Uncertainty:    0.035ns

  Clock Uncertainty:          0.035ns  ((TSJ^2 + TIJ^2)^1/2 + DJ) / 2 + PE
    Total System Jitter (TSJ):  0.070ns
    Total Input Jitter (TIJ):   0.000ns
    Discrete Jitter (DJ):       0.000ns
    Phase Error (PE):           0.000ns

  Maximum Data Path at Slow Process Corner: df/count_4 to df/clkout_1
    Location             Delay type         Delay(ns)  Physical Resource
                                                       Logical Resource(s)
    -------------------------------------------------  -------------------
    SLICE_X89Y70.CQ      Tcko                  0.456   df/clkout
                                                       df/count_4
    SLICE_X89Y70.D2      net (fanout=4)        0.680   df/count<4>
    SLICE_X89Y70.D       Tilo                  0.124   df/clkout
                                                       df/clkout_rstpot
    OLOGIC_X1Y100.D1     net (fanout=1)        1.438   df/clkout_rstpot
    OLOGIC_X1Y100.CLK    Todck                 0.834   df/clkout_1
                                                       df/clkout_1
    -------------------------------------------------  ---------------------------
    Total                                      3.532ns (1.414ns logic, 2.118ns route)
                                                       (40.0% logic, 60.0% route)

--------------------------------------------------------------------------------
Slack:                  6.440ns (requirement - (data path - clock path skew + uncertainty))
  Source:               df/count_2 (FF)
  Destination:          df/clkout_1 (FF)
  Requirement:          10.000ns
  Data Path Delay:      3.381ns (Levels of Logic = 1)
  Clock Path Skew:      -0.144ns (1.574 - 1.718)
  Source Clock:         clk_BUFGP rising at 0.000ns
  Destination Clock:    clk_BUFGP rising at 10.000ns
  Clock Uncertainty:    0.035ns

  Clock Uncertainty:          0.035ns  ((TSJ^2 + TIJ^2)^1/2 + DJ) / 2 + PE
    Total System Jitter (TSJ):  0.070ns
    Total Input Jitter (TIJ):   0.000ns
    Discrete Jitter (DJ):       0.000ns
    Phase Error (PE):           0.000ns

  Maximum Data Path at Slow Process Corner: df/count_2 to df/clkout_1
    Location             Delay type         Delay(ns)  Physical Resource
                                                       Logical Resource(s)
    -------------------------------------------------  -------------------
    SLICE_X88Y70.CQ      Tcko                  0.518   df/count<3>
                                                       df/count_2
    SLICE_X89Y70.D4      net (fanout=4)        0.467   df/count<2>
    SLICE_X89Y70.D       Tilo                  0.124   df/clkout
                                                       df/clkout_rstpot
    OLOGIC_X1Y100.D1     net (fanout=1)        1.438   df/clkout_rstpot
    OLOGIC_X1Y100.CLK    Todck                 0.834   df/clkout_1
                                                       df/clkout_1
    -------------------------------------------------  ---------------------------
    Total                                      3.381ns (1.476ns logic, 1.905ns route)
                                                       (43.7% logic, 56.3% route)

--------------------------------------------------------------------------------
Slack:                  6.460ns (requirement - (data path - clock path skew + uncertainty))
  Source:               df/clkout (FF)
  Destination:          df/clkout_1 (FF)
  Requirement:          10.000ns
  Data Path Delay:      3.361ns (Levels of Logic = 1)
  Clock Path Skew:      -0.144ns (1.574 - 1.718)
  Source Clock:         clk_BUFGP rising at 0.000ns
  Destination Clock:    clk_BUFGP rising at 10.000ns
  Clock Uncertainty:    0.035ns

  Clock Uncertainty:          0.035ns  ((TSJ^2 + TIJ^2)^1/2 + DJ) / 2 + PE
    Total System Jitter (TSJ):  0.070ns
    Total Input Jitter (TIJ):   0.000ns
    Discrete Jitter (DJ):       0.000ns
    Phase Error (PE):           0.000ns

  Maximum Data Path at Slow Process Corner: df/clkout to df/clkout_1
    Location             Delay type         Delay(ns)  Physical Resource
                                                       Logical Resource(s)
    -------------------------------------------------  -------------------
    SLICE_X89Y70.DQ      Tcko                  0.456   df/clkout
                                                       df/clkout
    SLICE_X89Y70.D3      net (fanout=4)        0.509   df/clkout
    SLICE_X89Y70.D       Tilo                  0.124   df/clkout
                                                       df/clkout_rstpot
    OLOGIC_X1Y100.D1     net (fanout=1)        1.438   df/clkout_rstpot
    OLOGIC_X1Y100.CLK    Todck                 0.834   df/clkout_1
                                                       df/clkout_1
    -------------------------------------------------  ---------------------------
    Total                                      3.361ns (1.414ns logic, 1.947ns route)
                                                       (42.1% logic, 57.9% route)

--------------------------------------------------------------------------------
Slack:                  6.611ns (requirement - (data path - clock path skew + uncertainty))
  Source:               df/count_3 (FF)
  Destination:          df/clkout_1 (FF)
  Requirement:          10.000ns
  Data Path Delay:      3.210ns (Levels of Logic = 1)
  Clock Path Skew:      -0.144ns (1.574 - 1.718)
  Source Clock:         clk_BUFGP rising at 0.000ns
  Destination Clock:    clk_BUFGP rising at 10.000ns
  Clock Uncertainty:    0.035ns

  Clock Uncertainty:          0.035ns  ((TSJ^2 + TIJ^2)^1/2 + DJ) / 2 + PE
    Total System Jitter (TSJ):  0.070ns
    Total Input Jitter (TIJ):   0.000ns
    Discrete Jitter (DJ):       0.000ns
    Phase Error (PE):           0.000ns

  Maximum Data Path at Slow Process Corner: df/count_3 to df/clkout_1
    Location             Delay type         Delay(ns)  Physical Resource
                                                       Logical Resource(s)
    -------------------------------------------------  -------------------
    SLICE_X88Y70.DQ      Tcko                  0.518   df/count<3>
                                                       df/count_3
    SLICE_X89Y70.D5      net (fanout=4)        0.296   df/count<3>
    SLICE_X89Y70.D       Tilo                  0.124   df/clkout
                                                       df/clkout_rstpot
    OLOGIC_X1Y100.D1     net (fanout=1)        1.438   df/clkout_rstpot
    OLOGIC_X1Y100.CLK    Todck                 0.834   df/clkout_1
                                                       df/clkout_1
    -------------------------------------------------  ---------------------------
    Total                                      3.210ns (1.476ns logic, 1.734ns route)
                                                       (46.0% logic, 54.0% route)

--------------------------------------------------------------------------------
Slack:                  6.720ns (requirement - (data path - clock path skew + uncertainty))
  Source:               df/count_1 (FF)
  Destination:          df/clkout_1 (FF)
  Requirement:          10.000ns
  Data Path Delay:      3.101ns (Levels of Logic = 1)
  Clock Path Skew:      -0.144ns (1.574 - 1.718)
  Source Clock:         clk_BUFGP rising at 0.000ns
  Destination Clock:    clk_BUFGP rising at 10.000ns
  Clock Uncertainty:    0.035ns

  Clock Uncertainty:          0.035ns  ((TSJ^2 + TIJ^2)^1/2 + DJ) / 2 + PE
    Total System Jitter (TSJ):  0.070ns
    Total Input Jitter (TIJ):   0.000ns
    Discrete Jitter (DJ):       0.000ns
    Phase Error (PE):           0.000ns

  Maximum Data Path at Slow Process Corner: df/count_1 to df/clkout_1
    Location             Delay type         Delay(ns)  Physical Resource
                                                       Logical Resource(s)
    -------------------------------------------------  -------------------
    SLICE_X88Y70.BQ      Tcko                  0.518   df/count<3>
                                                       df/count_1
    SLICE_X89Y70.D6      net (fanout=4)        0.187   df/count<1>
    SLICE_X89Y70.D       Tilo                  0.124   df/clkout
                                                       df/clkout_rstpot
    OLOGIC_X1Y100.D1     net (fanout=1)        1.438   df/clkout_rstpot
    OLOGIC_X1Y100.CLK    Todck                 0.834   df/clkout_1
                                                       df/clkout_1
    -------------------------------------------------  ---------------------------
    Total                                      3.101ns (1.476ns logic, 1.625ns route)
                                                       (47.6% logic, 52.4% route)

--------------------------------------------------------------------------------
Slack:                  6.945ns (requirement - (data path - clock path skew + uncertainty))
  Source:               df/count_1 (FF)
  Destination:          df/count_4 (FF)
  Requirement:          10.000ns
  Data Path Delay:      2.998ns (Levels of Logic = 3)
  Clock Path Skew:      -0.022ns (0.153 - 0.175)
  Source Clock:         clk_BUFGP rising at 0.000ns
  Destination Clock:    clk_BUFGP rising at 10.000ns
  Clock Uncertainty:    0.035ns

  Clock Uncertainty:          0.035ns  ((TSJ^2 + TIJ^2)^1/2 + DJ) / 2 + PE
    Total System Jitter (TSJ):  0.070ns
    Total Input Jitter (TIJ):   0.000ns
    Discrete Jitter (DJ):       0.000ns
    Phase Error (PE):           0.000ns

  Maximum Data Path at Slow Process Corner: df/count_1 to df/count_4
    Location             Delay type         Delay(ns)  Physical Resource
                                                       Logical Resource(s)
    -------------------------------------------------  -------------------
    SLICE_X88Y70.BQ      Tcko                  0.518   df/count<3>
                                                       df/count_1
    SLICE_X88Y70.B2      net (fanout=4)        0.686   df/count<1>
    SLICE_X88Y70.COUT    Topcyb                0.657   df/count<3>
                                                       df/Mcount_count_lut<1>_INV_0
                                                       df/Mcount_count_cy<3>
    SLICE_X88Y71.CIN     net (fanout=1)        0.000   df/Mcount_count_cy<3>
    SLICE_X88Y71.AMUX    Tcina                 0.390   Result<4>1
                                                       df/Mcount_count_xor<4>
    SLICE_X89Y70.C3      net (fanout=1)        0.654   Result<4>1
    SLICE_X89Y70.CLK     Tas                   0.093   df/clkout
                                                       df/Mcount_count_eqn_41
                                                       df/count_4
    -------------------------------------------------  ---------------------------
    Total                                      2.998ns (1.658ns logic, 1.340ns route)
                                                       (55.3% logic, 44.7% route)

--------------------------------------------------------------------------------
Slack:                  7.095ns (requirement - (data path - clock path skew + uncertainty))
  Source:               df/count_2 (FF)
  Destination:          df/count_4 (FF)
  Requirement:          10.000ns
  Data Path Delay:      2.848ns (Levels of Logic = 3)
  Clock Path Skew:      -0.022ns (0.153 - 0.175)
  Source Clock:         clk_BUFGP rising at 0.000ns
  Destination Clock:    clk_BUFGP rising at 10.000ns
  Clock Uncertainty:    0.035ns

  Clock Uncertainty:          0.035ns  ((TSJ^2 + TIJ^2)^1/2 + DJ) / 2 + PE
    Total System Jitter (TSJ):  0.070ns
    Total Input Jitter (TIJ):   0.000ns
    Discrete Jitter (DJ):       0.000ns
    Phase Error (PE):           0.000ns

  Maximum Data Path at Slow Process Corner: df/count_2 to df/count_4
    Location             Delay type         Delay(ns)  Physical Resource
                                                       Logical Resource(s)
    -------------------------------------------------  -------------------
    SLICE_X88Y70.CQ      Tcko                  0.518   df/count<3>
                                                       df/count_2
    SLICE_X88Y70.C2      net (fanout=4)        0.689   df/count<2>
    SLICE_X88Y70.COUT    Topcyc                0.504   df/count<3>
                                                       df/Mcount_count_lut<2>_INV_0
                                                       df/Mcount_count_cy<3>
    SLICE_X88Y71.CIN     net (fanout=1)        0.000   df/Mcount_count_cy<3>
    SLICE_X88Y71.AMUX    Tcina                 0.390   Result<4>1
                                                       df/Mcount_count_xor<4>
    SLICE_X89Y70.C3      net (fanout=1)        0.654   Result<4>1
    SLICE_X89Y70.CLK     Tas                   0.093   df/clkout
                                                       df/Mcount_count_eqn_41
                                                       df/count_4
    -------------------------------------------------  ---------------------------
    Total                                      2.848ns (1.505ns logic, 1.343ns route)
                                                       (52.8% logic, 47.2% route)

--------------------------------------------------------------------------------
Slack:                  7.097ns (requirement - (data path - clock path skew + uncertainty))
  Source:               df/count_0 (FF)
  Destination:          df/count_4 (FF)
  Requirement:          10.000ns
  Data Path Delay:      2.846ns (Levels of Logic = 3)
  Clock Path Skew:      -0.022ns (0.153 - 0.175)
  Source Clock:         clk_BUFGP rising at 0.000ns
  Destination Clock:    clk_BUFGP rising at 10.000ns
  Clock Uncertainty:    0.035ns

  Clock Uncertainty:          0.035ns  ((TSJ^2 + TIJ^2)^1/2 + DJ) / 2 + PE
    Total System Jitter (TSJ):  0.070ns
    Total Input Jitter (TIJ):   0.000ns
    Discrete Jitter (DJ):       0.000ns
    Phase Error (PE):           0.000ns

  Maximum Data Path at Slow Process Corner: df/count_0 to df/count_4
    Location             Delay type         Delay(ns)  Physical Resource
                                                       Logical Resource(s)
    -------------------------------------------------  -------------------
    SLICE_X88Y70.AQ      Tcko                  0.518   df/count<3>
                                                       df/count_0
    SLICE_X88Y70.A3      net (fanout=4)        0.554   df/count<0>
    SLICE_X88Y70.COUT    Topcya                0.637   df/count<3>
                                                       df/count<0>_rt
                                                       df/Mcount_count_cy<3>
    SLICE_X88Y71.CIN     net (fanout=1)        0.000   df/Mcount_count_cy<3>
    SLICE_X88Y71.AMUX    Tcina                 0.390   Result<4>1
                                                       df/Mcount_count_xor<4>
    SLICE_X89Y70.C3      net (fanout=1)        0.654   Result<4>1
    SLICE_X89Y70.CLK     Tas                   0.093   df/clkout
                                                       df/Mcount_count_eqn_41
                                                       df/count_4
    -------------------------------------------------  ---------------------------
    Total                                      2.846ns (1.638ns logic, 1.208ns route)
                                                       (57.6% logic, 42.4% route)

--------------------------------------------------------------------------------
Slack:                  7.228ns (requirement - (data path - clock path skew + uncertainty))
  Source:               df/count_3 (FF)
  Destination:          df/count_4 (FF)
  Requirement:          10.000ns
  Data Path Delay:      2.715ns (Levels of Logic = 3)
  Clock Path Skew:      -0.022ns (0.153 - 0.175)
  Source Clock:         clk_BUFGP rising at 0.000ns
  Destination Clock:    clk_BUFGP rising at 10.000ns
  Clock Uncertainty:    0.035ns

  Clock Uncertainty:          0.035ns  ((TSJ^2 + TIJ^2)^1/2 + DJ) / 2 + PE
    Total System Jitter (TSJ):  0.070ns
    Total Input Jitter (TIJ):   0.000ns
    Discrete Jitter (DJ):       0.000ns
    Phase Error (PE):           0.000ns

  Maximum Data Path at Slow Process Corner: df/count_3 to df/count_4
    Location             Delay type         Delay(ns)  Physical Resource
                                                       Logical Resource(s)
    -------------------------------------------------  -------------------
    SLICE_X88Y70.DQ      Tcko                  0.518   df/count<3>
                                                       df/count_3
    SLICE_X88Y70.D3      net (fanout=4)        0.560   df/count<3>
    SLICE_X88Y70.COUT    Topcyd                0.500   df/count<3>
                                                       df/Mcount_count_lut<3>_INV_0
                                                       df/Mcount_count_cy<3>
    SLICE_X88Y71.CIN     net (fanout=1)        0.000   df/Mcount_count_cy<3>
    SLICE_X88Y71.AMUX    Tcina                 0.390   Result<4>1
                                                       df/Mcount_count_xor<4>
    SLICE_X89Y70.C3      net (fanout=1)        0.654   Result<4>1
    SLICE_X89Y70.CLK     Tas                   0.093   df/clkout
                                                       df/Mcount_count_eqn_41
                                                       df/count_4
    -------------------------------------------------  ---------------------------
    Total                                      2.715ns (1.501ns logic, 1.214ns route)
                                                       (55.3% logic, 44.7% route)

--------------------------------------------------------------------------------
Slack:                  7.392ns (requirement - (data path - clock path skew + uncertainty))
  Source:               df/count_0 (FF)
  Destination:          df/count_0 (FF)
  Requirement:          10.000ns
  Data Path Delay:      2.573ns (Levels of Logic = 1)
  Clock Path Skew:      0.000ns
  Source Clock:         clk_BUFGP rising at 0.000ns
  Destination Clock:    clk_BUFGP rising at 10.000ns
  Clock Uncertainty:    0.035ns

  Clock Uncertainty:          0.035ns  ((TSJ^2 + TIJ^2)^1/2 + DJ) / 2 + PE
    Total System Jitter (TSJ):  0.070ns
    Total Input Jitter (TIJ):   0.000ns
    Discrete Jitter (DJ):       0.000ns
    Phase Error (PE):           0.000ns

  Maximum Data Path at Slow Process Corner: df/count_0 to df/count_0
    Location             Delay type         Delay(ns)  Physical Resource
                                                       Logical Resource(s)
    -------------------------------------------------  -------------------
    SLICE_X88Y70.AQ      Tcko                  0.518   df/count<3>
                                                       df/count_0
    SLICE_X89Y70.A2      net (fanout=4)        0.879   df/count<0>
    SLICE_X89Y70.A       Tilo                  0.124   df/clkout
                                                       df/count[31]_GND_5_o_equal_2_o_01
    SLICE_X88Y70.SR      net (fanout=1)        0.528   df/count[31]_GND_5_o_equal_2_o_0
    SLICE_X88Y70.CLK     Tsrck                 0.524   df/count<3>
                                                       df/count_0
    -------------------------------------------------  ---------------------------
    Total                                      2.573ns (1.166ns logic, 1.407ns route)
                                                       (45.3% logic, 54.7% route)

--------------------------------------------------------------------------------
Slack:                  7.392ns (requirement - (data path - clock path skew + uncertainty))
  Source:               df/count_0 (FF)
  Destination:          df/count_3 (FF)
  Requirement:          10.000ns
  Data Path Delay:      2.573ns (Levels of Logic = 1)
  Clock Path Skew:      0.000ns
  Source Clock:         clk_BUFGP rising at 0.000ns
  Destination Clock:    clk_BUFGP rising at 10.000ns
  Clock Uncertainty:    0.035ns

  Clock Uncertainty:          0.035ns  ((TSJ^2 + TIJ^2)^1/2 + DJ) / 2 + PE
    Total System Jitter (TSJ):  0.070ns
    Total Input Jitter (TIJ):   0.000ns
    Discrete Jitter (DJ):       0.000ns
    Phase Error (PE):           0.000ns

  Maximum Data Path at Slow Process Corner: df/count_0 to df/count_3
    Location             Delay type         Delay(ns)  Physical Resource
                                                       Logical Resource(s)
    -------------------------------------------------  -------------------
    SLICE_X88Y70.AQ      Tcko                  0.518   df/count<3>
                                                       df/count_0
    SLICE_X89Y70.A2      net (fanout=4)        0.879   df/count<0>
    SLICE_X89Y70.A       Tilo                  0.124   df/clkout
                                                       df/count[31]_GND_5_o_equal_2_o_01
    SLICE_X88Y70.SR      net (fanout=1)        0.528   df/count[31]_GND_5_o_equal_2_o_0
    SLICE_X88Y70.CLK     Tsrck                 0.524   df/count<3>
                                                       df/count_3
    -------------------------------------------------  ---------------------------
    Total                                      2.573ns (1.166ns logic, 1.407ns route)
                                                       (45.3% logic, 54.7% route)

--------------------------------------------------------------------------------
Slack:                  7.392ns (requirement - (data path - clock path skew + uncertainty))
  Source:               df/count_0 (FF)
  Destination:          df/count_1 (FF)
  Requirement:          10.000ns
  Data Path Delay:      2.573ns (Levels of Logic = 1)
  Clock Path Skew:      0.000ns
  Source Clock:         clk_BUFGP rising at 0.000ns
  Destination Clock:    clk_BUFGP rising at 10.000ns
  Clock Uncertainty:    0.035ns

  Clock Uncertainty:          0.035ns  ((TSJ^2 + TIJ^2)^1/2 + DJ) / 2 + PE
    Total System Jitter (TSJ):  0.070ns
    Total Input Jitter (TIJ):   0.000ns
    Discrete Jitter (DJ):       0.000ns
    Phase Error (PE):           0.000ns

  Maximum Data Path at Slow Process Corner: df/count_0 to df/count_1
    Location             Delay type         Delay(ns)  Physical Resource
                                                       Logical Resource(s)
    -------------------------------------------------  -------------------
    SLICE_X88Y70.AQ      Tcko                  0.518   df/count<3>
                                                       df/count_0
    SLICE_X89Y70.A2      net (fanout=4)        0.879   df/count<0>
    SLICE_X89Y70.A       Tilo                  0.124   df/clkout
                                                       df/count[31]_GND_5_o_equal_2_o_01
    SLICE_X88Y70.SR      net (fanout=1)        0.528   df/count[31]_GND_5_o_equal_2_o_0
    SLICE_X88Y70.CLK     Tsrck                 0.524   df/count<3>
                                                       df/count_1
    -------------------------------------------------  ---------------------------
    Total                                      2.573ns (1.166ns logic, 1.407ns route)
                                                       (45.3% logic, 54.7% route)

--------------------------------------------------------------------------------
Slack:                  7.392ns (requirement - (data path - clock path skew + uncertainty))
  Source:               df/count_0 (FF)
  Destination:          df/count_2 (FF)
  Requirement:          10.000ns
  Data Path Delay:      2.573ns (Levels of Logic = 1)
  Clock Path Skew:      0.000ns
  Source Clock:         clk_BUFGP rising at 0.000ns
  Destination Clock:    clk_BUFGP rising at 10.000ns
  Clock Uncertainty:    0.035ns

  Clock Uncertainty:          0.035ns  ((TSJ^2 + TIJ^2)^1/2 + DJ) / 2 + PE
    Total System Jitter (TSJ):  0.070ns
    Total Input Jitter (TIJ):   0.000ns
    Discrete Jitter (DJ):       0.000ns
    Phase Error (PE):           0.000ns

  Maximum Data Path at Slow Process Corner: df/count_0 to df/count_2
    Location             Delay type         Delay(ns)  Physical Resource
                                                       Logical Resource(s)
    -------------------------------------------------  -------------------
    SLICE_X88Y70.AQ      Tcko                  0.518   df/count<3>
                                                       df/count_0
    SLICE_X89Y70.A2      net (fanout=4)        0.879   df/count<0>
    SLICE_X89Y70.A       Tilo                  0.124   df/clkout
                                                       df/count[31]_GND_5_o_equal_2_o_01
    SLICE_X88Y70.SR      net (fanout=1)        0.528   df/count[31]_GND_5_o_equal_2_o_0
    SLICE_X88Y70.CLK     Tsrck                 0.524   df/count<3>
                                                       df/count_2
    -------------------------------------------------  ---------------------------
    Total                                      2.573ns (1.166ns logic, 1.407ns route)
                                                       (45.3% logic, 54.7% route)

--------------------------------------------------------------------------------
Slack:                  7.423ns (requirement - (data path - clock path skew + uncertainty))
  Source:               df/count_4 (FF)
  Destination:          df/count_3 (FF)
  Requirement:          10.000ns
  Data Path Delay:      2.520ns (Levels of Logic = 1)
  Clock Path Skew:      -0.022ns (0.153 - 0.175)
  Source Clock:         clk_BUFGP rising at 0.000ns
  Destination Clock:    clk_BUFGP rising at 10.000ns
  Clock Uncertainty:    0.035ns

  Clock Uncertainty:          0.035ns  ((TSJ^2 + TIJ^2)^1/2 + DJ) / 2 + PE
    Total System Jitter (TSJ):  0.070ns
    Total Input Jitter (TIJ):   0.000ns
    Discrete Jitter (DJ):       0.000ns
    Phase Error (PE):           0.000ns

  Maximum Data Path at Slow Process Corner: df/count_4 to df/count_3
    Location             Delay type         Delay(ns)  Physical Resource
                                                       Logical Resource(s)
    -------------------------------------------------  -------------------
    SLICE_X89Y70.CQ      Tcko                  0.456   df/clkout
                                                       df/count_4
    SLICE_X89Y70.A1      net (fanout=4)        0.888   df/count<4>
    SLICE_X89Y70.A       Tilo                  0.124   df/clkout
                                                       df/count[31]_GND_5_o_equal_2_o_01
    SLICE_X88Y70.SR      net (fanout=1)        0.528   df/count[31]_GND_5_o_equal_2_o_0
    SLICE_X88Y70.CLK     Tsrck                 0.524   df/count<3>
                                                       df/count_3
    -------------------------------------------------  ---------------------------
    Total                                      2.520ns (1.104ns logic, 1.416ns route)
                                                       (43.8% logic, 56.2% route)

--------------------------------------------------------------------------------
Slack:                  7.423ns (requirement - (data path - clock path skew + uncertainty))
  Source:               df/count_4 (FF)
  Destination:          df/count_2 (FF)
  Requirement:          10.000ns
  Data Path Delay:      2.520ns (Levels of Logic = 1)
  Clock Path Skew:      -0.022ns (0.153 - 0.175)
  Source Clock:         clk_BUFGP rising at 0.000ns
  Destination Clock:    clk_BUFGP rising at 10.000ns
  Clock Uncertainty:    0.035ns

  Clock Uncertainty:          0.035ns  ((TSJ^2 + TIJ^2)^1/2 + DJ) / 2 + PE
    Total System Jitter (TSJ):  0.070ns
    Total Input Jitter (TIJ):   0.000ns
    Discrete Jitter (DJ):       0.000ns
    Phase Error (PE):           0.000ns

  Maximum Data Path at Slow Process Corner: df/count_4 to df/count_2
    Location             Delay type         Delay(ns)  Physical Resource
                                                       Logical Resource(s)
    -------------------------------------------------  -------------------
    SLICE_X89Y70.CQ      Tcko                  0.456   df/clkout
                                                       df/count_4
    SLICE_X89Y70.A1      net (fanout=4)        0.888   df/count<4>
    SLICE_X89Y70.A       Tilo                  0.124   df/clkout
                                                       df/count[31]_GND_5_o_equal_2_o_01
    SLICE_X88Y70.SR      net (fanout=1)        0.528   df/count[31]_GND_5_o_equal_2_o_0
    SLICE_X88Y70.CLK     Tsrck                 0.524   df/count<3>
                                                       df/count_2
    -------------------------------------------------  ---------------------------
    Total                                      2.520ns (1.104ns logic, 1.416ns route)
                                                       (43.8% logic, 56.2% route)

--------------------------------------------------------------------------------
Slack:                  7.423ns (requirement - (data path - clock path skew + uncertainty))
  Source:               df/count_4 (FF)
  Destination:          df/count_1 (FF)
  Requirement:          10.000ns
  Data Path Delay:      2.520ns (Levels of Logic = 1)
  Clock Path Skew:      -0.022ns (0.153 - 0.175)
  Source Clock:         clk_BUFGP rising at 0.000ns
  Destination Clock:    clk_BUFGP rising at 10.000ns
  Clock Uncertainty:    0.035ns

  Clock Uncertainty:          0.035ns  ((TSJ^2 + TIJ^2)^1/2 + DJ) / 2 + PE
    Total System Jitter (TSJ):  0.070ns
    Total Input Jitter (TIJ):   0.000ns
    Discrete Jitter (DJ):       0.000ns
    Phase Error (PE):           0.000ns

  Maximum Data Path at Slow Process Corner: df/count_4 to df/count_1
    Location             Delay type         Delay(ns)  Physical Resource
                                                       Logical Resource(s)
    -------------------------------------------------  -------------------
    SLICE_X89Y70.CQ      Tcko                  0.456   df/clkout
                                                       df/count_4
    SLICE_X89Y70.A1      net (fanout=4)        0.888   df/count<4>
    SLICE_X89Y70.A       Tilo                  0.124   df/clkout
                                                       df/count[31]_GND_5_o_equal_2_o_01
    SLICE_X88Y70.SR      net (fanout=1)        0.528   df/count[31]_GND_5_o_equal_2_o_0
    SLICE_X88Y70.CLK     Tsrck                 0.524   df/count<3>
                                                       df/count_1
    -------------------------------------------------  ---------------------------
    Total                                      2.520ns (1.104ns logic, 1.416ns route)
                                                       (43.8% logic, 56.2% route)

--------------------------------------------------------------------------------
Slack:                  7.423ns (requirement - (data path - clock path skew + uncertainty))
  Source:               df/count_4 (FF)
  Destination:          df/count_0 (FF)
  Requirement:          10.000ns
  Data Path Delay:      2.520ns (Levels of Logic = 1)
  Clock Path Skew:      -0.022ns (0.153 - 0.175)
  Source Clock:         clk_BUFGP rising at 0.000ns
  Destination Clock:    clk_BUFGP rising at 10.000ns
  Clock Uncertainty:    0.035ns

  Clock Uncertainty:          0.035ns  ((TSJ^2 + TIJ^2)^1/2 + DJ) / 2 + PE
    Total System Jitter (TSJ):  0.070ns
    Total Input Jitter (TIJ):   0.000ns
    Discrete Jitter (DJ):       0.000ns
    Phase Error (PE):           0.000ns

  Maximum Data Path at Slow Process Corner: df/count_4 to df/count_0
    Location             Delay type         Delay(ns)  Physical Resource
                                                       Logical Resource(s)
    -------------------------------------------------  -------------------
    SLICE_X89Y70.CQ      Tcko                  0.456   df/clkout
                                                       df/count_4
    SLICE_X89Y70.A1      net (fanout=4)        0.888   df/count<4>
    SLICE_X89Y70.A       Tilo                  0.124   df/clkout
                                                       df/count[31]_GND_5_o_equal_2_o_01
    SLICE_X88Y70.SR      net (fanout=1)        0.528   df/count[31]_GND_5_o_equal_2_o_0
    SLICE_X88Y70.CLK     Tsrck                 0.524   df/count<3>
                                                       df/count_0
    -------------------------------------------------  ---------------------------
    Total                                      2.520ns (1.104ns logic, 1.416ns route)
                                                       (43.8% logic, 56.2% route)

--------------------------------------------------------------------------------
Slack:                  7.595ns (requirement - (data path - clock path skew + uncertainty))
  Source:               df/count_2 (FF)
  Destination:          df/count_2 (FF)
  Requirement:          10.000ns
  Data Path Delay:      2.370ns (Levels of Logic = 1)
  Clock Path Skew:      0.000ns
  Source Clock:         clk_BUFGP rising at 0.000ns
  Destination Clock:    clk_BUFGP rising at 10.000ns
  Clock Uncertainty:    0.035ns

  Clock Uncertainty:          0.035ns  ((TSJ^2 + TIJ^2)^1/2 + DJ) / 2 + PE
    Total System Jitter (TSJ):  0.070ns
    Total Input Jitter (TIJ):   0.000ns
    Discrete Jitter (DJ):       0.000ns
    Phase Error (PE):           0.000ns

  Maximum Data Path at Slow Process Corner: df/count_2 to df/count_2
    Location             Delay type         Delay(ns)  Physical Resource
                                                       Logical Resource(s)
    -------------------------------------------------  -------------------
    SLICE_X88Y70.CQ      Tcko                  0.518   df/count<3>
                                                       df/count_2
    SLICE_X89Y70.A3      net (fanout=4)        0.676   df/count<2>
    SLICE_X89Y70.A       Tilo                  0.124   df/clkout
                                                       df/count[31]_GND_5_o_equal_2_o_01
    SLICE_X88Y70.SR      net (fanout=1)        0.528   df/count[31]_GND_5_o_equal_2_o_0
    SLICE_X88Y70.CLK     Tsrck                 0.524   df/count<3>
                                                       df/count_2
    -------------------------------------------------  ---------------------------
    Total                                      2.370ns (1.166ns logic, 1.204ns route)
                                                       (49.2% logic, 50.8% route)

--------------------------------------------------------------------------------
Slack:                  7.595ns (requirement - (data path - clock path skew + uncertainty))
  Source:               df/count_2 (FF)
  Destination:          df/count_3 (FF)
  Requirement:          10.000ns
  Data Path Delay:      2.370ns (Levels of Logic = 1)
  Clock Path Skew:      0.000ns
  Source Clock:         clk_BUFGP rising at 0.000ns
  Destination Clock:    clk_BUFGP rising at 10.000ns
  Clock Uncertainty:    0.035ns

  Clock Uncertainty:          0.035ns  ((TSJ^2 + TIJ^2)^1/2 + DJ) / 2 + PE
    Total System Jitter (TSJ):  0.070ns
    Total Input Jitter (TIJ):   0.000ns
    Discrete Jitter (DJ):       0.000ns
    Phase Error (PE):           0.000ns

  Maximum Data Path at Slow Process Corner: df/count_2 to df/count_3
    Location             Delay type         Delay(ns)  Physical Resource
                                                       Logical Resource(s)
    -------------------------------------------------  -------------------
    SLICE_X88Y70.CQ      Tcko                  0.518   df/count<3>
                                                       df/count_2
    SLICE_X89Y70.A3      net (fanout=4)        0.676   df/count<2>
    SLICE_X89Y70.A       Tilo                  0.124   df/clkout
                                                       df/count[31]_GND_5_o_equal_2_o_01
    SLICE_X88Y70.SR      net (fanout=1)        0.528   df/count[31]_GND_5_o_equal_2_o_0
    SLICE_X88Y70.CLK     Tsrck                 0.524   df/count<3>
                                                       df/count_3
    -------------------------------------------------  ---------------------------
    Total                                      2.370ns (1.166ns logic, 1.204ns route)
                                                       (49.2% logic, 50.8% route)

--------------------------------------------------------------------------------
Slack:                  7.595ns (requirement - (data path - clock path skew + uncertainty))
  Source:               df/count_2 (FF)
  Destination:          df/count_0 (FF)
  Requirement:          10.000ns
  Data Path Delay:      2.370ns (Levels of Logic = 1)
  Clock Path Skew:      0.000ns
  Source Clock:         clk_BUFGP rising at 0.000ns
  Destination Clock:    clk_BUFGP rising at 10.000ns
  Clock Uncertainty:    0.035ns

  Clock Uncertainty:          0.035ns  ((TSJ^2 + TIJ^2)^1/2 + DJ) / 2 + PE
    Total System Jitter (TSJ):  0.070ns
    Total Input Jitter (TIJ):   0.000ns
    Discrete Jitter (DJ):       0.000ns
    Phase Error (PE):           0.000ns

  Maximum Data Path at Slow Process Corner: df/count_2 to df/count_0
    Location             Delay type         Delay(ns)  Physical Resource
                                                       Logical Resource(s)
    -------------------------------------------------  -------------------
    SLICE_X88Y70.CQ      Tcko                  0.518   df/count<3>
                                                       df/count_2
    SLICE_X89Y70.A3      net (fanout=4)        0.676   df/count<2>
    SLICE_X89Y70.A       Tilo                  0.124   df/clkout
                                                       df/count[31]_GND_5_o_equal_2_o_01
    SLICE_X88Y70.SR      net (fanout=1)        0.528   df/count[31]_GND_5_o_equal_2_o_0
    SLICE_X88Y70.CLK     Tsrck                 0.524   df/count<3>
                                                       df/count_0
    -------------------------------------------------  ---------------------------
    Total                                      2.370ns (1.166ns logic, 1.204ns route)
                                                       (49.2% logic, 50.8% route)

--------------------------------------------------------------------------------
Slack:                  7.595ns (requirement - (data path - clock path skew + uncertainty))
  Source:               df/count_2 (FF)
  Destination:          df/count_1 (FF)
  Requirement:          10.000ns
  Data Path Delay:      2.370ns (Levels of Logic = 1)
  Clock Path Skew:      0.000ns
  Source Clock:         clk_BUFGP rising at 0.000ns
  Destination Clock:    clk_BUFGP rising at 10.000ns
  Clock Uncertainty:    0.035ns

  Clock Uncertainty:          0.035ns  ((TSJ^2 + TIJ^2)^1/2 + DJ) / 2 + PE
    Total System Jitter (TSJ):  0.070ns
    Total Input Jitter (TIJ):   0.000ns
    Discrete Jitter (DJ):       0.000ns
    Phase Error (PE):           0.000ns

  Maximum Data Path at Slow Process Corner: df/count_2 to df/count_1
    Location             Delay type         Delay(ns)  Physical Resource
                                                       Logical Resource(s)
    -------------------------------------------------  -------------------
    SLICE_X88Y70.CQ      Tcko                  0.518   df/count<3>
                                                       df/count_2
    SLICE_X89Y70.A3      net (fanout=4)        0.676   df/count<2>
    SLICE_X89Y70.A       Tilo                  0.124   df/clkout
                                                       df/count[31]_GND_5_o_equal_2_o_01
    SLICE_X88Y70.SR      net (fanout=1)        0.528   df/count[31]_GND_5_o_equal_2_o_0
    SLICE_X88Y70.CLK     Tsrck                 0.524   df/count<3>
                                                       df/count_1
    -------------------------------------------------  ---------------------------
    Total                                      2.370ns (1.166ns logic, 1.204ns route)
                                                       (49.2% logic, 50.8% route)

--------------------------------------------------------------------------------
Slack:                  7.717ns (requirement - (data path - clock path skew + uncertainty))
  Source:               df/count_4 (FF)
  Destination:          df/count_4 (FF)
  Requirement:          10.000ns
  Data Path Delay:      2.248ns (Levels of Logic = 2)
  Clock Path Skew:      0.000ns
  Source Clock:         clk_BUFGP rising at 0.000ns
  Destination Clock:    clk_BUFGP rising at 10.000ns
  Clock Uncertainty:    0.035ns

  Clock Uncertainty:          0.035ns  ((TSJ^2 + TIJ^2)^1/2 + DJ) / 2 + PE
    Total System Jitter (TSJ):  0.070ns
    Total Input Jitter (TIJ):   0.000ns
    Discrete Jitter (DJ):       0.000ns
    Phase Error (PE):           0.000ns

  Maximum Data Path at Slow Process Corner: df/count_4 to df/count_4
    Location             Delay type         Delay(ns)  Physical Resource
                                                       Logical Resource(s)
    -------------------------------------------------  -------------------
    SLICE_X89Y70.CQ      Tcko                  0.456   df/clkout
                                                       df/count_4
    SLICE_X88Y71.A5      net (fanout=4)        0.498   df/count<4>
    SLICE_X88Y71.AMUX    Topaa                 0.547   Result<4>1
                                                       df/Mcount_count_lut<4>_INV_0
                                                       df/Mcount_count_xor<4>
    SLICE_X89Y70.C3      net (fanout=1)        0.654   Result<4>1
    SLICE_X89Y70.CLK     Tas                   0.093   df/clkout
                                                       df/Mcount_count_eqn_41
                                                       df/count_4
    -------------------------------------------------  ---------------------------
    Total                                      2.248ns (1.096ns logic, 1.152ns route)
                                                       (48.8% logic, 51.2% route)

--------------------------------------------------------------------------------
Slack:                  7.805ns (requirement - (data path - clock path skew + uncertainty))
  Source:               df/count_1 (FF)
  Destination:          df/count_0 (FF)
  Requirement:          10.000ns
  Data Path Delay:      2.160ns (Levels of Logic = 1)
  Clock Path Skew:      0.000ns
  Source Clock:         clk_BUFGP rising at 0.000ns
  Destination Clock:    clk_BUFGP rising at 10.000ns
  Clock Uncertainty:    0.035ns

  Clock Uncertainty:          0.035ns  ((TSJ^2 + TIJ^2)^1/2 + DJ) / 2 + PE
    Total System Jitter (TSJ):  0.070ns
    Total Input Jitter (TIJ):   0.000ns
    Discrete Jitter (DJ):       0.000ns
    Phase Error (PE):           0.000ns

  Maximum Data Path at Slow Process Corner: df/count_1 to df/count_0
    Location             Delay type         Delay(ns)  Physical Resource
                                                       Logical Resource(s)
    -------------------------------------------------  -------------------
    SLICE_X88Y70.BQ      Tcko                  0.518   df/count<3>
                                                       df/count_1
    SLICE_X89Y70.A4      net (fanout=4)        0.466   df/count<1>
    SLICE_X89Y70.A       Tilo                  0.124   df/clkout
                                                       df/count[31]_GND_5_o_equal_2_o_01
    SLICE_X88Y70.SR      net (fanout=1)        0.528   df/count[31]_GND_5_o_equal_2_o_0
    SLICE_X88Y70.CLK     Tsrck                 0.524   df/count<3>
                                                       df/count_0
    -------------------------------------------------  ---------------------------
    Total                                      2.160ns (1.166ns logic, 0.994ns route)
                                                       (54.0% logic, 46.0% route)

--------------------------------------------------------------------------------
Slack:                  7.805ns (requirement - (data path - clock path skew + uncertainty))
  Source:               df/count_1 (FF)
  Destination:          df/count_3 (FF)
  Requirement:          10.000ns
  Data Path Delay:      2.160ns (Levels of Logic = 1)
  Clock Path Skew:      0.000ns
  Source Clock:         clk_BUFGP rising at 0.000ns
  Destination Clock:    clk_BUFGP rising at 10.000ns
  Clock Uncertainty:    0.035ns

  Clock Uncertainty:          0.035ns  ((TSJ^2 + TIJ^2)^1/2 + DJ) / 2 + PE
    Total System Jitter (TSJ):  0.070ns
    Total Input Jitter (TIJ):   0.000ns
    Discrete Jitter (DJ):       0.000ns
    Phase Error (PE):           0.000ns

  Maximum Data Path at Slow Process Corner: df/count_1 to df/count_3
    Location             Delay type         Delay(ns)  Physical Resource
                                                       Logical Resource(s)
    -------------------------------------------------  -------------------
    SLICE_X88Y70.BQ      Tcko                  0.518   df/count<3>
                                                       df/count_1
    SLICE_X89Y70.A4      net (fanout=4)        0.466   df/count<1>
    SLICE_X89Y70.A       Tilo                  0.124   df/clkout
                                                       df/count[31]_GND_5_o_equal_2_o_01
    SLICE_X88Y70.SR      net (fanout=1)        0.528   df/count[31]_GND_5_o_equal_2_o_0
    SLICE_X88Y70.CLK     Tsrck                 0.524   df/count<3>
                                                       df/count_3
    -------------------------------------------------  ---------------------------
    Total                                      2.160ns (1.166ns logic, 0.994ns route)
                                                       (54.0% logic, 46.0% route)

--------------------------------------------------------------------------------

Component Switching Limit Checks: TS_sys_clk_pin = PERIOD TIMEGRP "sys_clk_pin" 100 MHz HIGH 50%;
--------------------------------------------------------------------------------
Slack: 7.845ns (period - min period limit)
  Period: 10.000ns
  Min period limit: 2.155ns (464.037MHz) (Tbcper_I(Fmax))
  Physical resource: clk_BUFGP/BUFG/I0
  Logical resource: clk_BUFGP/BUFG/I0
  Location pin: BUFGCTRL_X0Y31.I0
  Clock network: clk_BUFGP/IBUFG
--------------------------------------------------------------------------------
Slack: 8.526ns (period - min period limit)
  Period: 10.000ns
  Min period limit: 1.474ns (678.426MHz) (Tockper)
  Physical resource: df/clkout_1/CLK
  Logical resource: df/clkout_1/CK
  Location pin: OLOGIC_X1Y100.CLK
  Clock network: clk_BUFGP
--------------------------------------------------------------------------------
Slack: 8.526ns (period - (min high pulse limit / (high pulse / period)))
  Period: 10.000ns
  High pulse: 5.000ns
  High pulse limit: 0.737ns (Tospwh)
  Physical resource: df/clkout_1/SR
  Logical resource: df/clkout_1/SR
  Location pin: OLOGIC_X1Y100.SR
  Clock network: reset_IBUF
--------------------------------------------------------------------------------
Slack: 8.526ns (period - min period limit)
  Period: 10.000ns
  Min period limit: 1.474ns (678.426MHz) (Tockper)
  Physical resource: df/led/CLK
  Logical resource: df/led/CK
  Location pin: OLOGIC_X1Y51.CLK
  Clock network: clk_BUFGP
--------------------------------------------------------------------------------
Slack: 9.000ns (period - (min low pulse limit / (low pulse / period)))
  Period: 10.000ns
  Low pulse: 5.000ns
  Low pulse limit: 0.500ns (Tcl)
  Physical resource: df/count<3>/CLK
  Logical resource: df/count_0/CK
  Location pin: SLICE_X88Y70.CLK
  Clock network: clk_BUFGP
--------------------------------------------------------------------------------
Slack: 9.000ns (period - (min high pulse limit / (high pulse / period)))
  Period: 10.000ns
  High pulse: 5.000ns
  High pulse limit: 0.500ns (Tch)
  Physical resource: df/count<3>/CLK
  Logical resource: df/count_0/CK
  Location pin: SLICE_X88Y70.CLK
  Clock network: clk_BUFGP
--------------------------------------------------------------------------------
Slack: 9.000ns (period - min period limit)
  Period: 10.000ns
  Min period limit: 1.000ns (1000.000MHz) (Tcp)
  Physical resource: df/count<3>/CLK
  Logical resource: df/count_0/CK
  Location pin: SLICE_X88Y70.CLK
  Clock network: clk_BUFGP
--------------------------------------------------------------------------------
Slack: 9.000ns (period - (min low pulse limit / (low pulse / period)))
  Period: 10.000ns
  Low pulse: 5.000ns
  Low pulse limit: 0.500ns (Tcl)
  Physical resource: df/count<3>/CLK
  Logical resource: df/count_1/CK
  Location pin: SLICE_X88Y70.CLK
  Clock network: clk_BUFGP
--------------------------------------------------------------------------------
Slack: 9.000ns (period - (min high pulse limit / (high pulse / period)))
  Period: 10.000ns
  High pulse: 5.000ns
  High pulse limit: 0.500ns (Tch)
  Physical resource: df/count<3>/CLK
  Logical resource: df/count_1/CK
  Location pin: SLICE_X88Y70.CLK
  Clock network: clk_BUFGP
--------------------------------------------------------------------------------
Slack: 9.000ns (period - min period limit)
  Period: 10.000ns
  Min period limit: 1.000ns (1000.000MHz) (Tcp)
  Physical resource: df/count<3>/CLK
  Logical resource: df/count_1/CK
  Location pin: SLICE_X88Y70.CLK
  Clock network: clk_BUFGP
--------------------------------------------------------------------------------
Slack: 9.000ns (period - (min low pulse limit / (low pulse / period)))
  Period: 10.000ns
  Low pulse: 5.000ns
  Low pulse limit: 0.500ns (Tcl)
  Physical resource: df/count<3>/CLK
  Logical resource: df/count_2/CK
  Location pin: SLICE_X88Y70.CLK
  Clock network: clk_BUFGP
--------------------------------------------------------------------------------
Slack: 9.000ns (period - (min high pulse limit / (high pulse / period)))
  Period: 10.000ns
  High pulse: 5.000ns
  High pulse limit: 0.500ns (Tch)
  Physical resource: df/count<3>/CLK
  Logical resource: df/count_2/CK
  Location pin: SLICE_X88Y70.CLK
  Clock network: clk_BUFGP
--------------------------------------------------------------------------------
Slack: 9.000ns (period - min period limit)
  Period: 10.000ns
  Min period limit: 1.000ns (1000.000MHz) (Tcp)
  Physical resource: df/count<3>/CLK
  Logical resource: df/count_2/CK
  Location pin: SLICE_X88Y70.CLK
  Clock network: clk_BUFGP
--------------------------------------------------------------------------------
Slack: 9.000ns (period - (min low pulse limit / (low pulse / period)))
  Period: 10.000ns
  Low pulse: 5.000ns
  Low pulse limit: 0.500ns (Tcl)
  Physical resource: df/count<3>/CLK
  Logical resource: df/count_3/CK
  Location pin: SLICE_X88Y70.CLK
  Clock network: clk_BUFGP
--------------------------------------------------------------------------------
Slack: 9.000ns (period - (min high pulse limit / (high pulse / period)))
  Period: 10.000ns
  High pulse: 5.000ns
  High pulse limit: 0.500ns (Tch)
  Physical resource: df/count<3>/CLK
  Logical resource: df/count_3/CK
  Location pin: SLICE_X88Y70.CLK
  Clock network: clk_BUFGP
--------------------------------------------------------------------------------
Slack: 9.000ns (period - min period limit)
  Period: 10.000ns
  Min period limit: 1.000ns (1000.000MHz) (Tcp)
  Physical resource: df/count<3>/CLK
  Logical resource: df/count_3/CK
  Location pin: SLICE_X88Y70.CLK
  Clock network: clk_BUFGP
--------------------------------------------------------------------------------
Slack: 9.000ns (period - (min low pulse limit / (low pulse / period)))
  Period: 10.000ns
  Low pulse: 5.000ns
  Low pulse limit: 0.500ns (Tcl)
  Physical resource: df/clkout/CLK
  Logical resource: df/count_4/CK
  Location pin: SLICE_X89Y70.CLK
  Clock network: clk_BUFGP
--------------------------------------------------------------------------------
Slack: 9.000ns (period - (min high pulse limit / (high pulse / period)))
  Period: 10.000ns
  High pulse: 5.000ns
  High pulse limit: 0.500ns (Tch)
  Physical resource: df/clkout/CLK
  Logical resource: df/count_4/CK
  Location pin: SLICE_X89Y70.CLK
  Clock network: clk_BUFGP
--------------------------------------------------------------------------------
Slack: 9.000ns (period - min period limit)
  Period: 10.000ns
  Min period limit: 1.000ns (1000.000MHz) (Tcp)
  Physical resource: df/clkout/CLK
  Logical resource: df/count_4/CK
  Location pin: SLICE_X89Y70.CLK
  Clock network: clk_BUFGP
--------------------------------------------------------------------------------
Slack: 9.000ns (period - (min low pulse limit / (low pulse / period)))
  Period: 10.000ns
  Low pulse: 5.000ns
  Low pulse limit: 0.500ns (Tcl)
  Physical resource: df/clkout/CLK
  Logical resource: df/clkout/CK
  Location pin: SLICE_X89Y70.CLK
  Clock network: clk_BUFGP
--------------------------------------------------------------------------------
Slack: 9.000ns (period - (min high pulse limit / (high pulse / period)))
  Period: 10.000ns
  High pulse: 5.000ns
  High pulse limit: 0.500ns (Tch)
  Physical resource: df/clkout/CLK
  Logical resource: df/clkout/CK
  Location pin: SLICE_X89Y70.CLK
  Clock network: clk_BUFGP
--------------------------------------------------------------------------------
Slack: 9.000ns (period - min period limit)
  Period: 10.000ns
  Min period limit: 1.000ns (1000.000MHz) (Tcp)
  Physical resource: df/clkout/CLK
  Logical resource: df/clkout/CK
  Location pin: SLICE_X89Y70.CLK
  Clock network: clk_BUFGP
--------------------------------------------------------------------------------


All constraints were met.


Data Sheet report:
-----------------
All values displayed in nanoseconds (ns)

Clock to Setup on destination clock clk
---------------+---------+---------+---------+---------+
               | Src:Rise| Src:Fall| Src:Rise| Src:Fall|
Source Clock   |Dest:Rise|Dest:Rise|Dest:Fall|Dest:Fall|
---------------+---------+---------+---------+---------+
clk            |    3.797|         |         |         |
---------------+---------+---------+---------+---------+


Timing summary:
---------------

Timing errors: 0  Score: 0  (Setup/Max: 0, Hold: 0)

Constraints cover 52 paths, 0 nets, and 29 connections

Design statistics:
   Minimum period:   3.797ns{1}   (Maximum frequency: 263.366MHz)


------------------------------------Footnotes-----------------------------------
1)  The minimum period statistic assumes all single cycle delays.

Analysis completed Sun Nov 26 21:10:31 2017 
--------------------------------------------------------------------------------

Trace Settings:
-------------------------
Trace Settings 

Peak Memory Usage: 773 MB



