Release 14.7 - xst P.20131013 (lin64)
Copyright (c) 1995-2013 Xilinx, Inc.  All rights reserved.
--> 

TABLE OF CONTENTS
  1) Synthesis Options Summary
  2) HDL Parsing
  3) HDL Elaboration
  4) HDL Synthesis
       4.1) HDL Synthesis Report
  5) Advanced HDL Synthesis
       5.1) Advanced HDL Synthesis Report
  6) Low Level Synthesis
  7) Partition Report
  8) Design Summary
       8.1) Primitive and Black Box Usage
       8.2) Device utilization summary
       8.3) Partition Resource Summary
       8.4) Timing Report
            8.4.1) Clock Information
            8.4.2) Asynchronous Control Signals Information
            8.4.3) Timing Summary
            8.4.4) Timing Details
            8.4.5) Cross Clock Domains Report


=========================================================================
*                      Synthesis Options Summary                        *
=========================================================================
---- Source Parameters
Input File Name                    : "project.src"
Input Format                       : mixed

---- Target Parameters
Target Device                      : XC7A100T-1CSG324
Output File Name                   : "project.ngc"
Output Format                      : NGC

---- Source Options
Top Module Name                    : microfono

---- General Options
Optimization Goal                  : Area
Optimization Effort                : 1
RTL Output                         : yes

=========================================================================


=========================================================================
*                          HDL Parsing                                  *
=========================================================================
Analyzing Verilog file "/home/lisseth/FPGA-Game-D1/HW/RTL/06PCM-AUDIO-MICROFONO/Version_01/02 verilog/Prueba1/microfono.v" into library work
Parsing module <microfono>.
Analyzing Verilog file "/home/lisseth/FPGA-Game-D1/HW/RTL/06PCM-AUDIO-MICROFONO/Version_01/02 verilog/Prueba1/div_freq.v" into library work
Parsing module <div_freq>.

=========================================================================
*                            HDL Elaboration                            *
=========================================================================

Elaborating module <microfono>.

Elaborating module <div_freq>.

=========================================================================
*                           HDL Synthesis                               *
=========================================================================

Synthesizing Unit <microfono>.
    Related source file is "/home/lisseth/FPGA-Game-D1/HW/RTL/06PCM-AUDIO-MICROFONO/Version_01/02 verilog/Prueba1/microfono.v".
WARNING:Xst:2935 - Signal 'micLRSel', unconnected in block 'microfono', is tied to its initial value (0).
WARNING:Xst:2935 - Signal 'ampSD', unconnected in block 'microfono', is tied to its initial value (1).
    Found 1-bit register for signal <ampPWM>.
    Found 32-bit register for signal <count>.
    Found 32-bit adder for signal <count[31]_GND_1_o_add_1_OUT> created at line 21.
    Found 32-bit comparator greater for signal <n0001> created at line 24
    Summary:
	inferred   1 Adder/Subtractor(s).
	inferred  33 D-type flip-flop(s).
	inferred   1 Comparator(s).
Unit <microfono> synthesized.

Synthesizing Unit <div_freq>.
    Related source file is "/home/lisseth/FPGA-Game-D1/HW/RTL/06PCM-AUDIO-MICROFONO/Version_01/02 verilog/Prueba1/div_freq.v".
        fi = 50000000
        fs = 3125000
    Found 32-bit register for signal <count>.
    Found 1-bit register for signal <clkout>.
    Found 1-bit register for signal <led>.
    Found 32-bit subtractor for signal <count[31]_GND_2_o_sub_2_OUT> created at line 16.
    Summary:
	inferred   1 Adder/Subtractor(s).
	inferred  34 D-type flip-flop(s).
	inferred   1 Multiplexer(s).
Unit <div_freq> synthesized.

=========================================================================
HDL Synthesis Report

Macro Statistics
# Adders/Subtractors                                   : 2
 32-bit adder                                          : 1
 32-bit subtractor                                     : 1
# Registers                                            : 5
 1-bit register                                        : 3
 32-bit register                                       : 2
# Comparators                                          : 1
 32-bit comparator greater                             : 1
# Multiplexers                                         : 1
 32-bit 2-to-1 multiplexer                             : 1

=========================================================================

=========================================================================
*                       Advanced HDL Synthesis                          *
=========================================================================


Synthesizing (advanced) Unit <div_freq>.
The following registers are absorbed into counter <count>: 1 register on signal <count>.
Unit <div_freq> synthesized (advanced).

Synthesizing (advanced) Unit <microfono>.
The following registers are absorbed into counter <count>: 1 register on signal <count>.
Unit <microfono> synthesized (advanced).

=========================================================================
Advanced HDL Synthesis Report

Macro Statistics
# Counters                                             : 2
 32-bit down counter                                   : 1
 32-bit up counter                                     : 1
# Registers                                            : 3
 Flip-Flops                                            : 3
# Comparators                                          : 1
 32-bit comparator greater                             : 1

=========================================================================

=========================================================================
*                         Low Level Synthesis                           *
=========================================================================

Optimizing unit <microfono> ...

Mapping all equations...
Building and optimizing final netlist ...
Found area constraint ratio of 100 (+ 0) on block microfono, actual ratio is 0.
FlipFlop df/clkout has been replicated 1 time(s) to handle iob=true attribute.
FlipFlop ampPWM has been replicated 1 time(s) to handle iob=true attribute.

Final Macro Processing ...

=========================================================================
Final Register Report

Macro Statistics
# Registers                                            : 69
 Flip-Flops                                            : 69

=========================================================================

=========================================================================
*                           Partition Report                            *
=========================================================================

Partition Implementation Status
-------------------------------

  No Partitions were found in this design.

-------------------------------

=========================================================================
*                            Design Summary                             *
=========================================================================

Top Level Output File Name         : project.ngc

Primitive and Black Box Usage:
------------------------------
# BELS                             : 219
#      GND                         : 1
#      INV                         : 33
#      LUT1                        : 33
#      LUT2                        : 5
#      LUT4                        : 1
#      LUT5                        : 6
#      LUT6                        : 6
#      MUXCY                       : 69
#      VCC                         : 1
#      XORCY                       : 64
# FlipFlops/Latches                : 69
#      FD                          : 35
#      FDR                         : 33
#      FDS                         : 1
# Clock Buffers                    : 2
#      BUFG                        : 1
#      BUFGP                       : 1
# IO Buffers                       : 7
#      IBUF                        : 2
#      OBUF                        : 5

Device utilization summary:
---------------------------

Selected Device : 7a100tcsg324-1 


Slice Logic Utilization: 
 Number of Slice Registers:              66  out of  126800     0%  
 Number of Slice LUTs:                   84  out of  63400     0%  
    Number used as Logic:                84  out of  63400     0%  

Slice Logic Distribution: 
 Number of LUT Flip Flop pairs used:     84
   Number with an unused Flip Flop:      18  out of     84    21%  
   Number with an unused LUT:             0  out of     84     0%  
   Number of fully used LUT-FF pairs:    66  out of     84    78%  
   Number of unique control sets:         4

IO Utilization: 
 Number of IOs:                           8
 Number of bonded IOBs:                   8  out of    210     3%  
    IOB Flip Flops/Latches:               3

Specific Feature Utilization:
 Number of BUFG/BUFGCTRLs:                2  out of     32     6%  

---------------------------
Partition Resource Summary:
---------------------------

  No Partitions were found in this design.

---------------------------


=========================================================================
Timing Report

NOTE: THESE TIMING NUMBERS ARE ONLY A SYNTHESIS ESTIMATE.
      FOR ACCURATE TIMING INFORMATION PLEASE REFER TO THE TRACE REPORT
      GENERATED AFTER PLACE-and-ROUTE.

Clock Information:
------------------
-----------------------------------+------------------------+-------+
Clock Signal                       | Clock buffer(FF name)  | Load  |
-----------------------------------+------------------------+-------+
clk                                | BUFGP                  | 35    |
df/clkout                          | BUFG                   | 34    |
-----------------------------------+------------------------+-------+

Asynchronous Control Signals Information:
----------------------------------------
No asynchronous control signals found in this design

Timing Summary:
---------------
Speed Grade: -1

   Minimum period: 4.194ns (Maximum Frequency: 238.418MHz)
   Minimum input arrival time before clock: 1.726ns
   Maximum output required time after clock: 0.877ns
   Maximum combinational path delay: No path found

Timing Details:
---------------
All values displayed in nanoseconds (ns)

=========================================================================
Timing constraint: Default period analysis for Clock 'clk'
  Clock period: 4.194ns (frequency: 238.418MHz)
  Total number of paths / destination ports: 1618 / 65
-------------------------------------------------------------------------
Delay:               4.194ns (Levels of Logic = 3)
  Source:            df/count_25 (FF)
  Destination:       df/count_0 (FF)
  Source Clock:      clk rising
  Destination Clock: clk rising

  Data Path: df/count_25 to df/count_0
                                Gate     Net
    Cell:in->out      fanout   Delay   Delay  Logical Name (Net Name)
    ----------------------------------------  ------------
     FDR:C->Q              2   0.478   0.945  df/count_25 (df/count_25)
     LUT6:I0->O            1   0.124   0.919  df/count[31]_GND_2_o_equal_3_o<31>5 (df/count[31]_GND_2_o_equal_3_o<31>4)
     LUT6:I1->O            3   0.124   0.435  df/count[31]_GND_2_o_equal_3_o<31>7 (df/count[31]_GND_2_o_equal_3_o)
     LUT2:I1->O           31   0.124   0.551  df/count[31]_GND_2_o_equal_3_o_01 (df/count[31]_GND_2_o_equal_3_o_0)
     FDR:R                     0.494          df/count_0
    ----------------------------------------
    Total                      4.194ns (1.344ns logic, 2.850ns route)
                                       (32.0% logic, 68.0% route)

=========================================================================
Timing constraint: Default period analysis for Clock 'df/clkout'
  Clock period: 3.177ns (frequency: 314.713MHz)
  Total number of paths / destination ports: 596 / 34
-------------------------------------------------------------------------
Delay:               3.177ns (Levels of Logic = 9)
  Source:            count_4 (FF)
  Destination:       ampPWM (FF)
  Source Clock:      df/clkout rising
  Destination Clock: df/clkout rising

  Data Path: count_4 to ampPWM
                                Gate     Net
    Cell:in->out      fanout   Delay   Delay  Logical Name (Net Name)
    ----------------------------------------  ------------
     FD:C->Q               3   0.478   0.933  count_4 (count_4)
     LUT5:I0->O            1   0.124   0.000  Mcompar_n0001_lut<0> (Mcompar_n0001_lut<0>)
     MUXCY:S->O            1   0.472   0.000  Mcompar_n0001_cy<0> (Mcompar_n0001_cy<0>)
     MUXCY:CI->O           1   0.029   0.000  Mcompar_n0001_cy<1> (Mcompar_n0001_cy<1>)
     MUXCY:CI->O           1   0.029   0.000  Mcompar_n0001_cy<2> (Mcompar_n0001_cy<2>)
     MUXCY:CI->O           1   0.029   0.000  Mcompar_n0001_cy<3> (Mcompar_n0001_cy<3>)
     MUXCY:CI->O           1   0.029   0.000  Mcompar_n0001_cy<4> (Mcompar_n0001_cy<4>)
     MUXCY:CI->O           1   0.029   0.000  Mcompar_n0001_cy<5> (Mcompar_n0001_cy<5>)
     MUXCY:CI->O           1   0.334   0.536  Mcompar_n0001_cy<6> (Mcompar_n0001_cy<6>)
     LUT4:I2->O            2   0.124   0.000  ampPWM_rstpot (ampPWM_rstpot)
     FD:D                      0.030          ampPWM
    ----------------------------------------
    Total                      3.177ns (1.708ns logic, 1.469ns route)
                                       (53.8% logic, 46.2% route)

=========================================================================
Timing constraint: Default OFFSET IN BEFORE for Clock 'clk'
  Total number of paths / destination ports: 35 / 35
-------------------------------------------------------------------------
Offset:              1.726ns (Levels of Logic = 2)
  Source:            reset (PAD)
  Destination:       df/count_0 (FF)
  Destination Clock: clk rising

  Data Path: reset to df/count_0
                                Gate     Net
    Cell:in->out      fanout   Delay   Delay  Logical Name (Net Name)
    ----------------------------------------  ------------
     IBUF:I->O             4   0.001   0.556  reset_IBUF (reset_IBUF)
     LUT2:I0->O           31   0.124   0.551  df/count[31]_GND_2_o_equal_3_o_01 (df/count[31]_GND_2_o_equal_3_o_0)
     FDR:R                     0.494          df/count_0
    ----------------------------------------
    Total                      1.726ns (0.619ns logic, 1.107ns route)
                                       (35.9% logic, 64.1% route)

=========================================================================
Timing constraint: Default OFFSET IN BEFORE for Clock 'df/clkout'
  Total number of paths / destination ports: 4 / 2
-------------------------------------------------------------------------
Offset:              0.891ns (Levels of Logic = 2)
  Source:            reset (PAD)
  Destination:       ampPWM (FF)
  Destination Clock: df/clkout rising

  Data Path: reset to ampPWM
                                Gate     Net
    Cell:in->out      fanout   Delay   Delay  Logical Name (Net Name)
    ----------------------------------------  ------------
     IBUF:I->O             4   0.001   0.736  reset_IBUF (reset_IBUF)
     LUT4:I1->O            2   0.124   0.000  ampPWM_rstpot (ampPWM_rstpot)
     FD:D                      0.030          ampPWM
    ----------------------------------------
    Total                      0.891ns (0.155ns logic, 0.736ns route)
                                       (17.4% logic, 82.6% route)

=========================================================================
Timing constraint: Default OFFSET OUT AFTER for Clock 'clk'
  Total number of paths / destination ports: 2 / 2
-------------------------------------------------------------------------
Offset:              0.877ns (Levels of Logic = 1)
  Source:            df/led (FF)
  Destination:       ledres (PAD)
  Source Clock:      clk rising

  Data Path: df/led to ledres
                                Gate     Net
    Cell:in->out      fanout   Delay   Delay  Logical Name (Net Name)
    ----------------------------------------  ------------
     FD:C->Q               1   0.478   0.399  df/led (df/led)
     OBUF:I->O                 0.000          ledres_OBUF (ledres)
    ----------------------------------------
    Total                      0.877ns (0.478ns logic, 0.399ns route)
                                       (54.5% logic, 45.5% route)

=========================================================================
Timing constraint: Default OFFSET OUT AFTER for Clock 'df/clkout'
  Total number of paths / destination ports: 1 / 1
-------------------------------------------------------------------------
Offset:              0.877ns (Levels of Logic = 1)
  Source:            ampPWM_1 (FF)
  Destination:       ampPWM (PAD)
  Source Clock:      df/clkout rising

  Data Path: ampPWM_1 to ampPWM
                                Gate     Net
    Cell:in->out      fanout   Delay   Delay  Logical Name (Net Name)
    ----------------------------------------  ------------
     FD:C->Q               1   0.478   0.399  ampPWM_1 (ampPWM_1)
     OBUF:I->O                 0.000          ampPWM_OBUF (ampPWM)
    ----------------------------------------
    Total                      0.877ns (0.478ns logic, 0.399ns route)
                                       (54.5% logic, 45.5% route)

=========================================================================

Cross Clock Domains Report:
--------------------------

Clock to Setup on destination clock clk
---------------+---------+---------+---------+---------+
               | Src:Rise| Src:Fall| Src:Rise| Src:Fall|
Source Clock   |Dest:Rise|Dest:Rise|Dest:Fall|Dest:Fall|
---------------+---------+---------+---------+---------+
clk            |    4.194|         |         |         |
---------------+---------+---------+---------+---------+

Clock to Setup on destination clock df/clkout
---------------+---------+---------+---------+---------+
               | Src:Rise| Src:Fall| Src:Rise| Src:Fall|
Source Clock   |Dest:Rise|Dest:Rise|Dest:Fall|Dest:Fall|
---------------+---------+---------+---------+---------+
df/clkout      |    3.177|         |         |         |
---------------+---------+---------+---------+---------+

=========================================================================


Total REAL time to Xst completion: 23.00 secs
Total CPU time to Xst completion: 22.19 secs
 
--> 


Total memory usage is 504404 kilobytes

Number of errors   :    0 (   0 filtered)
Number of warnings :    2 (   0 filtered)
Number of infos    :    0 (   0 filtered)

