Release 14.7 - xst P.20131013 (lin64)
Copyright (c) 1995-2013 Xilinx, Inc.  All rights reserved.
--> 

TABLE OF CONTENTS
  1) Synthesis Options Summary
  2) HDL Parsing
  3) HDL Elaboration
  4) HDL Synthesis
       4.1) HDL Synthesis Report
  5) Advanced HDL Synthesis
       5.1) Advanced HDL Synthesis Report
  6) Low Level Synthesis
  7) Partition Report
  8) Design Summary
       8.1) Primitive and Black Box Usage
       8.2) Device utilization summary
       8.3) Partition Resource Summary
       8.4) Timing Report
            8.4.1) Clock Information
            8.4.2) Asynchronous Control Signals Information
            8.4.3) Timing Summary
            8.4.4) Timing Details
            8.4.5) Cross Clock Domains Report


=========================================================================
*                      Synthesis Options Summary                        *
=========================================================================
---- Source Parameters
Input File Name                    : "project.src"
Input Format                       : mixed

---- Target Parameters
Target Device                      : xc7a100t-1csg324
Output File Name                   : "project.ngc"
Output Format                      : NGC

---- Source Options
Top Module Name                    : transmision

---- General Options
Optimization Goal                  : Area
Optimization Effort                : 1
RTL Output                         : yes

=========================================================================


=========================================================================
*                          HDL Parsing                                  *
=========================================================================
Analyzing Verilog file "/home/camila/Documentos/Proy.DigI/C贸digos PD/BLUETOOTH/TX/transmision.v" into library wor
Parsing module <transmision>.
Analyzing Verilog file "/home/camila/Documentos/Proy.DigI/C贸digos PD/BLUETOOTH/TX/Divisor_Frecuencia.v" into library wor
Parsing module <Divisor_Frecuencia>.

=========================================================================
*                            HDL Elaboration                            *
=========================================================================

Elaborating module <transmision>.

Elaborating module <Divisor_Frecuencia>.
WARNING:HDLCompiler:413 - "/home/camila/Documentos/Proy.DigI/C  digos PD/BLUETOOTH/TX/transmision.v" Line 53: Result of 4-bit expression is truncated to fit in 3-bit target.

=========================================================================
*                           HDL Synthesis                               *
=========================================================================

Synthesizing Unit <transmision>.
    Related source file is "/home/camila/Documentos/Proy.DigI/C贸digos PD/BLUETOOTH/TX/transmision.v"
        count = 8
        STATE_IDLE = 2'b00
        STATE_START = 2'b01
        STATE_DATA = 2'b10
        STATE_STOP = 2'b11
WARNING:Xst:647 - Input <rw> is never used. This port will be preserved and left unconnected if it belongs to a top-level block or it belongs to a sub-block and the hierarchy of this sub-block is preserved.
    Found 1-bit register for signal <tx>.
    Found 2-bit register for signal <state>.
    Found 3-bit register for signal <bitpos>.
    Found 8-bit register for signal <data>.
    Found 1-bit register for signal <done>.
    Found finite state machine <FSM_0> for signal <state>.
    -----------------------------------------------------------------------
    | States             | 4                                              |
    | Transitions        | 9                                              |
    | Inputs             | 2                                              |
    | Outputs            | 3                                              |
    | Clock              | clk_uart (rising_edge)                         |
    | Power Up State     | 00                                             |
    | Encoding           | auto                                           |
    | Implementation     | LUT                                            |
    -----------------------------------------------------------------------
    Found 3-bit adder for signal <bitpos[2]_GND_1_o_add_4_OUT> created at line 53.
    Found 1-bit 8-to-1 multiplexer for signal <bitpos[2]_data[7]_Mux_3_o> created at line 52.
    Summary:
	inferred   1 Adder/Subtractor(s).
	inferred  13 D-type flip-flop(s).
	inferred   2 Multiplexer(s).
	inferred   1 Finite State Machine(s).
Unit <transmision> synthesized.

Synthesizing Unit <Divisor_Frecuencia>.
    Related source file is "/home/camila/Documentos/Proy.DigI/C贸digos PD/BLUETOOTH/TX/Divisor_Frecuencia.v"
    Found 1-bit register for signal <clk_div>.
    Found 32-bit register for signal <count>.
    Found 32-bit adder for signal <count[31]_GND_2_o_add_2_OUT> created at line 24.
    Summary:
	inferred   1 Adder/Subtractor(s).
	inferred  33 D-type flip-flop(s).
	inferred   1 Multiplexer(s).
Unit <Divisor_Frecuencia> synthesized.

=========================================================================
HDL Synthesis Report

Macro Statistics
# Adders/Subtractors                                   : 2
 3-bit adder                                           : 1
 32-bit adder                                          : 1
# Registers                                            : 6
 1-bit register                                        : 3
 3-bit register                                        : 1
 32-bit register                                       : 1
 8-bit register                                        : 1
# Multiplexers                                         : 3
 1-bit 8-to-1 multiplexer                              : 1
 3-bit 2-to-1 multiplexer                              : 1
 32-bit 2-to-1 multiplexer                             : 1
# FSMs                                                 : 1

=========================================================================

=========================================================================
*                       Advanced HDL Synthesis                          *
=========================================================================


Synthesizing (advanced) Unit <Divisor_Frecuencia>.
The following registers are absorbed into counter <count>: 1 register on signal <count>.
Unit <Divisor_Frecuencia> synthesized (advanced).

Synthesizing (advanced) Unit <transmision>.
The following registers are absorbed into counter <bitpos>: 1 register on signal <bitpos>.
Unit <transmision> synthesized (advanced).

=========================================================================
Advanced HDL Synthesis Report

Macro Statistics
# Counters                                             : 2
 3-bit up counter                                      : 1
 32-bit up counter                                     : 1
# Registers                                            : 11
 Flip-Flops                                            : 11
# Multiplexers                                         : 1
 1-bit 8-to-1 multiplexer                              : 1
# FSMs                                                 : 1

=========================================================================

=========================================================================
*                         Low Level Synthesis                           *
=========================================================================
Analyzing FSM <MFsm> for best encoding.
Optimizing FSM <FSM_0> on signal <state[1:2]> with user encoding.
-------------------
 State | Encoding
-------------------
 00    | 00
 01    | 01
 10    | 10
 11    | 11
-------------------

Optimizing unit <transmision> ...

Mapping all equations...
Building and optimizing final netlist ...
Found area constraint ratio of 100 (+ 0) on block transmision, actual ratio is 0.
FlipFlop done has been replicated 1 time(s) to handle iob=true attribute.
FlipFlop div/clk_div has been replicated 1 time(s) to handle iob=true attribute.

Final Macro Processing ...

=========================================================================
Final Register Report

Macro Statistics
# Registers                                            : 50
 Flip-Flops                                            : 50

=========================================================================

=========================================================================
*                           Partition Report                            *
=========================================================================

Partition Implementation Status
-------------------------------

  No Partitions were found in this design.

-------------------------------

=========================================================================
*                            Design Summary                             *
=========================================================================

Top Level Output File Name         : project.ngc

Primitive and Black Box Usage:
------------------------------
# BELS                             : 119
#      GND                         : 1
#      INV                         : 3
#      LUT1                        : 31
#      LUT2                        : 4
#      LUT3                        : 3
#      LUT4                        : 2
#      LUT6                        : 10
#      MUXCY                       : 31
#      MUXF7                       : 1
#      VCC                         : 1
#      XORCY                       : 32
# FlipFlops/Latches                : 50
#      FD                          : 5
#      FDE                         : 11
#      FDR                         : 32
#      FDRE                        : 2
# Clock Buffers                    : 1
#      BUFGP                       : 1
# IO Buffers                       : 13
#      IBUF                        : 9
#      OBUF                        : 4

Device utilization summary:
---------------------------

Selected Device : 7a100tcsg324-1 


Slice Logic Utilization: 
 Number of Slice Registers:              39  out of  126800     0%  
 Number of Slice LUTs:                   53  out of  63400     0%  
    Number used as Logic:                53  out of  63400     0%  

Slice Logic Distribution: 
 Number of LUT Flip Flop pairs used:     53
   Number with an unused Flip Flop:      14  out of     53    26%  
   Number with an unused LUT:             0  out of     53     0%  
   Number of fully used LUT-FF pairs:    39  out of     53    73%  
   Number of unique control sets:         5

IO Utilization: 
 Number of IOs:                          15
 Number of bonded IOBs:                  14  out of    210     6%  
    IOB Flip Flops/Latches:              11

Specific Feature Utilization:
 Number of BUFG/BUFGCTRLs:                1  out of     32     3%  

---------------------------
Partition Resource Summary:
---------------------------

  No Partitions were found in this design.

---------------------------


=========================================================================
Timing Report

NOTE: THESE TIMING NUMBERS ARE ONLY A SYNTHESIS ESTIMATE.
      FOR ACCURATE TIMING INFORMATION PLEASE REFER TO THE TRACE REPORT
      GENERATED AFTER PLACE-and-ROUTE.

Clock Information:
------------------
-----------------------------------+------------------------+-------+
Clock Signal                       | Clock buffer(FF name)  | Load  |
-----------------------------------+------------------------+-------+
div/clk_div                        | NONE(data_0)           | 16    |
clk_in                             | BUFGP                  | 34    |
-----------------------------------+------------------------+-------+
INFO:Xst:2169 - HDL ADVISOR - Some clock signals were not automatically buffered by XST with BUFG/BUFR resources. Please use the buffer_type constraint in order to insert these buffers to the clock signals to help prevent skew problems.

Asynchronous Control Signals Information:
----------------------------------------
No asynchronous control signals found in this design

Timing Summary:
---------------
Speed Grade: -1

   Minimum period: 4.195ns (Maximum Frequency: 238.406MHz)
   Minimum input arrival time before clock: 1.753ns
   Maximum output required time after clock: 1.590ns
   Maximum combinational path delay: No path found

Timing Details:
---------------
All values displayed in nanoseconds (ns)

=========================================================================
Timing constraint: Default period analysis for Clock 'div/clk_div'
  Clock period: 2.812ns (frequency: 355.619MHz)
  Total number of paths / destination ports: 64 / 19
-------------------------------------------------------------------------
Delay:               2.812ns (Levels of Logic = 3)
  Source:            bitpos_1 (FF)
  Destination:       tx (FF)
  Source Clock:      div/clk_div rising
  Destination Clock: div/clk_div rising

  Data Path: bitpos_1 to tx
                                Gate     Net
    Cell:in->out      fanout   Delay   Delay  Logical Name (Net Name)
    ----------------------------------------  ------------
     FDE:C->Q              6   0.478   0.972  bitpos_1 (bitpos_1)
     LUT6:I0->O            1   0.124   0.000  Mmux_bitpos[2]_data[7]_Mux_3_o_3 (Mmux_bitpos[2]_data[7]_Mux_3_o_3)
     MUXF7:I1->O           1   0.368   0.716  Mmux_bitpos[2]_data[7]_Mux_3_o_2_f7 (bitpos[2]_data[7]_Mux_3_o)
     LUT4:I1->O            1   0.124   0.000  tx_rstpot (tx_rstpot)
     FD:D                      0.030          tx
    ----------------------------------------
    Total                      2.812ns (1.124ns logic, 1.688ns route)
                                       (40.0% logic, 60.0% route)

=========================================================================
Timing constraint: Default period analysis for Clock 'clk_in'
  Clock period: 4.195ns (frequency: 238.406MHz)
  Total number of paths / destination ports: 1618 / 68
-------------------------------------------------------------------------
Delay:               4.195ns (Levels of Logic = 3)
  Source:            div/count_11 (FF)
  Destination:       div/count_0 (FF)
  Source Clock:      clk_in rising
  Destination Clock: clk_in rising

  Data Path: div/count_11 to div/count_0
                                Gate     Net
    Cell:in->out      fanout   Delay   Delay  Logical Name (Net Name)
    ----------------------------------------  ------------
     FDR:C->Q              2   0.478   0.945  div/count_11 (div/count_11)
     LUT6:I0->O            1   0.124   0.919  div/count[31]_GND_2_o_equal_2_o_015 (div/count[31]_GND_2_o_equal_2_o_015)
     LUT6:I1->O            3   0.124   0.435  div/count[31]_GND_2_o_equal_2_o_017 (div/count[31]_GND_2_o_equal_2_o_01)
     LUT2:I1->O           32   0.124   0.552  div/count[31]_GND_2_o_equal_2_o_02 (div/count[31]_GND_2_o_equal_2_o_0)
     FDR:R                     0.494          div/count_0
    ----------------------------------------
    Total                      4.195ns (1.344ns logic, 2.851ns route)
                                       (32.0% logic, 68.0% route)

=========================================================================
Timing constraint: Default OFFSET IN BEFORE for Clock 'div/clk_div'
  Total number of paths / destination ports: 22 / 22
-------------------------------------------------------------------------
Offset:              1.662ns (Levels of Logic = 2)
  Source:            reset (PAD)
  Destination:       bitpos_0 (FF)
  Destination Clock: div/clk_div rising

  Data Path: reset to bitpos_0
                                Gate     Net
    Cell:in->out      fanout   Delay   Delay  Logical Name (Net Name)
    ----------------------------------------  ------------
     IBUF:I->O             8   0.001   0.985  reset_IBUF (reset_IBUF)
     LUT6:I0->O            3   0.124   0.413  _n0064_inv1 (_n0064_inv)
     FDE:CE                    0.139          bitpos_0
    ----------------------------------------
    Total                      1.662ns (0.264ns logic, 1.398ns route)
                                       (15.9% logic, 84.1% route)

=========================================================================
Timing constraint: Default OFFSET IN BEFORE for Clock 'clk_in'
  Total number of paths / destination ports: 34 / 34
-------------------------------------------------------------------------
Offset:              1.753ns (Levels of Logic = 2)
  Source:            reset (PAD)
  Destination:       div/count_0 (FF)
  Destination Clock: clk_in rising

  Data Path: reset to div/count_0
                                Gate     Net
    Cell:in->out      fanout   Delay   Delay  Logical Name (Net Name)
    ----------------------------------------  ------------
     IBUF:I->O             8   0.001   0.582  reset_IBUF (reset_IBUF)
     LUT2:I0->O           32   0.124   0.552  div/count[31]_GND_2_o_equal_2_o_02 (div/count[31]_GND_2_o_equal_2_o_0)
     FDR:R                     0.494          div/count_0
    ----------------------------------------
    Total                      1.753ns (0.619ns logic, 1.134ns route)
                                       (35.3% logic, 64.7% route)

=========================================================================
Timing constraint: Default OFFSET OUT AFTER for Clock 'div/clk_div'
  Total number of paths / destination ports: 4 / 3
-------------------------------------------------------------------------
Offset:              1.590ns (Levels of Logic = 2)
  Source:            state_FSM_FFd1 (FF)
  Destination:       busy (PAD)
  Source Clock:      div/clk_div rising

  Data Path: state_FSM_FFd1 to busy
                                Gate     Net
    Cell:in->out      fanout   Delay   Delay  Logical Name (Net Name)
    ----------------------------------------  ------------
     FD:C->Q               9   0.478   0.589  state_FSM_FFd1 (state_FSM_FFd1)
     LUT2:I0->O            1   0.124   0.399  busy1 (busy_OBUF)
     OBUF:I->O                 0.000          busy_OBUF (busy)
    ----------------------------------------
    Total                      1.590ns (0.602ns logic, 0.988ns route)
                                       (37.9% logic, 62.1% route)

=========================================================================
Timing constraint: Default OFFSET OUT AFTER for Clock 'clk_in'
  Total number of paths / destination ports: 1 / 1
-------------------------------------------------------------------------
Offset:              0.877ns (Levels of Logic = 1)
  Source:            div/clk_div_1 (FF)
  Destination:       clk_uart (PAD)
  Source Clock:      clk_in rising

  Data Path: div/clk_div_1 to clk_uart
                                Gate     Net
    Cell:in->out      fanout   Delay   Delay  Logical Name (Net Name)
    ----------------------------------------  ------------
     FDRE:C->Q             1   0.478   0.399  div/clk_div_1 (div/clk_div_1)
     OBUF:I->O                 0.000          clk_uart_OBUF (clk_uart)
    ----------------------------------------
    Total                      0.877ns (0.478ns logic, 0.399ns route)
                                       (54.5% logic, 45.5% route)

=========================================================================

Cross Clock Domains Report:
--------------------------

Clock to Setup on destination clock clk_in
---------------+---------+---------+---------+---------+
               | Src:Rise| Src:Fall| Src:Rise| Src:Fall|
Source Clock   |Dest:Rise|Dest:Rise|Dest:Fall|Dest:Fall|
---------------+---------+---------+---------+---------+
clk_in         |    4.195|         |         |         |
---------------+---------+---------+---------+---------+

Clock to Setup on destination clock div/clk_div
---------------+---------+---------+---------+---------+
               | Src:Rise| Src:Fall| Src:Rise| Src:Fall|
Source Clock   |Dest:Rise|Dest:Rise|Dest:Fall|Dest:Fall|
---------------+---------+---------+---------+---------+
div/clk_div    |    2.812|         |         |         |
---------------+---------+---------+---------+---------+

=========================================================================


Total REAL time to Xst completion: 12.00 secs
Total CPU time to Xst completion: 9.34 secs
 
--> 


Total memory usage is 504480 kilobytes

Number of errors   :    0 (   0 filtered)
Number of warnings :    2 (   0 filtered)
Number of infos    :    1 (   0 filtered)

