Release 14.7 - xst P.20131013 (lin64)
Copyright (c) 1995-2013 Xilinx, Inc.  All rights reserved.
--> 

TABLE OF CONTENTS
  1) Synthesis Options Summary
  2) HDL Parsing
  3) HDL Elaboration
  4) HDL Synthesis
       4.1) HDL Synthesis Report
  5) Advanced HDL Synthesis
       5.1) Advanced HDL Synthesis Report
  6) Low Level Synthesis
  7) Partition Report
  8) Design Summary
       8.1) Primitive and Black Box Usage
       8.2) Device utilization summary
       8.3) Partition Resource Summary
       8.4) Timing Report
            8.4.1) Clock Information
            8.4.2) Asynchronous Control Signals Information
            8.4.3) Timing Summary
            8.4.4) Timing Details
            8.4.5) Cross Clock Domains Report


=========================================================================
*                      Synthesis Options Summary                        *
=========================================================================
---- Source Parameters
Input File Name                    : "project.src"
Input Format                       : mixed

---- Target Parameters
Target Device                      : XC7A100T-1CSG324
Output File Name                   : "project.ngc"
Output Format                      : NGC

---- Source Options
Top Module Name                    : microfono

---- General Options
Optimization Goal                  : Area
Optimization Effort                : 1
RTL Output                         : yes

=========================================================================


=========================================================================
*                          HDL Parsing                                  *
=========================================================================
Analyzing Verilog file "/home/athalia/FPGA-Game-D1/HW/RTL/06PCM-AUDIO-MICROFONO/Version_01/02 verilog/Prueba5/microfono.v" into library work
Parsing module <microfono>.
Analyzing Verilog file "/home/athalia/FPGA-Game-D1/HW/RTL/06PCM-AUDIO-MICROFONO/Version_01/02 verilog/Prueba5/div_freq.v" into library work
Parsing module <div_freq>.
Analyzing Verilog file "/home/athalia/FPGA-Game-D1/HW/RTL/06PCM-AUDIO-MICROFONO/Version_01/02 verilog/Prueba5/fifo.v" into library work
Parsing module <fifo>.
Analyzing Verilog file "/home/athalia/FPGA-Game-D1/HW/RTL/06PCM-AUDIO-MICROFONO/Version_01/02 verilog/Prueba5/pwm.v" into library work
Parsing module <pwm>.

=========================================================================
*                            HDL Elaboration                            *
=========================================================================
WARNING:HDLCompiler:1016 - "/home/athalia/FPGA-Game-D1/HW/RTL/06PCM-AUDIO-MICROFONO/Version_01/02 verilog/Prueba5/microfono.v" Line 27: Port ledres is not connected to this instance

Elaborating module <microfono>.

Elaborating module <fifo>.
WARNING:HDLCompiler:413 - "/home/athalia/FPGA-Game-D1/HW/RTL/06PCM-AUDIO-MICROFONO/Version_01/02 verilog/Prueba5/fifo.v" Line 75: Result of 2-bit expression is truncated to fit in 1-bit target.
WARNING:HDLCompiler:413 - "/home/athalia/FPGA-Game-D1/HW/RTL/06PCM-AUDIO-MICROFONO/Version_01/02 verilog/Prueba5/fifo.v" Line 76: Result of 2-bit expression is truncated to fit in 1-bit target.

Elaborating module <pwm>.
WARNING:HDLCompiler:413 - "/home/athalia/FPGA-Game-D1/HW/RTL/06PCM-AUDIO-MICROFONO/Version_01/02 verilog/Prueba5/pwm.v" Line 32: Result of 5-bit expression is truncated to fit in 4-bit target.

Elaborating module <div_freq>.
WARNING:HDLCompiler:1127 - "/home/athalia/FPGA-Game-D1/HW/RTL/06PCM-AUDIO-MICROFONO/Version_01/02 verilog/Prueba5/microfono.v" Line 28: Assignment to mclk3 ignored, since the identifier is never used
WARNING:HDLCompiler:1127 - "/home/athalia/FPGA-Game-D1/HW/RTL/06PCM-AUDIO-MICROFONO/Version_01/02 verilog/Prueba5/microfono.v" Line 32: Assignment to mlck3 ignored, since the identifier is never used
WARNING:HDLCompiler:413 - "/home/athalia/FPGA-Game-D1/HW/RTL/06PCM-AUDIO-MICROFONO/Version_01/02 verilog/Prueba5/microfono.v" Line 54: Result of 9-bit expression is truncated to fit in 8-bit target.
WARNING:HDLCompiler:552 - "/home/athalia/FPGA-Game-D1/HW/RTL/06PCM-AUDIO-MICROFONO/Version_01/02 verilog/Prueba5/microfono.v" Line 27: Input port micData is not connected on this instance

=========================================================================
*                           HDL Synthesis                               *
=========================================================================

Synthesizing Unit <microfono>.
    Related source file is "/home/athalia/FPGA-Game-D1/HW/RTL/06PCM-AUDIO-MICROFONO/Version_01/02 verilog/Prueba5/microfono.v".
WARNING:Xst:2898 - Port 'micData', unconnected in block instance 'pw', is tied to GND.
INFO:Xst:3210 - "/home/athalia/FPGA-Game-D1/HW/RTL/06PCM-AUDIO-MICROFONO/Version_01/02 verilog/Prueba5/microfono.v" line 27: Output port <ledres> of the instance <pw> is unconnected or connected to loadless signal.
INFO:Xst:3210 - "/home/athalia/FPGA-Game-D1/HW/RTL/06PCM-AUDIO-MICROFONO/Version_01/02 verilog/Prueba5/microfono.v" line 28: Output port <clkout> of the instance <df> is unconnected or connected to loadless signal.
WARNING:Xst:653 - Signal <mclk> is used but never assigned. This sourceless signal will be automatically connected to value GND.
WARNING:Xst:2935 - Signal 'micLRSel', unconnected in block 'microfono', is tied to its initial value (0).
    Found 8-bit register for signal <sregt>.
    Found 8-bit register for signal <count>.
    Found 8-bit adder for signal <count[7]_GND_1_o_add_3_OUT> created at line 54.
    Found 8-bit comparator greater for signal <n0003> created at line 51
    Summary:
	inferred   1 Adder/Subtractor(s).
	inferred  16 D-type flip-flop(s).
	inferred   1 Comparator(s).
Unit <microfono> synthesized.

Synthesizing Unit <fifo>.
    Related source file is "/home/athalia/FPGA-Game-D1/HW/RTL/06PCM-AUDIO-MICROFONO/Version_01/02 verilog/Prueba5/fifo.v".
        abits = 1
        dbits = 8
    Found 2x8-bit dual-port RAM <Mram_regarray> for signal <regarray>.
    Found 1-bit register for signal <empty_reg>.
    Found 1-bit register for signal <wr_reg>.
    Found 1-bit register for signal <rd_reg>.
    Found 1-bit register for signal <full_reg>.
    Found 1-bit register for signal <dffw2>.
    Found 1-bit register for signal <dffr1>.
    Found 1-bit register for signal <dffr2>.
    Found 8-bit register for signal <out>.
    Found 1-bit register for signal <dffw1>.
    Found 1-bit adder for signal <wr_succ> created at line 75.
    Found 1-bit adder for signal <rd_succ> created at line 76.
    Found 1-bit comparator not equal for signal <rd_reg[0]_wr_reg[0]_equal_13_o> created at line 91
    Summary:
	inferred   1 RAM(s).
	inferred   2 Adder/Subtractor(s).
	inferred  16 D-type flip-flop(s).
	inferred   1 Comparator(s).
Unit <fifo> synthesized.

Synthesizing Unit <pwm>.
    Related source file is "/home/athalia/FPGA-Game-D1/HW/RTL/06PCM-AUDIO-MICROFONO/Version_01/02 verilog/Prueba5/pwm.v".
WARNING:Xst:647 - Input <clk> is never used. This port will be preserved and left unconnected if it belongs to a top-level block or it belongs to a sub-block and the hierarchy of this sub-block is preserved.
WARNING:Xst:647 - Input <micData> is never used. This port will be preserved and left unconnected if it belongs to a top-level block or it belongs to a sub-block and the hierarchy of this sub-block is preserved.
WARNING:Xst:653 - Signal <ledres> is used but never assigned. This sourceless signal will be automatically connected to value GND.
WARNING:Xst:653 - Signal <mclk> is used but never assigned. This sourceless signal will be automatically connected to value GND.
WARNING:Xst:2935 - Signal 'ampSD', unconnected in block 'pwm', is tied to its initial value (1).
    Found 1-bit register for signal <ampPWM>.
    Found 4-bit register for signal <count>.
    Found 4-bit adder for signal <count[3]_GND_4_o_add_3_OUT> created at line 32.
    Found 1-bit 8-to-1 multiplexer for signal <count[2]_dout[7]_Mux_2_o> created at line 31.
    Found 4-bit comparator greater for signal <n0000> created at line 29
    Summary:
	inferred   1 Adder/Subtractor(s).
	inferred   5 D-type flip-flop(s).
	inferred   1 Comparator(s).
	inferred   1 Multiplexer(s).
Unit <pwm> synthesized.

Synthesizing Unit <div_freq>.
    Related source file is "/home/athalia/FPGA-Game-D1/HW/RTL/06PCM-AUDIO-MICROFONO/Version_01/02 verilog/Prueba5/div_freq.v".
        fi = 50000000
        fs = 3125000
    Found 32-bit register for signal <count>.
    Found 1-bit register for signal <clkout>.
    Found 1-bit register for signal <led>.
    Found 32-bit subtractor for signal <count[31]_GND_5_o_sub_3_OUT> created at line 30.
    Summary:
	inferred   1 Adder/Subtractor(s).
	inferred  34 D-type flip-flop(s).
	inferred   1 Multiplexer(s).
Unit <div_freq> synthesized.

=========================================================================
HDL Synthesis Report

Macro Statistics
# RAMs                                                 : 1
 2x8-bit dual-port RAM                                 : 1
# Adders/Subtractors                                   : 5
 1-bit adder                                           : 2
 32-bit subtractor                                     : 1
 4-bit adder                                           : 1
 8-bit adder                                           : 1
# Registers                                            : 16
 1-bit register                                        : 11
 32-bit register                                       : 1
 4-bit register                                        : 1
 8-bit register                                        : 3
# Comparators                                          : 3
 1-bit comparator not equal                            : 1
 4-bit comparator greater                              : 1
 8-bit comparator greater                              : 1
# Multiplexers                                         : 2
 1-bit 8-to-1 multiplexer                              : 1
 32-bit 2-to-1 multiplexer                             : 1

=========================================================================

=========================================================================
*                       Advanced HDL Synthesis                          *
=========================================================================

WARNING:Xst:1710 - FF/Latch <ampPWM> (without init value) has a constant value of 0 in block <pw>. This FF/Latch will be trimmed during the optimization process.
WARNING:Xst:1710 - FF/Latch <count_3> (without init value) has a constant value of 0 in block <pw>. This FF/Latch will be trimmed during the optimization process.
WARNING:Xst:1710 - FF/Latch <count_2> (without init value) has a constant value of 0 in block <pw>. This FF/Latch will be trimmed during the optimization process.
WARNING:Xst:1710 - FF/Latch <count_1> (without init value) has a constant value of 0 in block <pw>. This FF/Latch will be trimmed during the optimization process.
WARNING:Xst:1710 - FF/Latch <count_0> (without init value) has a constant value of 0 in block <pw>. This FF/Latch will be trimmed during the optimization process.
WARNING:Xst:1710 - FF/Latch <out_7> (without init value) has a constant value of 0 in block <fi>. This FF/Latch will be trimmed during the optimization process.
WARNING:Xst:1710 - FF/Latch <out_6> (without init value) has a constant value of 0 in block <fi>. This FF/Latch will be trimmed during the optimization process.
WARNING:Xst:1710 - FF/Latch <out_5> (without init value) has a constant value of 0 in block <fi>. This FF/Latch will be trimmed during the optimization process.
WARNING:Xst:1710 - FF/Latch <out_4> (without init value) has a constant value of 0 in block <fi>. This FF/Latch will be trimmed during the optimization process.
WARNING:Xst:1710 - FF/Latch <out_3> (without init value) has a constant value of 0 in block <fi>. This FF/Latch will be trimmed during the optimization process.
WARNING:Xst:1710 - FF/Latch <out_2> (without init value) has a constant value of 0 in block <fi>. This FF/Latch will be trimmed during the optimization process.
WARNING:Xst:1710 - FF/Latch <out_1> (without init value) has a constant value of 0 in block <fi>. This FF/Latch will be trimmed during the optimization process.
WARNING:Xst:1710 - FF/Latch <out_0> (without init value) has a constant value of 0 in block <fi>. This FF/Latch will be trimmed during the optimization process.
WARNING:Xst:1710 - FF/Latch <rd_reg_0> (without init value) has a constant value of 0 in block <fi>. This FF/Latch will be trimmed during the optimization process.
WARNING:Xst:1710 - FF/Latch <wr_reg_0> (without init value) has a constant value of 0 in block <fi>. This FF/Latch will be trimmed during the optimization process.
WARNING:Xst:1710 - FF/Latch <dffw1> (without init value) has a constant value of 0 in block <fi>. This FF/Latch will be trimmed during the optimization process.
WARNING:Xst:1710 - FF/Latch <full_reg> (without init value) has a constant value of 0 in block <fi>. This FF/Latch will be trimmed during the optimization process.
WARNING:Xst:1710 - FF/Latch <dffr1> (without init value) has a constant value of 0 in block <fi>. This FF/Latch will be trimmed during the optimization process.
WARNING:Xst:1710 - FF/Latch <empty_reg> (without init value) has a constant value of 1 in block <fi>. This FF/Latch will be trimmed during the optimization process.
WARNING:Xst:1895 - Due to other FF/Latch trimming, FF/Latch <dffr2> (without init value) has a constant value of 0 in block <fi>. This FF/Latch will be trimmed during the optimization process.
WARNING:Xst:1895 - Due to other FF/Latch trimming, FF/Latch <dffw2> (without init value) has a constant value of 0 in block <fi>. This FF/Latch will be trimmed during the optimization process.
WARNING:Xst:1898 - Due to constant pushing, FF/Latch <sregt_7> is unconnected in block <microfono>.
WARNING:Xst:2677 - Node <sregt_0> of sequential type is unconnected in block <microfono>.
WARNING:Xst:2677 - Node <sregt_1> of sequential type is unconnected in block <microfono>.
WARNING:Xst:2677 - Node <sregt_2> of sequential type is unconnected in block <microfono>.
WARNING:Xst:2677 - Node <sregt_3> of sequential type is unconnected in block <microfono>.
WARNING:Xst:2677 - Node <sregt_4> of sequential type is unconnected in block <microfono>.
WARNING:Xst:2677 - Node <sregt_5> of sequential type is unconnected in block <microfono>.
WARNING:Xst:2677 - Node <sregt_6> of sequential type is unconnected in block <microfono>.

Synthesizing (advanced) Unit <div_freq>.
The following registers are absorbed into counter <count>: 1 register on signal <count>.
Unit <div_freq> synthesized (advanced).

Synthesizing (advanced) Unit <fifo>.
The following registers are absorbed into counter <wr_reg_0>: 1 register on signal <wr_reg_0>.
The following registers are absorbed into counter <rd_reg_0>: 1 register on signal <rd_reg_0>.
INFO:Xst:3226 - The RAM <Mram_regarray> will be implemented as a BLOCK RAM, absorbing the following register(s): <out>
    -----------------------------------------------------------------------
    | ram_type           | Block                               |          |
    -----------------------------------------------------------------------
    | Port A                                                              |
    |     aspect ratio   | 2-word x 8-bit                      |          |
    |     mode           | read-first                          |          |
    |     clkA           | connected to signal <clock>         | rise     |
    |     weA            | connected to signal <wr_en>         | high     |
    |     addrA          | connected to signal <wr_reg>        |          |
    |     diA            | connected to signal <din>           |          |
    -----------------------------------------------------------------------
    | optimization       | area                                |          |
    -----------------------------------------------------------------------
    | Port B                                                              |
    |     aspect ratio   | 2-word x 8-bit                      |          |
    |     mode           | write-first                         |          |
    |     clkB           | connected to signal <clock>         | rise     |
    |     enB            | connected to signal <db_rd>         | high     |
    |     addrB          | connected to signal <rd_reg>        |          |
    |     doB            | connected to signal <out>           |          |
    -----------------------------------------------------------------------
    | optimization       | area                                |          |
    -----------------------------------------------------------------------
Unit <fifo> synthesized (advanced).

Synthesizing (advanced) Unit <microfono>.
The following registers are absorbed into counter <count>: 1 register on signal <count>.
Unit <microfono> synthesized (advanced).

Synthesizing (advanced) Unit <pwm>.
The following registers are absorbed into counter <count>: 1 register on signal <count>.
Unit <pwm> synthesized (advanced).

=========================================================================
Advanced HDL Synthesis Report

Macro Statistics
# RAMs                                                 : 1
 2x8-bit dual-port block RAM                           : 1
# Adders/Subtractors                                   : 2
 1-bit adder                                           : 2
# Counters                                             : 5
 1-bit up counter                                      : 2
 32-bit down counter                                   : 1
 4-bit up counter                                      : 1
 8-bit up counter                                      : 1
# Registers                                            : 17
 Flip-Flops                                            : 17
# Comparators                                          : 3
 1-bit comparator not equal                            : 1
 4-bit comparator greater                              : 1
 8-bit comparator greater                              : 1
# Multiplexers                                         : 1
 1-bit 8-to-1 multiplexer                              : 1

=========================================================================

=========================================================================
*                         Low Level Synthesis                           *
=========================================================================
WARNING:Xst:1710 - FF/Latch <ampPWM> (without init value) has a constant value of 0 in block <pwm>. This FF/Latch will be trimmed during the optimization process.
WARNING:Xst:1710 - FF/Latch <empty_reg> (without init value) has a constant value of 1 in block <fifo>. This FF/Latch will be trimmed during the optimization process.
WARNING:Xst:1895 - Due to other FF/Latch trimming, FF/Latch <full_reg> (without init value) has a constant value of 0 in block <fifo>. This FF/Latch will be trimmed during the optimization process.
WARNING:Xst:1895 - Due to other FF/Latch trimming, FF/Latch <dffw1> (without init value) has a constant value of 0 in block <fifo>. This FF/Latch will be trimmed during the optimization process.
WARNING:Xst:1895 - Due to other FF/Latch trimming, FF/Latch <dffr1> (without init value) has a constant value of 0 in block <fifo>. This FF/Latch will be trimmed during the optimization process.
WARNING:Xst:1895 - Due to other FF/Latch trimming, FF/Latch <dffw2> (without init value) has a constant value of 0 in block <fifo>. This FF/Latch will be trimmed during the optimization process.
WARNING:Xst:1895 - Due to other FF/Latch trimming, FF/Latch <dffr2> (without init value) has a constant value of 0 in block <fifo>. This FF/Latch will be trimmed during the optimization process.
WARNING:Xst:1710 - FF/Latch <sregt_0> (without init value) has a constant value of 0 in block <microfono>. This FF/Latch will be trimmed during the optimization process.
WARNING:Xst:1895 - Due to other FF/Latch trimming, FF/Latch <sregt_1> (without init value) has a constant value of 0 in block <microfono>. This FF/Latch will be trimmed during the optimization process.
WARNING:Xst:1895 - Due to other FF/Latch trimming, FF/Latch <sregt_2> (without init value) has a constant value of 0 in block <microfono>. This FF/Latch will be trimmed during the optimization process.
WARNING:Xst:1895 - Due to other FF/Latch trimming, FF/Latch <sregt_3> (without init value) has a constant value of 0 in block <microfono>. This FF/Latch will be trimmed during the optimization process.
WARNING:Xst:1895 - Due to other FF/Latch trimming, FF/Latch <sregt_4> (without init value) has a constant value of 0 in block <microfono>. This FF/Latch will be trimmed during the optimization process.
WARNING:Xst:1895 - Due to other FF/Latch trimming, FF/Latch <sregt_5> (without init value) has a constant value of 0 in block <microfono>. This FF/Latch will be trimmed during the optimization process.
WARNING:Xst:1895 - Due to other FF/Latch trimming, FF/Latch <sregt_6> (without init value) has a constant value of 0 in block <microfono>. This FF/Latch will be trimmed during the optimization process.
WARNING:Xst:1895 - Due to other FF/Latch trimming, FF/Latch <sregt_7> (without init value) has a constant value of 0 in block <microfono>. This FF/Latch will be trimmed during the optimization process.
WARNING:Xst:2677 - Node <df/clkout> of sequential type is unconnected in block <microfono>.
INFO:Xst:2146 - In block <fifo>, Counter <wr_reg_0> <rd_reg_0> are equivalent, XST will keep only <wr_reg_0>.
WARNING:Xst:1710 - FF/Latch <wr_reg_0> (without init value) has a constant value of 0 in block <fifo>. This FF/Latch will be trimmed during the optimization process.
WARNING:Xst:2677 - Node <fi/Mram_regarray> of sequential type is unconnected in block <microfono>.

Optimizing unit <microfono> ...

Mapping all equations...
Building and optimizing final netlist ...
Found area constraint ratio of 100 (+ 0) on block microfono, actual ratio is 0.

Final Macro Processing ...

=========================================================================
Final Register Report

Macro Statistics
# Registers                                            : 1
 Flip-Flops                                            : 1

=========================================================================

=========================================================================
*                           Partition Report                            *
=========================================================================

Partition Implementation Status
-------------------------------

  No Partitions were found in this design.

-------------------------------

=========================================================================
*                            Design Summary                             *
=========================================================================

Top Level Output File Name         : project.ngc

Primitive and Black Box Usage:
------------------------------
# BELS                             : 3
#      GND                         : 1
#      INV                         : 1
#      VCC                         : 1
# FlipFlops/Latches                : 1
#      FD                          : 1
# Clock Buffers                    : 1
#      BUFGP                       : 1
# IO Buffers                       : 8
#      IBUF                        : 1
#      OBUF                        : 7

Device utilization summary:
---------------------------

Selected Device : 7a100tcsg324-1 


Slice Logic Utilization: 
 Number of Slice LUTs:                    1  out of  63400     0%  
    Number used as Logic:                 1  out of  63400     0%  

Slice Logic Distribution: 
 Number of LUT Flip Flop pairs used:      1
   Number with an unused Flip Flop:       1  out of      1   100%  
   Number with an unused LUT:             0  out of      1     0%  
   Number of fully used LUT-FF pairs:     0  out of      1     0%  
   Number of unique control sets:         1

IO Utilization: 
 Number of IOs:                          12
 Number of bonded IOBs:                   9  out of    210     4%  
    IOB Flip Flops/Latches:               1

Specific Feature Utilization:
 Number of BUFG/BUFGCTRLs:                1  out of     32     3%  

---------------------------
Partition Resource Summary:
---------------------------

  No Partitions were found in this design.

---------------------------


=========================================================================
Timing Report

NOTE: THESE TIMING NUMBERS ARE ONLY A SYNTHESIS ESTIMATE.
      FOR ACCURATE TIMING INFORMATION PLEASE REFER TO THE TRACE REPORT
      GENERATED AFTER PLACE-and-ROUTE.

Clock Information:
------------------
-----------------------------------+------------------------+-------+
Clock Signal                       | Clock buffer(FF name)  | Load  |
-----------------------------------+------------------------+-------+
clk                                | BUFGP                  | 1     |
-----------------------------------+------------------------+-------+

Asynchronous Control Signals Information:
----------------------------------------
No asynchronous control signals found in this design

Timing Summary:
---------------
Speed Grade: -1

   Minimum period: No path found
   Minimum input arrival time before clock: 0.975ns
   Maximum output required time after clock: 0.877ns
   Maximum combinational path delay: No path found

Timing Details:
---------------
All values displayed in nanoseconds (ns)

=========================================================================
Timing constraint: Default OFFSET IN BEFORE for Clock 'clk'
  Total number of paths / destination ports: 1 / 1
-------------------------------------------------------------------------
Offset:              0.975ns (Levels of Logic = 2)
  Source:            reset (PAD)
  Destination:       df/led (FF)
  Destination Clock: clk rising

  Data Path: reset to df/led
                                Gate     Net
    Cell:in->out      fanout   Delay   Delay  Logical Name (Net Name)
    ----------------------------------------  ------------
     IBUF:I->O             1   0.001   0.399  reset_IBUF (reset_IBUF)
     INV:I->O              1   0.146   0.399  df/reset_INV_41_o1_INV_0 (df/reset_INV_41_o)
     FD:D                      0.030          df/led
    ----------------------------------------
    Total                      0.975ns (0.177ns logic, 0.798ns route)
                                       (18.2% logic, 81.8% route)

=========================================================================
Timing constraint: Default OFFSET OUT AFTER for Clock 'clk'
  Total number of paths / destination ports: 1 / 1
-------------------------------------------------------------------------
Offset:              0.877ns (Levels of Logic = 1)
  Source:            df/led (FF)
  Destination:       ledres (PAD)
  Source Clock:      clk rising

  Data Path: df/led to ledres
                                Gate     Net
    Cell:in->out      fanout   Delay   Delay  Logical Name (Net Name)
    ----------------------------------------  ------------
     FD:C->Q               1   0.478   0.399  df/led (df/led)
     OBUF:I->O                 0.000          ledres_OBUF (ledres)
    ----------------------------------------
    Total                      0.877ns (0.478ns logic, 0.399ns route)
                                       (54.5% logic, 45.5% route)

=========================================================================

Cross Clock Domains Report:
--------------------------

=========================================================================


Total REAL time to Xst completion: 70.00 secs
Total CPU time to Xst completion: 69.28 secs
 
--> 


Total memory usage is 504668 kilobytes

Number of errors   :    0 (   0 filtered)
Number of warnings :   63 (   0 filtered)
Number of infos    :    4 (   0 filtered)

