--------------------------------------------------------------------------------
Release 14.7 Trace  (lin64)
Copyright (c) 1995-2013 Xilinx, Inc.  All rights reserved.

/opt/Xilinx/14.7/ISE_DS/ISE/bin/lin64/unwrapped/trce -v 25 project_r.ncd
project.pcf

Design file:              project_r.ncd
Physical constraint file: project.pcf
Device,package,speed:     xc7a100t,csg324,C,-1 (PRODUCTION 1.10 2013-10-13)
Report level:             verbose report, limited to 25 items per constraint

Environment Variable      Effect 
--------------------      ------ 
NONE                      No environment variables were set
--------------------------------------------------------------------------------

INFO:Timing:3412 - To improve timing, see the Timing Closure User Guide (UG612).
INFO:Timing:2752 - To get complete path coverage, use the unconstrained paths 
   option. All paths that are not constrained will be reported in the 
   unconstrained paths section(s) of the report.
INFO:Timing:3339 - The clock-to-out numbers in this timing report are based on 
   a 50 Ohm transmission line loading model.  For the details of this model, 
   and for more information on accounting for different loading conditions, 
   please see the device datasheet.

================================================================================
Timing constraint: TS_sys_clk_pin = PERIOD TIMEGRP "sys_clk_pin" 100 MHz HIGH 
50%;
For more information, see Period Analysis in the Timing Closure User Guide (UG612).

 52 paths analyzed, 27 endpoints analyzed, 0 failing endpoints
 0 timing errors detected. (0 setup errors, 0 hold errors, 0 component switching limit errors)
 Minimum period is   4.102ns.
--------------------------------------------------------------------------------
Slack:                  5.898ns (requirement - (data path - clock path skew + uncertainty))
  Source:               df/count_4 (FF)
  Destination:          df/clkout_1 (FF)
  Requirement:          10.000ns
  Data Path Delay:      4.026ns (Levels of Logic = 1)
  Clock Path Skew:      -0.041ns (1.574 - 1.615)
  Source Clock:         clk_BUFGP rising at 0.000ns
  Destination Clock:    clk_BUFGP rising at 10.000ns
  Clock Uncertainty:    0.035ns

  Clock Uncertainty:          0.035ns  ((TSJ^2 + TIJ^2)^1/2 + DJ) / 2 + PE
    Total System Jitter (TSJ):  0.070ns
    Total Input Jitter (TIJ):   0.000ns
    Discrete Jitter (DJ):       0.000ns
    Phase Error (PE):           0.000ns

  Maximum Data Path at Slow Process Corner: df/count_4 to df/clkout_1
    Location             Delay type         Delay(ns)  Physical Resource
                                                       Logical Resource(s)
    -------------------------------------------------  -------------------
    SLICE_X67Y77.AQ      Tcko                  0.456   df/count<4>
                                                       df/count_4
    SLICE_X68Y77.D1      net (fanout=4)        1.007   df/count<4>
    SLICE_X68Y77.D       Tilo                  0.124   df/clkout
                                                       df/clkout_rstpot
    OLOGIC_X1Y100.D1     net (fanout=1)        1.605   df/clkout_rstpot
    OLOGIC_X1Y100.CLK    Todck                 0.834   df/clkout_1
                                                       df/clkout_1
    -------------------------------------------------  ---------------------------
    Total                                      4.026ns (1.414ns logic, 2.612ns route)
                                                       (35.1% logic, 64.9% route)

--------------------------------------------------------------------------------
Slack:                  6.006ns (requirement - (data path - clock path skew + uncertainty))
  Source:               df/count_1 (FF)
  Destination:          df/clkout_1 (FF)
  Requirement:          10.000ns
  Data Path Delay:      3.918ns (Levels of Logic = 1)
  Clock Path Skew:      -0.041ns (1.574 - 1.615)
  Source Clock:         clk_BUFGP rising at 0.000ns
  Destination Clock:    clk_BUFGP rising at 10.000ns
  Clock Uncertainty:    0.035ns

  Clock Uncertainty:          0.035ns  ((TSJ^2 + TIJ^2)^1/2 + DJ) / 2 + PE
    Total System Jitter (TSJ):  0.070ns
    Total Input Jitter (TIJ):   0.000ns
    Discrete Jitter (DJ):       0.000ns
    Phase Error (PE):           0.000ns

  Maximum Data Path at Slow Process Corner: df/count_1 to df/clkout_1
    Location             Delay type         Delay(ns)  Physical Resource
                                                       Logical Resource(s)
    -------------------------------------------------  -------------------
    SLICE_X66Y77.BQ      Tcko                  0.518   df/count<3>
                                                       df/count_1
    SLICE_X68Y77.D2      net (fanout=4)        0.837   df/count<1>
    SLICE_X68Y77.D       Tilo                  0.124   df/clkout
                                                       df/clkout_rstpot
    OLOGIC_X1Y100.D1     net (fanout=1)        1.605   df/clkout_rstpot
    OLOGIC_X1Y100.CLK    Todck                 0.834   df/clkout_1
                                                       df/clkout_1
    -------------------------------------------------  ---------------------------
    Total                                      3.918ns (1.476ns logic, 2.442ns route)
                                                       (37.7% logic, 62.3% route)

--------------------------------------------------------------------------------
Slack:                  6.233ns (requirement - (data path - clock path skew + uncertainty))
  Source:               df/count_3 (FF)
  Destination:          df/clkout_1 (FF)
  Requirement:          10.000ns
  Data Path Delay:      3.691ns (Levels of Logic = 1)
  Clock Path Skew:      -0.041ns (1.574 - 1.615)
  Source Clock:         clk_BUFGP rising at 0.000ns
  Destination Clock:    clk_BUFGP rising at 10.000ns
  Clock Uncertainty:    0.035ns

  Clock Uncertainty:          0.035ns  ((TSJ^2 + TIJ^2)^1/2 + DJ) / 2 + PE
    Total System Jitter (TSJ):  0.070ns
    Total Input Jitter (TIJ):   0.000ns
    Discrete Jitter (DJ):       0.000ns
    Phase Error (PE):           0.000ns

  Maximum Data Path at Slow Process Corner: df/count_3 to df/clkout_1
    Location             Delay type         Delay(ns)  Physical Resource
                                                       Logical Resource(s)
    -------------------------------------------------  -------------------
    SLICE_X66Y77.DQ      Tcko                  0.518   df/count<3>
                                                       df/count_3
    SLICE_X68Y77.D4      net (fanout=4)        0.610   df/count<3>
    SLICE_X68Y77.D       Tilo                  0.124   df/clkout
                                                       df/clkout_rstpot
    OLOGIC_X1Y100.D1     net (fanout=1)        1.605   df/clkout_rstpot
    OLOGIC_X1Y100.CLK    Todck                 0.834   df/clkout_1
                                                       df/clkout_1
    -------------------------------------------------  ---------------------------
    Total                                      3.691ns (1.476ns logic, 2.215ns route)
                                                       (40.0% logic, 60.0% route)

--------------------------------------------------------------------------------
Slack:                  6.378ns (requirement - (data path - clock path skew + uncertainty))
  Source:               df/clkout (FF)
  Destination:          df/clkout_1 (FF)
  Requirement:          10.000ns
  Data Path Delay:      3.546ns (Levels of Logic = 1)
  Clock Path Skew:      -0.041ns (1.574 - 1.615)
  Source Clock:         clk_BUFGP rising at 0.000ns
  Destination Clock:    clk_BUFGP rising at 10.000ns
  Clock Uncertainty:    0.035ns

  Clock Uncertainty:          0.035ns  ((TSJ^2 + TIJ^2)^1/2 + DJ) / 2 + PE
    Total System Jitter (TSJ):  0.070ns
    Total Input Jitter (TIJ):   0.000ns
    Discrete Jitter (DJ):       0.000ns
    Phase Error (PE):           0.000ns

  Maximum Data Path at Slow Process Corner: df/clkout to df/clkout_1
    Location             Delay type         Delay(ns)  Physical Resource
                                                       Logical Resource(s)
    -------------------------------------------------  -------------------
    SLICE_X68Y77.DQ      Tcko                  0.456   df/clkout
                                                       df/clkout
    SLICE_X68Y77.D3      net (fanout=14)       0.527   df/clkout
    SLICE_X68Y77.D       Tilo                  0.124   df/clkout
                                                       df/clkout_rstpot
    OLOGIC_X1Y100.D1     net (fanout=1)        1.605   df/clkout_rstpot
    OLOGIC_X1Y100.CLK    Todck                 0.834   df/clkout_1
                                                       df/clkout_1
    -------------------------------------------------  ---------------------------
    Total                                      3.546ns (1.414ns logic, 2.132ns route)
                                                       (39.9% logic, 60.1% route)

--------------------------------------------------------------------------------
Slack:                  6.387ns (requirement - (data path - clock path skew + uncertainty))
  Source:               df/count_2 (FF)
  Destination:          df/clkout_1 (FF)
  Requirement:          10.000ns
  Data Path Delay:      3.537ns (Levels of Logic = 1)
  Clock Path Skew:      -0.041ns (1.574 - 1.615)
  Source Clock:         clk_BUFGP rising at 0.000ns
  Destination Clock:    clk_BUFGP rising at 10.000ns
  Clock Uncertainty:    0.035ns

  Clock Uncertainty:          0.035ns  ((TSJ^2 + TIJ^2)^1/2 + DJ) / 2 + PE
    Total System Jitter (TSJ):  0.070ns
    Total Input Jitter (TIJ):   0.000ns
    Discrete Jitter (DJ):       0.000ns
    Phase Error (PE):           0.000ns

  Maximum Data Path at Slow Process Corner: df/count_2 to df/clkout_1
    Location             Delay type         Delay(ns)  Physical Resource
                                                       Logical Resource(s)
    -------------------------------------------------  -------------------
    SLICE_X66Y77.CQ      Tcko                  0.518   df/count<3>
                                                       df/count_2
    SLICE_X68Y77.D5      net (fanout=4)        0.456   df/count<2>
    SLICE_X68Y77.D       Tilo                  0.124   df/clkout
                                                       df/clkout_rstpot
    OLOGIC_X1Y100.D1     net (fanout=1)        1.605   df/clkout_rstpot
    OLOGIC_X1Y100.CLK    Todck                 0.834   df/clkout_1
                                                       df/clkout_1
    -------------------------------------------------  ---------------------------
    Total                                      3.537ns (1.476ns logic, 2.061ns route)
                                                       (41.7% logic, 58.3% route)

--------------------------------------------------------------------------------
Slack:                  6.501ns (requirement - (data path - clock path skew + uncertainty))
  Source:               df/count_0 (FF)
  Destination:          df/clkout_1 (FF)
  Requirement:          10.000ns
  Data Path Delay:      3.423ns (Levels of Logic = 1)
  Clock Path Skew:      -0.041ns (1.574 - 1.615)
  Source Clock:         clk_BUFGP rising at 0.000ns
  Destination Clock:    clk_BUFGP rising at 10.000ns
  Clock Uncertainty:    0.035ns

  Clock Uncertainty:          0.035ns  ((TSJ^2 + TIJ^2)^1/2 + DJ) / 2 + PE
    Total System Jitter (TSJ):  0.070ns
    Total Input Jitter (TIJ):   0.000ns
    Discrete Jitter (DJ):       0.000ns
    Phase Error (PE):           0.000ns

  Maximum Data Path at Slow Process Corner: df/count_0 to df/clkout_1
    Location             Delay type         Delay(ns)  Physical Resource
                                                       Logical Resource(s)
    -------------------------------------------------  -------------------
    SLICE_X66Y77.AQ      Tcko                  0.518   df/count<3>
                                                       df/count_0
    SLICE_X68Y77.D6      net (fanout=4)        0.342   df/count<0>
    SLICE_X68Y77.D       Tilo                  0.124   df/clkout
                                                       df/clkout_rstpot
    OLOGIC_X1Y100.D1     net (fanout=1)        1.605   df/clkout_rstpot
    OLOGIC_X1Y100.CLK    Todck                 0.834   df/clkout_1
                                                       df/clkout_1
    -------------------------------------------------  ---------------------------
    Total                                      3.423ns (1.476ns logic, 1.947ns route)
                                                       (43.1% logic, 56.9% route)

--------------------------------------------------------------------------------
Slack:                  7.308ns (requirement - (data path - clock path skew + uncertainty))
  Source:               df/count_1 (FF)
  Destination:          df/count_4 (FF)
  Requirement:          10.000ns
  Data Path Delay:      2.635ns (Levels of Logic = 3)
  Clock Path Skew:      -0.022ns (0.153 - 0.175)
  Source Clock:         clk_BUFGP rising at 0.000ns
  Destination Clock:    clk_BUFGP rising at 10.000ns
  Clock Uncertainty:    0.035ns

  Clock Uncertainty:          0.035ns  ((TSJ^2 + TIJ^2)^1/2 + DJ) / 2 + PE
    Total System Jitter (TSJ):  0.070ns
    Total Input Jitter (TIJ):   0.000ns
    Discrete Jitter (DJ):       0.000ns
    Phase Error (PE):           0.000ns

  Maximum Data Path at Slow Process Corner: df/count_1 to df/count_4
    Location             Delay type         Delay(ns)  Physical Resource
                                                       Logical Resource(s)
    -------------------------------------------------  -------------------
    SLICE_X66Y77.BQ      Tcko                  0.518   df/count<3>
                                                       df/count_1
    SLICE_X66Y77.B2      net (fanout=4)        0.676   df/count<1>
    SLICE_X66Y77.COUT    Topcyb                0.657   df/count<3>
                                                       df/Mcount_count_lut<1>_INV_0
                                                       df/Mcount_count_cy<3>
    SLICE_X66Y78.CIN     net (fanout=1)        0.000   df/Mcount_count_cy<3>
    SLICE_X66Y78.AMUX    Tcina                 0.390   Result<4>1
                                                       df/Mcount_count_xor<4>
    SLICE_X67Y77.A6      net (fanout=1)        0.299   Result<4>1
    SLICE_X67Y77.CLK     Tas                   0.095   df/count<4>
                                                       df/Mcount_count_eqn_41
                                                       df/count_4
    -------------------------------------------------  ---------------------------
    Total                                      2.635ns (1.660ns logic, 0.975ns route)
                                                       (63.0% logic, 37.0% route)

--------------------------------------------------------------------------------
Slack:                  7.419ns (requirement - (data path - clock path skew + uncertainty))
  Source:               df/count_1 (FF)
  Destination:          df/count_3 (FF)
  Requirement:          10.000ns
  Data Path Delay:      2.546ns (Levels of Logic = 1)
  Clock Path Skew:      0.000ns
  Source Clock:         clk_BUFGP rising at 0.000ns
  Destination Clock:    clk_BUFGP rising at 10.000ns
  Clock Uncertainty:    0.035ns

  Clock Uncertainty:          0.035ns  ((TSJ^2 + TIJ^2)^1/2 + DJ) / 2 + PE
    Total System Jitter (TSJ):  0.070ns
    Total Input Jitter (TIJ):   0.000ns
    Discrete Jitter (DJ):       0.000ns
    Phase Error (PE):           0.000ns

  Maximum Data Path at Slow Process Corner: df/count_1 to df/count_3
    Location             Delay type         Delay(ns)  Physical Resource
                                                       Logical Resource(s)
    -------------------------------------------------  -------------------
    SLICE_X66Y77.BQ      Tcko                  0.518   df/count<3>
                                                       df/count_1
    SLICE_X69Y77.A1      net (fanout=4)        0.844   df/count<1>
    SLICE_X69Y77.A       Tilo                  0.124   df/count[31]_GND_5_o_equal_2_o_0
                                                       df/count[31]_GND_5_o_equal_2_o_01
    SLICE_X66Y77.SR      net (fanout=1)        0.536   df/count[31]_GND_5_o_equal_2_o_0
    SLICE_X66Y77.CLK     Tsrck                 0.524   df/count<3>
                                                       df/count_3
    -------------------------------------------------  ---------------------------
    Total                                      2.546ns (1.166ns logic, 1.380ns route)
                                                       (45.8% logic, 54.2% route)

--------------------------------------------------------------------------------
Slack:                  7.419ns (requirement - (data path - clock path skew + uncertainty))
  Source:               df/count_1 (FF)
  Destination:          df/count_0 (FF)
  Requirement:          10.000ns
  Data Path Delay:      2.546ns (Levels of Logic = 1)
  Clock Path Skew:      0.000ns
  Source Clock:         clk_BUFGP rising at 0.000ns
  Destination Clock:    clk_BUFGP rising at 10.000ns
  Clock Uncertainty:    0.035ns

  Clock Uncertainty:          0.035ns  ((TSJ^2 + TIJ^2)^1/2 + DJ) / 2 + PE
    Total System Jitter (TSJ):  0.070ns
    Total Input Jitter (TIJ):   0.000ns
    Discrete Jitter (DJ):       0.000ns
    Phase Error (PE):           0.000ns

  Maximum Data Path at Slow Process Corner: df/count_1 to df/count_0
    Location             Delay type         Delay(ns)  Physical Resource
                                                       Logical Resource(s)
    -------------------------------------------------  -------------------
    SLICE_X66Y77.BQ      Tcko                  0.518   df/count<3>
                                                       df/count_1
    SLICE_X69Y77.A1      net (fanout=4)        0.844   df/count<1>
    SLICE_X69Y77.A       Tilo                  0.124   df/count[31]_GND_5_o_equal_2_o_0
                                                       df/count[31]_GND_5_o_equal_2_o_01
    SLICE_X66Y77.SR      net (fanout=1)        0.536   df/count[31]_GND_5_o_equal_2_o_0
    SLICE_X66Y77.CLK     Tsrck                 0.524   df/count<3>
                                                       df/count_0
    -------------------------------------------------  ---------------------------
    Total                                      2.546ns (1.166ns logic, 1.380ns route)
                                                       (45.8% logic, 54.2% route)

--------------------------------------------------------------------------------
Slack:                  7.419ns (requirement - (data path - clock path skew + uncertainty))
  Source:               df/count_1 (FF)
  Destination:          df/count_2 (FF)
  Requirement:          10.000ns
  Data Path Delay:      2.546ns (Levels of Logic = 1)
  Clock Path Skew:      0.000ns
  Source Clock:         clk_BUFGP rising at 0.000ns
  Destination Clock:    clk_BUFGP rising at 10.000ns
  Clock Uncertainty:    0.035ns

  Clock Uncertainty:          0.035ns  ((TSJ^2 + TIJ^2)^1/2 + DJ) / 2 + PE
    Total System Jitter (TSJ):  0.070ns
    Total Input Jitter (TIJ):   0.000ns
    Discrete Jitter (DJ):       0.000ns
    Phase Error (PE):           0.000ns

  Maximum Data Path at Slow Process Corner: df/count_1 to df/count_2
    Location             Delay type         Delay(ns)  Physical Resource
                                                       Logical Resource(s)
    -------------------------------------------------  -------------------
    SLICE_X66Y77.BQ      Tcko                  0.518   df/count<3>
                                                       df/count_1
    SLICE_X69Y77.A1      net (fanout=4)        0.844   df/count<1>
    SLICE_X69Y77.A       Tilo                  0.124   df/count[31]_GND_5_o_equal_2_o_0
                                                       df/count[31]_GND_5_o_equal_2_o_01
    SLICE_X66Y77.SR      net (fanout=1)        0.536   df/count[31]_GND_5_o_equal_2_o_0
    SLICE_X66Y77.CLK     Tsrck                 0.524   df/count<3>
                                                       df/count_2
    -------------------------------------------------  ---------------------------
    Total                                      2.546ns (1.166ns logic, 1.380ns route)
                                                       (45.8% logic, 54.2% route)

--------------------------------------------------------------------------------
Slack:                  7.419ns (requirement - (data path - clock path skew + uncertainty))
  Source:               df/count_1 (FF)
  Destination:          df/count_1 (FF)
  Requirement:          10.000ns
  Data Path Delay:      2.546ns (Levels of Logic = 1)
  Clock Path Skew:      0.000ns
  Source Clock:         clk_BUFGP rising at 0.000ns
  Destination Clock:    clk_BUFGP rising at 10.000ns
  Clock Uncertainty:    0.035ns

  Clock Uncertainty:          0.035ns  ((TSJ^2 + TIJ^2)^1/2 + DJ) / 2 + PE
    Total System Jitter (TSJ):  0.070ns
    Total Input Jitter (TIJ):   0.000ns
    Discrete Jitter (DJ):       0.000ns
    Phase Error (PE):           0.000ns

  Maximum Data Path at Slow Process Corner: df/count_1 to df/count_1
    Location             Delay type         Delay(ns)  Physical Resource
                                                       Logical Resource(s)
    -------------------------------------------------  -------------------
    SLICE_X66Y77.BQ      Tcko                  0.518   df/count<3>
                                                       df/count_1
    SLICE_X69Y77.A1      net (fanout=4)        0.844   df/count<1>
    SLICE_X69Y77.A       Tilo                  0.124   df/count[31]_GND_5_o_equal_2_o_0
                                                       df/count[31]_GND_5_o_equal_2_o_01
    SLICE_X66Y77.SR      net (fanout=1)        0.536   df/count[31]_GND_5_o_equal_2_o_0
    SLICE_X66Y77.CLK     Tsrck                 0.524   df/count<3>
                                                       df/count_1
    -------------------------------------------------  ---------------------------
    Total                                      2.546ns (1.166ns logic, 1.380ns route)
                                                       (45.8% logic, 54.2% route)

--------------------------------------------------------------------------------
Slack:                  7.426ns (requirement - (data path - clock path skew + uncertainty))
  Source:               df/count_0 (FF)
  Destination:          df/count_2 (FF)
  Requirement:          10.000ns
  Data Path Delay:      2.539ns (Levels of Logic = 1)
  Clock Path Skew:      0.000ns
  Source Clock:         clk_BUFGP rising at 0.000ns
  Destination Clock:    clk_BUFGP rising at 10.000ns
  Clock Uncertainty:    0.035ns

  Clock Uncertainty:          0.035ns  ((TSJ^2 + TIJ^2)^1/2 + DJ) / 2 + PE
    Total System Jitter (TSJ):  0.070ns
    Total Input Jitter (TIJ):   0.000ns
    Discrete Jitter (DJ):       0.000ns
    Phase Error (PE):           0.000ns

  Maximum Data Path at Slow Process Corner: df/count_0 to df/count_2
    Location             Delay type         Delay(ns)  Physical Resource
                                                       Logical Resource(s)
    -------------------------------------------------  -------------------
    SLICE_X66Y77.AQ      Tcko                  0.518   df/count<3>
                                                       df/count_0
    SLICE_X69Y77.A2      net (fanout=4)        0.837   df/count<0>
    SLICE_X69Y77.A       Tilo                  0.124   df/count[31]_GND_5_o_equal_2_o_0
                                                       df/count[31]_GND_5_o_equal_2_o_01
    SLICE_X66Y77.SR      net (fanout=1)        0.536   df/count[31]_GND_5_o_equal_2_o_0
    SLICE_X66Y77.CLK     Tsrck                 0.524   df/count<3>
                                                       df/count_2
    -------------------------------------------------  ---------------------------
    Total                                      2.539ns (1.166ns logic, 1.373ns route)
                                                       (45.9% logic, 54.1% route)

--------------------------------------------------------------------------------
Slack:                  7.426ns (requirement - (data path - clock path skew + uncertainty))
  Source:               df/count_0 (FF)
  Destination:          df/count_3 (FF)
  Requirement:          10.000ns
  Data Path Delay:      2.539ns (Levels of Logic = 1)
  Clock Path Skew:      0.000ns
  Source Clock:         clk_BUFGP rising at 0.000ns
  Destination Clock:    clk_BUFGP rising at 10.000ns
  Clock Uncertainty:    0.035ns

  Clock Uncertainty:          0.035ns  ((TSJ^2 + TIJ^2)^1/2 + DJ) / 2 + PE
    Total System Jitter (TSJ):  0.070ns
    Total Input Jitter (TIJ):   0.000ns
    Discrete Jitter (DJ):       0.000ns
    Phase Error (PE):           0.000ns

  Maximum Data Path at Slow Process Corner: df/count_0 to df/count_3
    Location             Delay type         Delay(ns)  Physical Resource
                                                       Logical Resource(s)
    -------------------------------------------------  -------------------
    SLICE_X66Y77.AQ      Tcko                  0.518   df/count<3>
                                                       df/count_0
    SLICE_X69Y77.A2      net (fanout=4)        0.837   df/count<0>
    SLICE_X69Y77.A       Tilo                  0.124   df/count[31]_GND_5_o_equal_2_o_0
                                                       df/count[31]_GND_5_o_equal_2_o_01
    SLICE_X66Y77.SR      net (fanout=1)        0.536   df/count[31]_GND_5_o_equal_2_o_0
    SLICE_X66Y77.CLK     Tsrck                 0.524   df/count<3>
                                                       df/count_3
    -------------------------------------------------  ---------------------------
    Total                                      2.539ns (1.166ns logic, 1.373ns route)
                                                       (45.9% logic, 54.1% route)

--------------------------------------------------------------------------------
Slack:                  7.426ns (requirement - (data path - clock path skew + uncertainty))
  Source:               df/count_0 (FF)
  Destination:          df/count_0 (FF)
  Requirement:          10.000ns
  Data Path Delay:      2.539ns (Levels of Logic = 1)
  Clock Path Skew:      0.000ns
  Source Clock:         clk_BUFGP rising at 0.000ns
  Destination Clock:    clk_BUFGP rising at 10.000ns
  Clock Uncertainty:    0.035ns

  Clock Uncertainty:          0.035ns  ((TSJ^2 + TIJ^2)^1/2 + DJ) / 2 + PE
    Total System Jitter (TSJ):  0.070ns
    Total Input Jitter (TIJ):   0.000ns
    Discrete Jitter (DJ):       0.000ns
    Phase Error (PE):           0.000ns

  Maximum Data Path at Slow Process Corner: df/count_0 to df/count_0
    Location             Delay type         Delay(ns)  Physical Resource
                                                       Logical Resource(s)
    -------------------------------------------------  -------------------
    SLICE_X66Y77.AQ      Tcko                  0.518   df/count<3>
                                                       df/count_0
    SLICE_X69Y77.A2      net (fanout=4)        0.837   df/count<0>
    SLICE_X69Y77.A       Tilo                  0.124   df/count[31]_GND_5_o_equal_2_o_0
                                                       df/count[31]_GND_5_o_equal_2_o_01
    SLICE_X66Y77.SR      net (fanout=1)        0.536   df/count[31]_GND_5_o_equal_2_o_0
    SLICE_X66Y77.CLK     Tsrck                 0.524   df/count<3>
                                                       df/count_0
    -------------------------------------------------  ---------------------------
    Total                                      2.539ns (1.166ns logic, 1.373ns route)
                                                       (45.9% logic, 54.1% route)

--------------------------------------------------------------------------------
Slack:                  7.426ns (requirement - (data path - clock path skew + uncertainty))
  Source:               df/count_0 (FF)
  Destination:          df/count_1 (FF)
  Requirement:          10.000ns
  Data Path Delay:      2.539ns (Levels of Logic = 1)
  Clock Path Skew:      0.000ns
  Source Clock:         clk_BUFGP rising at 0.000ns
  Destination Clock:    clk_BUFGP rising at 10.000ns
  Clock Uncertainty:    0.035ns

  Clock Uncertainty:          0.035ns  ((TSJ^2 + TIJ^2)^1/2 + DJ) / 2 + PE
    Total System Jitter (TSJ):  0.070ns
    Total Input Jitter (TIJ):   0.000ns
    Discrete Jitter (DJ):       0.000ns
    Phase Error (PE):           0.000ns

  Maximum Data Path at Slow Process Corner: df/count_0 to df/count_1
    Location             Delay type         Delay(ns)  Physical Resource
                                                       Logical Resource(s)
    -------------------------------------------------  -------------------
    SLICE_X66Y77.AQ      Tcko                  0.518   df/count<3>
                                                       df/count_0
    SLICE_X69Y77.A2      net (fanout=4)        0.837   df/count<0>
    SLICE_X69Y77.A       Tilo                  0.124   df/count[31]_GND_5_o_equal_2_o_0
                                                       df/count[31]_GND_5_o_equal_2_o_01
    SLICE_X66Y77.SR      net (fanout=1)        0.536   df/count[31]_GND_5_o_equal_2_o_0
    SLICE_X66Y77.CLK     Tsrck                 0.524   df/count<3>
                                                       df/count_1
    -------------------------------------------------  ---------------------------
    Total                                      2.539ns (1.166ns logic, 1.373ns route)
                                                       (45.9% logic, 54.1% route)

--------------------------------------------------------------------------------
Slack:                  7.447ns (requirement - (data path - clock path skew + uncertainty))
  Source:               df/count_2 (FF)
  Destination:          df/count_4 (FF)
  Requirement:          10.000ns
  Data Path Delay:      2.496ns (Levels of Logic = 3)
  Clock Path Skew:      -0.022ns (0.153 - 0.175)
  Source Clock:         clk_BUFGP rising at 0.000ns
  Destination Clock:    clk_BUFGP rising at 10.000ns
  Clock Uncertainty:    0.035ns

  Clock Uncertainty:          0.035ns  ((TSJ^2 + TIJ^2)^1/2 + DJ) / 2 + PE
    Total System Jitter (TSJ):  0.070ns
    Total Input Jitter (TIJ):   0.000ns
    Discrete Jitter (DJ):       0.000ns
    Phase Error (PE):           0.000ns

  Maximum Data Path at Slow Process Corner: df/count_2 to df/count_4
    Location             Delay type         Delay(ns)  Physical Resource
                                                       Logical Resource(s)
    -------------------------------------------------  -------------------
    SLICE_X66Y77.CQ      Tcko                  0.518   df/count<3>
                                                       df/count_2
    SLICE_X66Y77.C2      net (fanout=4)        0.690   df/count<2>
    SLICE_X66Y77.COUT    Topcyc                0.504   df/count<3>
                                                       df/Mcount_count_lut<2>_INV_0
                                                       df/Mcount_count_cy<3>
    SLICE_X66Y78.CIN     net (fanout=1)        0.000   df/Mcount_count_cy<3>
    SLICE_X66Y78.AMUX    Tcina                 0.390   Result<4>1
                                                       df/Mcount_count_xor<4>
    SLICE_X67Y77.A6      net (fanout=1)        0.299   Result<4>1
    SLICE_X67Y77.CLK     Tas                   0.095   df/count<4>
                                                       df/Mcount_count_eqn_41
                                                       df/count_4
    -------------------------------------------------  ---------------------------
    Total                                      2.496ns (1.507ns logic, 0.989ns route)
                                                       (60.4% logic, 39.6% route)

--------------------------------------------------------------------------------
Slack:                  7.460ns (requirement - (data path - clock path skew + uncertainty))
  Source:               df/count_0 (FF)
  Destination:          df/count_4 (FF)
  Requirement:          10.000ns
  Data Path Delay:      2.483ns (Levels of Logic = 3)
  Clock Path Skew:      -0.022ns (0.153 - 0.175)
  Source Clock:         clk_BUFGP rising at 0.000ns
  Destination Clock:    clk_BUFGP rising at 10.000ns
  Clock Uncertainty:    0.035ns

  Clock Uncertainty:          0.035ns  ((TSJ^2 + TIJ^2)^1/2 + DJ) / 2 + PE
    Total System Jitter (TSJ):  0.070ns
    Total Input Jitter (TIJ):   0.000ns
    Discrete Jitter (DJ):       0.000ns
    Phase Error (PE):           0.000ns

  Maximum Data Path at Slow Process Corner: df/count_0 to df/count_4
    Location             Delay type         Delay(ns)  Physical Resource
                                                       Logical Resource(s)
    -------------------------------------------------  -------------------
    SLICE_X66Y77.AQ      Tcko                  0.518   df/count<3>
                                                       df/count_0
    SLICE_X66Y77.A3      net (fanout=4)        0.544   df/count<0>
    SLICE_X66Y77.COUT    Topcya                0.637   df/count<3>
                                                       df/count<0>_rt
                                                       df/Mcount_count_cy<3>
    SLICE_X66Y78.CIN     net (fanout=1)        0.000   df/Mcount_count_cy<3>
    SLICE_X66Y78.AMUX    Tcina                 0.390   Result<4>1
                                                       df/Mcount_count_xor<4>
    SLICE_X67Y77.A6      net (fanout=1)        0.299   Result<4>1
    SLICE_X67Y77.CLK     Tas                   0.095   df/count<4>
                                                       df/Mcount_count_eqn_41
                                                       df/count_4
    -------------------------------------------------  ---------------------------
    Total                                      2.483ns (1.640ns logic, 0.843ns route)
                                                       (66.0% logic, 34.0% route)

--------------------------------------------------------------------------------
Slack:                  7.592ns (requirement - (data path - clock path skew + uncertainty))
  Source:               df/count_3 (FF)
  Destination:          df/count_4 (FF)
  Requirement:          10.000ns
  Data Path Delay:      2.351ns (Levels of Logic = 3)
  Clock Path Skew:      -0.022ns (0.153 - 0.175)
  Source Clock:         clk_BUFGP rising at 0.000ns
  Destination Clock:    clk_BUFGP rising at 10.000ns
  Clock Uncertainty:    0.035ns

  Clock Uncertainty:          0.035ns  ((TSJ^2 + TIJ^2)^1/2 + DJ) / 2 + PE
    Total System Jitter (TSJ):  0.070ns
    Total Input Jitter (TIJ):   0.000ns
    Discrete Jitter (DJ):       0.000ns
    Phase Error (PE):           0.000ns

  Maximum Data Path at Slow Process Corner: df/count_3 to df/count_4
    Location             Delay type         Delay(ns)  Physical Resource
                                                       Logical Resource(s)
    -------------------------------------------------  -------------------
    SLICE_X66Y77.DQ      Tcko                  0.518   df/count<3>
                                                       df/count_3
    SLICE_X66Y77.D3      net (fanout=4)        0.549   df/count<3>
    SLICE_X66Y77.COUT    Topcyd                0.500   df/count<3>
                                                       df/Mcount_count_lut<3>_INV_0
                                                       df/Mcount_count_cy<3>
    SLICE_X66Y78.CIN     net (fanout=1)        0.000   df/Mcount_count_cy<3>
    SLICE_X66Y78.AMUX    Tcina                 0.390   Result<4>1
                                                       df/Mcount_count_xor<4>
    SLICE_X67Y77.A6      net (fanout=1)        0.299   Result<4>1
    SLICE_X67Y77.CLK     Tas                   0.095   df/count<4>
                                                       df/Mcount_count_eqn_41
                                                       df/count_4
    -------------------------------------------------  ---------------------------
    Total                                      2.351ns (1.503ns logic, 0.848ns route)
                                                       (63.9% logic, 36.1% route)

--------------------------------------------------------------------------------
Slack:                  7.650ns (requirement - (data path - clock path skew + uncertainty))
  Source:               df/count_2 (FF)
  Destination:          df/count_2 (FF)
  Requirement:          10.000ns
  Data Path Delay:      2.315ns (Levels of Logic = 1)
  Clock Path Skew:      0.000ns
  Source Clock:         clk_BUFGP rising at 0.000ns
  Destination Clock:    clk_BUFGP rising at 10.000ns
  Clock Uncertainty:    0.035ns

  Clock Uncertainty:          0.035ns  ((TSJ^2 + TIJ^2)^1/2 + DJ) / 2 + PE
    Total System Jitter (TSJ):  0.070ns
    Total Input Jitter (TIJ):   0.000ns
    Discrete Jitter (DJ):       0.000ns
    Phase Error (PE):           0.000ns

  Maximum Data Path at Slow Process Corner: df/count_2 to df/count_2
    Location             Delay type         Delay(ns)  Physical Resource
                                                       Logical Resource(s)
    -------------------------------------------------  -------------------
    SLICE_X66Y77.CQ      Tcko                  0.518   df/count<3>
                                                       df/count_2
    SLICE_X69Y77.A4      net (fanout=4)        0.613   df/count<2>
    SLICE_X69Y77.A       Tilo                  0.124   df/count[31]_GND_5_o_equal_2_o_0
                                                       df/count[31]_GND_5_o_equal_2_o_01
    SLICE_X66Y77.SR      net (fanout=1)        0.536   df/count[31]_GND_5_o_equal_2_o_0
    SLICE_X66Y77.CLK     Tsrck                 0.524   df/count<3>
                                                       df/count_2
    -------------------------------------------------  ---------------------------
    Total                                      2.315ns (1.166ns logic, 1.149ns route)
                                                       (50.4% logic, 49.6% route)

--------------------------------------------------------------------------------
Slack:                  7.650ns (requirement - (data path - clock path skew + uncertainty))
  Source:               df/count_2 (FF)
  Destination:          df/count_3 (FF)
  Requirement:          10.000ns
  Data Path Delay:      2.315ns (Levels of Logic = 1)
  Clock Path Skew:      0.000ns
  Source Clock:         clk_BUFGP rising at 0.000ns
  Destination Clock:    clk_BUFGP rising at 10.000ns
  Clock Uncertainty:    0.035ns

  Clock Uncertainty:          0.035ns  ((TSJ^2 + TIJ^2)^1/2 + DJ) / 2 + PE
    Total System Jitter (TSJ):  0.070ns
    Total Input Jitter (TIJ):   0.000ns
    Discrete Jitter (DJ):       0.000ns
    Phase Error (PE):           0.000ns

  Maximum Data Path at Slow Process Corner: df/count_2 to df/count_3
    Location             Delay type         Delay(ns)  Physical Resource
                                                       Logical Resource(s)
    -------------------------------------------------  -------------------
    SLICE_X66Y77.CQ      Tcko                  0.518   df/count<3>
                                                       df/count_2
    SLICE_X69Y77.A4      net (fanout=4)        0.613   df/count<2>
    SLICE_X69Y77.A       Tilo                  0.124   df/count[31]_GND_5_o_equal_2_o_0
                                                       df/count[31]_GND_5_o_equal_2_o_01
    SLICE_X66Y77.SR      net (fanout=1)        0.536   df/count[31]_GND_5_o_equal_2_o_0
    SLICE_X66Y77.CLK     Tsrck                 0.524   df/count<3>
                                                       df/count_3
    -------------------------------------------------  ---------------------------
    Total                                      2.315ns (1.166ns logic, 1.149ns route)
                                                       (50.4% logic, 49.6% route)

--------------------------------------------------------------------------------
Slack:                  7.650ns (requirement - (data path - clock path skew + uncertainty))
  Source:               df/count_2 (FF)
  Destination:          df/count_0 (FF)
  Requirement:          10.000ns
  Data Path Delay:      2.315ns (Levels of Logic = 1)
  Clock Path Skew:      0.000ns
  Source Clock:         clk_BUFGP rising at 0.000ns
  Destination Clock:    clk_BUFGP rising at 10.000ns
  Clock Uncertainty:    0.035ns

  Clock Uncertainty:          0.035ns  ((TSJ^2 + TIJ^2)^1/2 + DJ) / 2 + PE
    Total System Jitter (TSJ):  0.070ns
    Total Input Jitter (TIJ):   0.000ns
    Discrete Jitter (DJ):       0.000ns
    Phase Error (PE):           0.000ns

  Maximum Data Path at Slow Process Corner: df/count_2 to df/count_0
    Location             Delay type         Delay(ns)  Physical Resource
                                                       Logical Resource(s)
    -------------------------------------------------  -------------------
    SLICE_X66Y77.CQ      Tcko                  0.518   df/count<3>
                                                       df/count_2
    SLICE_X69Y77.A4      net (fanout=4)        0.613   df/count<2>
    SLICE_X69Y77.A       Tilo                  0.124   df/count[31]_GND_5_o_equal_2_o_0
                                                       df/count[31]_GND_5_o_equal_2_o_01
    SLICE_X66Y77.SR      net (fanout=1)        0.536   df/count[31]_GND_5_o_equal_2_o_0
    SLICE_X66Y77.CLK     Tsrck                 0.524   df/count<3>
                                                       df/count_0
    -------------------------------------------------  ---------------------------
    Total                                      2.315ns (1.166ns logic, 1.149ns route)
                                                       (50.4% logic, 49.6% route)

--------------------------------------------------------------------------------
Slack:                  7.650ns (requirement - (data path - clock path skew + uncertainty))
  Source:               df/count_2 (FF)
  Destination:          df/count_1 (FF)
  Requirement:          10.000ns
  Data Path Delay:      2.315ns (Levels of Logic = 1)
  Clock Path Skew:      0.000ns
  Source Clock:         clk_BUFGP rising at 0.000ns
  Destination Clock:    clk_BUFGP rising at 10.000ns
  Clock Uncertainty:    0.035ns

  Clock Uncertainty:          0.035ns  ((TSJ^2 + TIJ^2)^1/2 + DJ) / 2 + PE
    Total System Jitter (TSJ):  0.070ns
    Total Input Jitter (TIJ):   0.000ns
    Discrete Jitter (DJ):       0.000ns
    Phase Error (PE):           0.000ns

  Maximum Data Path at Slow Process Corner: df/count_2 to df/count_1
    Location             Delay type         Delay(ns)  Physical Resource
                                                       Logical Resource(s)
    -------------------------------------------------  -------------------
    SLICE_X66Y77.CQ      Tcko                  0.518   df/count<3>
                                                       df/count_2
    SLICE_X69Y77.A4      net (fanout=4)        0.613   df/count<2>
    SLICE_X69Y77.A       Tilo                  0.124   df/count[31]_GND_5_o_equal_2_o_0
                                                       df/count[31]_GND_5_o_equal_2_o_01
    SLICE_X66Y77.SR      net (fanout=1)        0.536   df/count[31]_GND_5_o_equal_2_o_0
    SLICE_X66Y77.CLK     Tsrck                 0.524   df/count<3>
                                                       df/count_1
    -------------------------------------------------  ---------------------------
    Total                                      2.315ns (1.166ns logic, 1.149ns route)
                                                       (50.4% logic, 49.6% route)

--------------------------------------------------------------------------------
Slack:                  7.706ns (requirement - (data path - clock path skew + uncertainty))
  Source:               df/count_4 (FF)
  Destination:          df/count_1 (FF)
  Requirement:          10.000ns
  Data Path Delay:      2.237ns (Levels of Logic = 1)
  Clock Path Skew:      -0.022ns (0.153 - 0.175)
  Source Clock:         clk_BUFGP rising at 0.000ns
  Destination Clock:    clk_BUFGP rising at 10.000ns
  Clock Uncertainty:    0.035ns

  Clock Uncertainty:          0.035ns  ((TSJ^2 + TIJ^2)^1/2 + DJ) / 2 + PE
    Total System Jitter (TSJ):  0.070ns
    Total Input Jitter (TIJ):   0.000ns
    Discrete Jitter (DJ):       0.000ns
    Phase Error (PE):           0.000ns

  Maximum Data Path at Slow Process Corner: df/count_4 to df/count_1
    Location             Delay type         Delay(ns)  Physical Resource
                                                       Logical Resource(s)
    -------------------------------------------------  -------------------
    SLICE_X67Y77.AQ      Tcko                  0.456   df/count<4>
                                                       df/count_4
    SLICE_X69Y77.A5      net (fanout=4)        0.597   df/count<4>
    SLICE_X69Y77.A       Tilo                  0.124   df/count[31]_GND_5_o_equal_2_o_0
                                                       df/count[31]_GND_5_o_equal_2_o_01
    SLICE_X66Y77.SR      net (fanout=1)        0.536   df/count[31]_GND_5_o_equal_2_o_0
    SLICE_X66Y77.CLK     Tsrck                 0.524   df/count<3>
                                                       df/count_1
    -------------------------------------------------  ---------------------------
    Total                                      2.237ns (1.104ns logic, 1.133ns route)
                                                       (49.4% logic, 50.6% route)

--------------------------------------------------------------------------------
Slack:                  7.706ns (requirement - (data path - clock path skew + uncertainty))
  Source:               df/count_4 (FF)
  Destination:          df/count_3 (FF)
  Requirement:          10.000ns
  Data Path Delay:      2.237ns (Levels of Logic = 1)
  Clock Path Skew:      -0.022ns (0.153 - 0.175)
  Source Clock:         clk_BUFGP rising at 0.000ns
  Destination Clock:    clk_BUFGP rising at 10.000ns
  Clock Uncertainty:    0.035ns

  Clock Uncertainty:          0.035ns  ((TSJ^2 + TIJ^2)^1/2 + DJ) / 2 + PE
    Total System Jitter (TSJ):  0.070ns
    Total Input Jitter (TIJ):   0.000ns
    Discrete Jitter (DJ):       0.000ns
    Phase Error (PE):           0.000ns

  Maximum Data Path at Slow Process Corner: df/count_4 to df/count_3
    Location             Delay type         Delay(ns)  Physical Resource
                                                       Logical Resource(s)
    -------------------------------------------------  -------------------
    SLICE_X67Y77.AQ      Tcko                  0.456   df/count<4>
                                                       df/count_4
    SLICE_X69Y77.A5      net (fanout=4)        0.597   df/count<4>
    SLICE_X69Y77.A       Tilo                  0.124   df/count[31]_GND_5_o_equal_2_o_0
                                                       df/count[31]_GND_5_o_equal_2_o_01
    SLICE_X66Y77.SR      net (fanout=1)        0.536   df/count[31]_GND_5_o_equal_2_o_0
    SLICE_X66Y77.CLK     Tsrck                 0.524   df/count<3>
                                                       df/count_3
    -------------------------------------------------  ---------------------------
    Total                                      2.237ns (1.104ns logic, 1.133ns route)
                                                       (49.4% logic, 50.6% route)

--------------------------------------------------------------------------------
Slack:                  7.706ns (requirement - (data path - clock path skew + uncertainty))
  Source:               df/count_4 (FF)
  Destination:          df/count_2 (FF)
  Requirement:          10.000ns
  Data Path Delay:      2.237ns (Levels of Logic = 1)
  Clock Path Skew:      -0.022ns (0.153 - 0.175)
  Source Clock:         clk_BUFGP rising at 0.000ns
  Destination Clock:    clk_BUFGP rising at 10.000ns
  Clock Uncertainty:    0.035ns

  Clock Uncertainty:          0.035ns  ((TSJ^2 + TIJ^2)^1/2 + DJ) / 2 + PE
    Total System Jitter (TSJ):  0.070ns
    Total Input Jitter (TIJ):   0.000ns
    Discrete Jitter (DJ):       0.000ns
    Phase Error (PE):           0.000ns

  Maximum Data Path at Slow Process Corner: df/count_4 to df/count_2
    Location             Delay type         Delay(ns)  Physical Resource
                                                       Logical Resource(s)
    -------------------------------------------------  -------------------
    SLICE_X67Y77.AQ      Tcko                  0.456   df/count<4>
                                                       df/count_4
    SLICE_X69Y77.A5      net (fanout=4)        0.597   df/count<4>
    SLICE_X69Y77.A       Tilo                  0.124   df/count[31]_GND_5_o_equal_2_o_0
                                                       df/count[31]_GND_5_o_equal_2_o_01
    SLICE_X66Y77.SR      net (fanout=1)        0.536   df/count[31]_GND_5_o_equal_2_o_0
    SLICE_X66Y77.CLK     Tsrck                 0.524   df/count<3>
                                                       df/count_2
    -------------------------------------------------  ---------------------------
    Total                                      2.237ns (1.104ns logic, 1.133ns route)
                                                       (49.4% logic, 50.6% route)

--------------------------------------------------------------------------------

Component Switching Limit Checks: TS_sys_clk_pin = PERIOD TIMEGRP "sys_clk_pin" 100 MHz HIGH 50%;
--------------------------------------------------------------------------------
Slack: 7.845ns (period - min period limit)
  Period: 10.000ns
  Min period limit: 2.155ns (464.037MHz) (Tbcper_I(Fmax))
  Physical resource: clk_BUFGP/BUFG/I0
  Logical resource: clk_BUFGP/BUFG/I0
  Location pin: BUFGCTRL_X0Y31.I0
  Clock network: clk_BUFGP/IBUFG
--------------------------------------------------------------------------------
Slack: 8.526ns (period - min period limit)
  Period: 10.000ns
  Min period limit: 1.474ns (678.426MHz) (Tockper)
  Physical resource: df/clkout_1/CLK
  Logical resource: df/clkout_1/CK
  Location pin: OLOGIC_X1Y100.CLK
  Clock network: clk_BUFGP
--------------------------------------------------------------------------------
Slack: 8.526ns (period - (min high pulse limit / (high pulse / period)))
  Period: 10.000ns
  High pulse: 5.000ns
  High pulse limit: 0.737ns (Tospwh)
  Physical resource: df/clkout_1/SR
  Logical resource: df/clkout_1/SR
  Location pin: OLOGIC_X1Y100.SR
  Clock network: reset_IBUF
--------------------------------------------------------------------------------
Slack: 8.526ns (period - min period limit)
  Period: 10.000ns
  Min period limit: 1.474ns (678.426MHz) (Tockper)
  Physical resource: df/led/CLK
  Logical resource: df/led/CK
  Location pin: OLOGIC_X1Y51.CLK
  Clock network: clk_BUFGP
--------------------------------------------------------------------------------
Slack: 9.000ns (period - (min low pulse limit / (low pulse / period)))
  Period: 10.000ns
  Low pulse: 5.000ns
  Low pulse limit: 0.500ns (Tcl)
  Physical resource: df/count<3>/CLK
  Logical resource: df/count_0/CK
  Location pin: SLICE_X66Y77.CLK
  Clock network: clk_BUFGP
--------------------------------------------------------------------------------
Slack: 9.000ns (period - (min high pulse limit / (high pulse / period)))
  Period: 10.000ns
  High pulse: 5.000ns
  High pulse limit: 0.500ns (Tch)
  Physical resource: df/count<3>/CLK
  Logical resource: df/count_0/CK
  Location pin: SLICE_X66Y77.CLK
  Clock network: clk_BUFGP
--------------------------------------------------------------------------------
Slack: 9.000ns (period - min period limit)
  Period: 10.000ns
  Min period limit: 1.000ns (1000.000MHz) (Tcp)
  Physical resource: df/count<3>/CLK
  Logical resource: df/count_0/CK
  Location pin: SLICE_X66Y77.CLK
  Clock network: clk_BUFGP
--------------------------------------------------------------------------------
Slack: 9.000ns (period - (min low pulse limit / (low pulse / period)))
  Period: 10.000ns
  Low pulse: 5.000ns
  Low pulse limit: 0.500ns (Tcl)
  Physical resource: df/count<3>/CLK
  Logical resource: df/count_1/CK
  Location pin: SLICE_X66Y77.CLK
  Clock network: clk_BUFGP
--------------------------------------------------------------------------------
Slack: 9.000ns (period - (min high pulse limit / (high pulse / period)))
  Period: 10.000ns
  High pulse: 5.000ns
  High pulse limit: 0.500ns (Tch)
  Physical resource: df/count<3>/CLK
  Logical resource: df/count_1/CK
  Location pin: SLICE_X66Y77.CLK
  Clock network: clk_BUFGP
--------------------------------------------------------------------------------
Slack: 9.000ns (period - min period limit)
  Period: 10.000ns
  Min period limit: 1.000ns (1000.000MHz) (Tcp)
  Physical resource: df/count<3>/CLK
  Logical resource: df/count_1/CK
  Location pin: SLICE_X66Y77.CLK
  Clock network: clk_BUFGP
--------------------------------------------------------------------------------
Slack: 9.000ns (period - (min low pulse limit / (low pulse / period)))
  Period: 10.000ns
  Low pulse: 5.000ns
  Low pulse limit: 0.500ns (Tcl)
  Physical resource: df/count<3>/CLK
  Logical resource: df/count_2/CK
  Location pin: SLICE_X66Y77.CLK
  Clock network: clk_BUFGP
--------------------------------------------------------------------------------
Slack: 9.000ns (period - (min high pulse limit / (high pulse / period)))
  Period: 10.000ns
  High pulse: 5.000ns
  High pulse limit: 0.500ns (Tch)
  Physical resource: df/count<3>/CLK
  Logical resource: df/count_2/CK
  Location pin: SLICE_X66Y77.CLK
  Clock network: clk_BUFGP
--------------------------------------------------------------------------------
Slack: 9.000ns (period - min period limit)
  Period: 10.000ns
  Min period limit: 1.000ns (1000.000MHz) (Tcp)
  Physical resource: df/count<3>/CLK
  Logical resource: df/count_2/CK
  Location pin: SLICE_X66Y77.CLK
  Clock network: clk_BUFGP
--------------------------------------------------------------------------------
Slack: 9.000ns (period - (min low pulse limit / (low pulse / period)))
  Period: 10.000ns
  Low pulse: 5.000ns
  Low pulse limit: 0.500ns (Tcl)
  Physical resource: df/count<3>/CLK
  Logical resource: df/count_3/CK
  Location pin: SLICE_X66Y77.CLK
  Clock network: clk_BUFGP
--------------------------------------------------------------------------------
Slack: 9.000ns (period - (min high pulse limit / (high pulse / period)))
  Period: 10.000ns
  High pulse: 5.000ns
  High pulse limit: 0.500ns (Tch)
  Physical resource: df/count<3>/CLK
  Logical resource: df/count_3/CK
  Location pin: SLICE_X66Y77.CLK
  Clock network: clk_BUFGP
--------------------------------------------------------------------------------
Slack: 9.000ns (period - min period limit)
  Period: 10.000ns
  Min period limit: 1.000ns (1000.000MHz) (Tcp)
  Physical resource: df/count<3>/CLK
  Logical resource: df/count_3/CK
  Location pin: SLICE_X66Y77.CLK
  Clock network: clk_BUFGP
--------------------------------------------------------------------------------
Slack: 9.000ns (period - (min low pulse limit / (low pulse / period)))
  Period: 10.000ns
  Low pulse: 5.000ns
  Low pulse limit: 0.500ns (Tcl)
  Physical resource: df/count<4>/CLK
  Logical resource: df/count_4/CK
  Location pin: SLICE_X67Y77.CLK
  Clock network: clk_BUFGP
--------------------------------------------------------------------------------
Slack: 9.000ns (period - (min high pulse limit / (high pulse / period)))
  Period: 10.000ns
  High pulse: 5.000ns
  High pulse limit: 0.500ns (Tch)
  Physical resource: df/count<4>/CLK
  Logical resource: df/count_4/CK
  Location pin: SLICE_X67Y77.CLK
  Clock network: clk_BUFGP
--------------------------------------------------------------------------------
Slack: 9.000ns (period - min period limit)
  Period: 10.000ns
  Min period limit: 1.000ns (1000.000MHz) (Tcp)
  Physical resource: df/count<4>/CLK
  Logical resource: df/count_4/CK
  Location pin: SLICE_X67Y77.CLK
  Clock network: clk_BUFGP
--------------------------------------------------------------------------------
Slack: 9.000ns (period - (min low pulse limit / (low pulse / period)))
  Period: 10.000ns
  Low pulse: 5.000ns
  Low pulse limit: 0.500ns (Tcl)
  Physical resource: df/clkout/CLK
  Logical resource: df/clkout/CK
  Location pin: SLICE_X68Y77.CLK
  Clock network: clk_BUFGP
--------------------------------------------------------------------------------
Slack: 9.000ns (period - (min high pulse limit / (high pulse / period)))
  Period: 10.000ns
  High pulse: 5.000ns
  High pulse limit: 0.500ns (Tch)
  Physical resource: df/clkout/CLK
  Logical resource: df/clkout/CK
  Location pin: SLICE_X68Y77.CLK
  Clock network: clk_BUFGP
--------------------------------------------------------------------------------
Slack: 9.000ns (period - min period limit)
  Period: 10.000ns
  Min period limit: 1.000ns (1000.000MHz) (Tcp)
  Physical resource: df/clkout/CLK
  Logical resource: df/clkout/CK
  Location pin: SLICE_X68Y77.CLK
  Clock network: clk_BUFGP
--------------------------------------------------------------------------------


All constraints were met.


Data Sheet report:
-----------------
All values displayed in nanoseconds (ns)

Clock to Setup on destination clock clk
---------------+---------+---------+---------+---------+
               | Src:Rise| Src:Fall| Src:Rise| Src:Fall|
Source Clock   |Dest:Rise|Dest:Rise|Dest:Fall|Dest:Fall|
---------------+---------+---------+---------+---------+
clk            |    4.102|         |         |         |
---------------+---------+---------+---------+---------+


Timing summary:
---------------

Timing errors: 0  Score: 0  (Setup/Max: 0, Hold: 0)

Constraints cover 52 paths, 0 nets, and 30 connections

Design statistics:
   Minimum period:   4.102ns{1}   (Maximum frequency: 243.784MHz)


------------------------------------Footnotes-----------------------------------
1)  The minimum period statistic assumes all single cycle delays.

Analysis completed Tue Nov 21 22:47:03 2017 
--------------------------------------------------------------------------------

Trace Settings:
-------------------------
Trace Settings 

Peak Memory Usage: 773 MB



