Release 14.7 Map P.20131013 (lin64)
Xilinx Mapping Report File for Design 'microfono'

Design Information
------------------
Command Line   : map -pr b -p XC3S500E-FG320-4 project.ngd 
Target Device  : xc3s500e
Target Package : fg320
Target Speed   : -4
Mapper Version : spartan3e -- $Revision: 1.55 $
Mapped Date    : Tue Oct 17 10:39:08 2017

Design Summary
--------------
Number of errors   :   1
Number of warnings :   0

Section 1 - Errors
------------------
ERROR:MapLib:30 - LOC constraint T9 on enable is invalid: No such site on the
   device. To bypass this error set the environment variable 'XIL_MAP_LOCWARN'.

Section 2 - Warnings
--------------------

Section 3 - Informational
-------------------------
INFO:MapLib:562 - No environment variables are currently set.

Section 4 - Removed Logic Summary
---------------------------------

Section 5 - Removed Logic
-------------------------
