--------------------------------------------------------------------------------
Release 14.7 Trace  (lin64)
Copyright (c) 1995-2013 Xilinx, Inc.  All rights reserved.

/opt/Xilinx/14.7/ISE_DS/ISE/bin/lin64/unwrapped/trce -v 25 project_r.ncd
project.pcf

Design file:              project_r.ncd
Physical constraint file: project.pcf
Device,package,speed:     xc7a100t,csg324,C,-1 (PRODUCTION 1.10 2013-10-13)
Report level:             verbose report, limited to 25 items per constraint

Environment Variable      Effect 
--------------------      ------ 
NONE                      No environment variables were set
--------------------------------------------------------------------------------

INFO:Timing:3412 - To improve timing, see the Timing Closure User Guide (UG612).
INFO:Timing:2752 - To get complete path coverage, use the unconstrained paths 
   option. All paths that are not constrained will be reported in the 
   unconstrained paths section(s) of the report.
INFO:Timing:3339 - The clock-to-out numbers in this timing report are based on 
   a 50 Ohm transmission line loading model.  For the details of this model, 
   and for more information on accounting for different loading conditions, 
   please see the device datasheet.

================================================================================
Timing constraint: TS_sys_clk_pin = PERIOD TIMEGRP "sys_clk_pin" 100 MHz HIGH 
50%;
For more information, see Period Analysis in the Timing Closure User Guide (UG612).

 1618 paths analyzed, 139 endpoints analyzed, 0 failing endpoints
 0 timing errors detected. (0 setup errors, 0 hold errors, 0 component switching limit errors)
 Minimum period is   5.806ns.
--------------------------------------------------------------------------------
Slack:                  4.194ns (requirement - (data path - clock path skew + uncertainty))
  Source:               df/count_23 (FF)
  Destination:          df/clkout_1 (FF)
  Requirement:          10.000ns
  Data Path Delay:      5.623ns (Levels of Logic = 3)
  Clock Path Skew:      -0.148ns (1.574 - 1.722)
  Source Clock:         clk_BUFGP rising at 0.000ns
  Destination Clock:    clk_BUFGP rising at 10.000ns
  Clock Uncertainty:    0.035ns

  Clock Uncertainty:          0.035ns  ((TSJ^2 + TIJ^2)^1/2 + DJ) / 2 + PE
    Total System Jitter (TSJ):  0.070ns
    Total Input Jitter (TIJ):   0.000ns
    Discrete Jitter (DJ):       0.000ns
    Phase Error (PE):           0.000ns

  Maximum Data Path at Slow Process Corner: df/count_23 to df/clkout_1
    Location             Delay type         Delay(ns)  Physical Resource
                                                       Logical Resource(s)
    -------------------------------------------------  -------------------
    SLICE_X88Y82.DQ      Tcko                  0.518   df/count<23>
                                                       df/count_23
    SLICE_X89Y82.A2      net (fanout=2)        1.136   df/count<23>
    SLICE_X89Y82.A       Tilo                  0.124   df/count[31]_GND_2_o_equal_3_o<31>1
                                                       df/count[31]_GND_2_o_equal_3_o<31>2
    SLICE_X89Y80.B2      net (fanout=1)        0.988   df/count[31]_GND_2_o_equal_3_o<31>1
    SLICE_X89Y80.B       Tilo                  0.124   df/count<4>
                                                       df/count[31]_GND_2_o_equal_3_o<31>7
    SLICE_X89Y79.D5      net (fanout=3)        0.424   df/count[31]_GND_2_o_equal_3_o
    SLICE_X89Y79.DMUX    Tilo                  0.325   df/clkout
                                                       df/clkout_rstpot
    OLOGIC_X1Y100.D1     net (fanout=1)        1.150   df/clkout_rstpot
    OLOGIC_X1Y100.CLK    Todck                 0.834   df/clkout_1
                                                       df/clkout_1
    -------------------------------------------------  ---------------------------
    Total                                      5.623ns (1.925ns logic, 3.698ns route)
                                                       (34.2% logic, 65.8% route)

--------------------------------------------------------------------------------
Slack:                  4.515ns (requirement - (data path - clock path skew + uncertainty))
  Source:               df/count_19 (FF)
  Destination:          df/clkout_1 (FF)
  Requirement:          10.000ns
  Data Path Delay:      5.304ns (Levels of Logic = 3)
  Clock Path Skew:      -0.146ns (1.574 - 1.720)
  Source Clock:         clk_BUFGP rising at 0.000ns
  Destination Clock:    clk_BUFGP rising at 10.000ns
  Clock Uncertainty:    0.035ns

  Clock Uncertainty:          0.035ns  ((TSJ^2 + TIJ^2)^1/2 + DJ) / 2 + PE
    Total System Jitter (TSJ):  0.070ns
    Total Input Jitter (TIJ):   0.000ns
    Discrete Jitter (DJ):       0.000ns
    Phase Error (PE):           0.000ns

  Maximum Data Path at Slow Process Corner: df/count_19 to df/clkout_1
    Location             Delay type         Delay(ns)  Physical Resource
                                                       Logical Resource(s)
    -------------------------------------------------  -------------------
    SLICE_X88Y81.DQ      Tcko                  0.518   df/count<19>
                                                       df/count_19
    SLICE_X89Y82.A1      net (fanout=2)        0.817   df/count<19>
    SLICE_X89Y82.A       Tilo                  0.124   df/count[31]_GND_2_o_equal_3_o<31>1
                                                       df/count[31]_GND_2_o_equal_3_o<31>2
    SLICE_X89Y80.B2      net (fanout=1)        0.988   df/count[31]_GND_2_o_equal_3_o<31>1
    SLICE_X89Y80.B       Tilo                  0.124   df/count<4>
                                                       df/count[31]_GND_2_o_equal_3_o<31>7
    SLICE_X89Y79.D5      net (fanout=3)        0.424   df/count[31]_GND_2_o_equal_3_o
    SLICE_X89Y79.DMUX    Tilo                  0.325   df/clkout
                                                       df/clkout_rstpot
    OLOGIC_X1Y100.D1     net (fanout=1)        1.150   df/clkout_rstpot
    OLOGIC_X1Y100.CLK    Todck                 0.834   df/clkout_1
                                                       df/clkout_1
    -------------------------------------------------  ---------------------------
    Total                                      5.304ns (1.925ns logic, 3.379ns route)
                                                       (36.3% logic, 63.7% route)

--------------------------------------------------------------------------------
Slack:                  4.556ns (requirement - (data path - clock path skew + uncertainty))
  Source:               df/count_28 (FF)
  Destination:          df/clkout_1 (FF)
  Requirement:          10.000ns
  Data Path Delay:      5.259ns (Levels of Logic = 3)
  Clock Path Skew:      -0.150ns (1.574 - 1.724)
  Source Clock:         clk_BUFGP rising at 0.000ns
  Destination Clock:    clk_BUFGP rising at 10.000ns
  Clock Uncertainty:    0.035ns

  Clock Uncertainty:          0.035ns  ((TSJ^2 + TIJ^2)^1/2 + DJ) / 2 + PE
    Total System Jitter (TSJ):  0.070ns
    Total Input Jitter (TIJ):   0.000ns
    Discrete Jitter (DJ):       0.000ns
    Phase Error (PE):           0.000ns

  Maximum Data Path at Slow Process Corner: df/count_28 to df/clkout_1
    Location             Delay type         Delay(ns)  Physical Resource
                                                       Logical Resource(s)
    -------------------------------------------------  -------------------
    SLICE_X88Y84.AQ      Tcko                  0.518   df/count<31>
                                                       df/count_28
    SLICE_X89Y83.D2      net (fanout=2)        0.811   df/count<28>
    SLICE_X89Y83.D       Tilo                  0.124   df/count[31]_GND_2_o_equal_3_o<31>4
                                                       df/count[31]_GND_2_o_equal_3_o<31>5
    SLICE_X89Y80.B1      net (fanout=1)        0.949   df/count[31]_GND_2_o_equal_3_o<31>4
    SLICE_X89Y80.B       Tilo                  0.124   df/count<4>
                                                       df/count[31]_GND_2_o_equal_3_o<31>7
    SLICE_X89Y79.D5      net (fanout=3)        0.424   df/count[31]_GND_2_o_equal_3_o
    SLICE_X89Y79.DMUX    Tilo                  0.325   df/clkout
                                                       df/clkout_rstpot
    OLOGIC_X1Y100.D1     net (fanout=1)        1.150   df/clkout_rstpot
    OLOGIC_X1Y100.CLK    Todck                 0.834   df/clkout_1
                                                       df/clkout_1
    -------------------------------------------------  ---------------------------
    Total                                      5.259ns (1.925ns logic, 3.334ns route)
                                                       (36.6% logic, 63.4% route)

--------------------------------------------------------------------------------
Slack:                  4.572ns (requirement - (data path - clock path skew + uncertainty))
  Source:               df/count_7 (FF)
  Destination:          df/clkout_1 (FF)
  Requirement:          10.000ns
  Data Path Delay:      5.250ns (Levels of Logic = 3)
  Clock Path Skew:      -0.143ns (1.574 - 1.717)
  Source Clock:         clk_BUFGP rising at 0.000ns
  Destination Clock:    clk_BUFGP rising at 10.000ns
  Clock Uncertainty:    0.035ns

  Clock Uncertainty:          0.035ns  ((TSJ^2 + TIJ^2)^1/2 + DJ) / 2 + PE
    Total System Jitter (TSJ):  0.070ns
    Total Input Jitter (TIJ):   0.000ns
    Discrete Jitter (DJ):       0.000ns
    Phase Error (PE):           0.000ns

  Maximum Data Path at Slow Process Corner: df/count_7 to df/clkout_1
    Location             Delay type         Delay(ns)  Physical Resource
                                                       Logical Resource(s)
    -------------------------------------------------  -------------------
    SLICE_X88Y78.DQ      Tcko                  0.518   df/count<7>
                                                       df/count_7
    SLICE_X89Y78.D1      net (fanout=2)        0.963   df/count<7>
    SLICE_X89Y78.D       Tilo                  0.124   df/count[31]_GND_2_o_equal_3_o<31>3
                                                       df/count[31]_GND_2_o_equal_3_o<31>4
    SLICE_X89Y80.B4      net (fanout=1)        0.788   df/count[31]_GND_2_o_equal_3_o<31>3
    SLICE_X89Y80.B       Tilo                  0.124   df/count<4>
                                                       df/count[31]_GND_2_o_equal_3_o<31>7
    SLICE_X89Y79.D5      net (fanout=3)        0.424   df/count[31]_GND_2_o_equal_3_o
    SLICE_X89Y79.DMUX    Tilo                  0.325   df/clkout
                                                       df/clkout_rstpot
    OLOGIC_X1Y100.D1     net (fanout=1)        1.150   df/clkout_rstpot
    OLOGIC_X1Y100.CLK    Todck                 0.834   df/clkout_1
                                                       df/clkout_1
    -------------------------------------------------  ---------------------------
    Total                                      5.250ns (1.925ns logic, 3.325ns route)
                                                       (36.7% logic, 63.3% route)

--------------------------------------------------------------------------------
Slack:                  4.676ns (requirement - (data path - clock path skew + uncertainty))
  Source:               df/count_22 (FF)
  Destination:          df/clkout_1 (FF)
  Requirement:          10.000ns
  Data Path Delay:      5.141ns (Levels of Logic = 3)
  Clock Path Skew:      -0.148ns (1.574 - 1.722)
  Source Clock:         clk_BUFGP rising at 0.000ns
  Destination Clock:    clk_BUFGP rising at 10.000ns
  Clock Uncertainty:    0.035ns

  Clock Uncertainty:          0.035ns  ((TSJ^2 + TIJ^2)^1/2 + DJ) / 2 + PE
    Total System Jitter (TSJ):  0.070ns
    Total Input Jitter (TIJ):   0.000ns
    Discrete Jitter (DJ):       0.000ns
    Phase Error (PE):           0.000ns

  Maximum Data Path at Slow Process Corner: df/count_22 to df/clkout_1
    Location             Delay type         Delay(ns)  Physical Resource
                                                       Logical Resource(s)
    -------------------------------------------------  -------------------
    SLICE_X88Y82.CQ      Tcko                  0.518   df/count<23>
                                                       df/count_22
    SLICE_X89Y82.A3      net (fanout=2)        0.654   df/count<22>
    SLICE_X89Y82.A       Tilo                  0.124   df/count[31]_GND_2_o_equal_3_o<31>1
                                                       df/count[31]_GND_2_o_equal_3_o<31>2
    SLICE_X89Y80.B2      net (fanout=1)        0.988   df/count[31]_GND_2_o_equal_3_o<31>1
    SLICE_X89Y80.B       Tilo                  0.124   df/count<4>
                                                       df/count[31]_GND_2_o_equal_3_o<31>7
    SLICE_X89Y79.D5      net (fanout=3)        0.424   df/count[31]_GND_2_o_equal_3_o
    SLICE_X89Y79.DMUX    Tilo                  0.325   df/clkout
                                                       df/clkout_rstpot
    OLOGIC_X1Y100.D1     net (fanout=1)        1.150   df/clkout_rstpot
    OLOGIC_X1Y100.CLK    Todck                 0.834   df/clkout_1
                                                       df/clkout_1
    -------------------------------------------------  ---------------------------
    Total                                      5.141ns (1.925ns logic, 3.216ns route)
                                                       (37.4% logic, 62.6% route)

--------------------------------------------------------------------------------
Slack:                  4.686ns (requirement - (data path - clock path skew + uncertainty))
  Source:               df/count_24 (FF)
  Destination:          df/clkout_1 (FF)
  Requirement:          10.000ns
  Data Path Delay:      5.130ns (Levels of Logic = 3)
  Clock Path Skew:      -0.149ns (1.574 - 1.723)
  Source Clock:         clk_BUFGP rising at 0.000ns
  Destination Clock:    clk_BUFGP rising at 10.000ns
  Clock Uncertainty:    0.035ns

  Clock Uncertainty:          0.035ns  ((TSJ^2 + TIJ^2)^1/2 + DJ) / 2 + PE
    Total System Jitter (TSJ):  0.070ns
    Total Input Jitter (TIJ):   0.000ns
    Discrete Jitter (DJ):       0.000ns
    Phase Error (PE):           0.000ns

  Maximum Data Path at Slow Process Corner: df/count_24 to df/clkout_1
    Location             Delay type         Delay(ns)  Physical Resource
                                                       Logical Resource(s)
    -------------------------------------------------  -------------------
    SLICE_X88Y83.AQ      Tcko                  0.518   df/count<27>
                                                       df/count_24
    SLICE_X89Y83.D1      net (fanout=2)        0.682   df/count<24>
    SLICE_X89Y83.D       Tilo                  0.124   df/count[31]_GND_2_o_equal_3_o<31>4
                                                       df/count[31]_GND_2_o_equal_3_o<31>5
    SLICE_X89Y80.B1      net (fanout=1)        0.949   df/count[31]_GND_2_o_equal_3_o<31>4
    SLICE_X89Y80.B       Tilo                  0.124   df/count<4>
                                                       df/count[31]_GND_2_o_equal_3_o<31>7
    SLICE_X89Y79.D5      net (fanout=3)        0.424   df/count[31]_GND_2_o_equal_3_o
    SLICE_X89Y79.DMUX    Tilo                  0.325   df/clkout
                                                       df/clkout_rstpot
    OLOGIC_X1Y100.D1     net (fanout=1)        1.150   df/clkout_rstpot
    OLOGIC_X1Y100.CLK    Todck                 0.834   df/clkout_1
                                                       df/clkout_1
    -------------------------------------------------  ---------------------------
    Total                                      5.130ns (1.925ns logic, 3.205ns route)
                                                       (37.5% logic, 62.5% route)

--------------------------------------------------------------------------------
Slack:                  4.722ns (requirement - (data path - clock path skew + uncertainty))
  Source:               df/count_25 (FF)
  Destination:          df/clkout_1 (FF)
  Requirement:          10.000ns
  Data Path Delay:      5.094ns (Levels of Logic = 3)
  Clock Path Skew:      -0.149ns (1.574 - 1.723)
  Source Clock:         clk_BUFGP rising at 0.000ns
  Destination Clock:    clk_BUFGP rising at 10.000ns
  Clock Uncertainty:    0.035ns

  Clock Uncertainty:          0.035ns  ((TSJ^2 + TIJ^2)^1/2 + DJ) / 2 + PE
    Total System Jitter (TSJ):  0.070ns
    Total Input Jitter (TIJ):   0.000ns
    Discrete Jitter (DJ):       0.000ns
    Phase Error (PE):           0.000ns

  Maximum Data Path at Slow Process Corner: df/count_25 to df/clkout_1
    Location             Delay type         Delay(ns)  Physical Resource
                                                       Logical Resource(s)
    -------------------------------------------------  -------------------
    SLICE_X88Y83.BQ      Tcko                  0.518   df/count<27>
                                                       df/count_25
    SLICE_X89Y83.D3      net (fanout=2)        0.646   df/count<25>
    SLICE_X89Y83.D       Tilo                  0.124   df/count[31]_GND_2_o_equal_3_o<31>4
                                                       df/count[31]_GND_2_o_equal_3_o<31>5
    SLICE_X89Y80.B1      net (fanout=1)        0.949   df/count[31]_GND_2_o_equal_3_o<31>4
    SLICE_X89Y80.B       Tilo                  0.124   df/count<4>
                                                       df/count[31]_GND_2_o_equal_3_o<31>7
    SLICE_X89Y79.D5      net (fanout=3)        0.424   df/count[31]_GND_2_o_equal_3_o
    SLICE_X89Y79.DMUX    Tilo                  0.325   df/clkout
                                                       df/clkout_rstpot
    OLOGIC_X1Y100.D1     net (fanout=1)        1.150   df/clkout_rstpot
    OLOGIC_X1Y100.CLK    Todck                 0.834   df/clkout_1
                                                       df/clkout_1
    -------------------------------------------------  ---------------------------
    Total                                      5.094ns (1.925ns logic, 3.169ns route)
                                                       (37.8% logic, 62.2% route)

--------------------------------------------------------------------------------
Slack:                  4.723ns (requirement - (data path - clock path skew + uncertainty))
  Source:               df/count_8 (FF)
  Destination:          df/clkout_1 (FF)
  Requirement:          10.000ns
  Data Path Delay:      5.098ns (Levels of Logic = 3)
  Clock Path Skew:      -0.144ns (1.574 - 1.718)
  Source Clock:         clk_BUFGP rising at 0.000ns
  Destination Clock:    clk_BUFGP rising at 10.000ns
  Clock Uncertainty:    0.035ns

  Clock Uncertainty:          0.035ns  ((TSJ^2 + TIJ^2)^1/2 + DJ) / 2 + PE
    Total System Jitter (TSJ):  0.070ns
    Total Input Jitter (TIJ):   0.000ns
    Discrete Jitter (DJ):       0.000ns
    Phase Error (PE):           0.000ns

  Maximum Data Path at Slow Process Corner: df/count_8 to df/clkout_1
    Location             Delay type         Delay(ns)  Physical Resource
                                                       Logical Resource(s)
    -------------------------------------------------  -------------------
    SLICE_X88Y79.AQ      Tcko                  0.518   df/count<11>
                                                       df/count_8
    SLICE_X89Y78.D2      net (fanout=2)        0.811   df/count<8>
    SLICE_X89Y78.D       Tilo                  0.124   df/count[31]_GND_2_o_equal_3_o<31>3
                                                       df/count[31]_GND_2_o_equal_3_o<31>4
    SLICE_X89Y80.B4      net (fanout=1)        0.788   df/count[31]_GND_2_o_equal_3_o<31>3
    SLICE_X89Y80.B       Tilo                  0.124   df/count<4>
                                                       df/count[31]_GND_2_o_equal_3_o<31>7
    SLICE_X89Y79.D5      net (fanout=3)        0.424   df/count[31]_GND_2_o_equal_3_o
    SLICE_X89Y79.DMUX    Tilo                  0.325   df/clkout
                                                       df/clkout_rstpot
    OLOGIC_X1Y100.D1     net (fanout=1)        1.150   df/clkout_rstpot
    OLOGIC_X1Y100.CLK    Todck                 0.834   df/clkout_1
                                                       df/clkout_1
    -------------------------------------------------  ---------------------------
    Total                                      5.098ns (1.925ns logic, 3.173ns route)
                                                       (37.8% logic, 62.2% route)

--------------------------------------------------------------------------------
Slack:                  4.792ns (requirement - (data path - clock path skew + uncertainty))
  Source:               df/count_5 (FF)
  Destination:          df/clkout_1 (FF)
  Requirement:          10.000ns
  Data Path Delay:      5.028ns (Levels of Logic = 3)
  Clock Path Skew:      -0.145ns (1.574 - 1.719)
  Source Clock:         clk_BUFGP rising at 0.000ns
  Destination Clock:    clk_BUFGP rising at 10.000ns
  Clock Uncertainty:    0.035ns

  Clock Uncertainty:          0.035ns  ((TSJ^2 + TIJ^2)^1/2 + DJ) / 2 + PE
    Total System Jitter (TSJ):  0.070ns
    Total Input Jitter (TIJ):   0.000ns
    Discrete Jitter (DJ):       0.000ns
    Phase Error (PE):           0.000ns

  Maximum Data Path at Slow Process Corner: df/count_5 to df/clkout_1
    Location             Delay type         Delay(ns)  Physical Resource
                                                       Logical Resource(s)
    -------------------------------------------------  -------------------
    SLICE_X89Y80.DMUX    Tshcko                0.594   df/count<4>
                                                       df/count_5
    SLICE_X89Y78.A2      net (fanout=2)        0.813   df/count<5>
    SLICE_X89Y78.A       Tilo                  0.124   df/count[31]_GND_2_o_equal_3_o<31>3
                                                       df/count[31]_GND_2_o_equal_3_o<31>3
    SLICE_X89Y80.B3      net (fanout=1)        0.640   df/count[31]_GND_2_o_equal_3_o<31>2
    SLICE_X89Y80.B       Tilo                  0.124   df/count<4>
                                                       df/count[31]_GND_2_o_equal_3_o<31>7
    SLICE_X89Y79.D5      net (fanout=3)        0.424   df/count[31]_GND_2_o_equal_3_o
    SLICE_X89Y79.DMUX    Tilo                  0.325   df/clkout
                                                       df/clkout_rstpot
    OLOGIC_X1Y100.D1     net (fanout=1)        1.150   df/clkout_rstpot
    OLOGIC_X1Y100.CLK    Todck                 0.834   df/clkout_1
                                                       df/clkout_1
    -------------------------------------------------  ---------------------------
    Total                                      5.028ns (2.001ns logic, 3.027ns route)
                                                       (39.8% logic, 60.2% route)

--------------------------------------------------------------------------------
Slack:                  4.878ns (requirement - (data path - clock path skew + uncertainty))
  Source:               df/count_10 (FF)
  Destination:          df/clkout_1 (FF)
  Requirement:          10.000ns
  Data Path Delay:      4.943ns (Levels of Logic = 3)
  Clock Path Skew:      -0.144ns (1.574 - 1.718)
  Source Clock:         clk_BUFGP rising at 0.000ns
  Destination Clock:    clk_BUFGP rising at 10.000ns
  Clock Uncertainty:    0.035ns

  Clock Uncertainty:          0.035ns  ((TSJ^2 + TIJ^2)^1/2 + DJ) / 2 + PE
    Total System Jitter (TSJ):  0.070ns
    Total Input Jitter (TIJ):   0.000ns
    Discrete Jitter (DJ):       0.000ns
    Phase Error (PE):           0.000ns

  Maximum Data Path at Slow Process Corner: df/count_10 to df/clkout_1
    Location             Delay type         Delay(ns)  Physical Resource
                                                       Logical Resource(s)
    -------------------------------------------------  -------------------
    SLICE_X88Y79.CQ      Tcko                  0.518   df/count<11>
                                                       df/count_10
    SLICE_X89Y78.D3      net (fanout=2)        0.656   df/count<10>
    SLICE_X89Y78.D       Tilo                  0.124   df/count[31]_GND_2_o_equal_3_o<31>3
                                                       df/count[31]_GND_2_o_equal_3_o<31>4
    SLICE_X89Y80.B4      net (fanout=1)        0.788   df/count[31]_GND_2_o_equal_3_o<31>3
    SLICE_X89Y80.B       Tilo                  0.124   df/count<4>
                                                       df/count[31]_GND_2_o_equal_3_o<31>7
    SLICE_X89Y79.D5      net (fanout=3)        0.424   df/count[31]_GND_2_o_equal_3_o
    SLICE_X89Y79.DMUX    Tilo                  0.325   df/clkout
                                                       df/clkout_rstpot
    OLOGIC_X1Y100.D1     net (fanout=1)        1.150   df/clkout_rstpot
    OLOGIC_X1Y100.CLK    Todck                 0.834   df/clkout_1
                                                       df/clkout_1
    -------------------------------------------------  ---------------------------
    Total                                      4.943ns (1.925ns logic, 3.018ns route)
                                                       (38.9% logic, 61.1% route)

--------------------------------------------------------------------------------
Slack:                  4.886ns (requirement - (data path - clock path skew + uncertainty))
  Source:               df/count_21 (FF)
  Destination:          df/clkout_1 (FF)
  Requirement:          10.000ns
  Data Path Delay:      4.931ns (Levels of Logic = 3)
  Clock Path Skew:      -0.148ns (1.574 - 1.722)
  Source Clock:         clk_BUFGP rising at 0.000ns
  Destination Clock:    clk_BUFGP rising at 10.000ns
  Clock Uncertainty:    0.035ns

  Clock Uncertainty:          0.035ns  ((TSJ^2 + TIJ^2)^1/2 + DJ) / 2 + PE
    Total System Jitter (TSJ):  0.070ns
    Total Input Jitter (TIJ):   0.000ns
    Discrete Jitter (DJ):       0.000ns
    Phase Error (PE):           0.000ns

  Maximum Data Path at Slow Process Corner: df/count_21 to df/clkout_1
    Location             Delay type         Delay(ns)  Physical Resource
                                                       Logical Resource(s)
    -------------------------------------------------  -------------------
    SLICE_X88Y82.BQ      Tcko                  0.518   df/count<23>
                                                       df/count_21
    SLICE_X89Y82.A4      net (fanout=2)        0.444   df/count<21>
    SLICE_X89Y82.A       Tilo                  0.124   df/count[31]_GND_2_o_equal_3_o<31>1
                                                       df/count[31]_GND_2_o_equal_3_o<31>2
    SLICE_X89Y80.B2      net (fanout=1)        0.988   df/count[31]_GND_2_o_equal_3_o<31>1
    SLICE_X89Y80.B       Tilo                  0.124   df/count<4>
                                                       df/count[31]_GND_2_o_equal_3_o<31>7
    SLICE_X89Y79.D5      net (fanout=3)        0.424   df/count[31]_GND_2_o_equal_3_o
    SLICE_X89Y79.DMUX    Tilo                  0.325   df/clkout
                                                       df/clkout_rstpot
    OLOGIC_X1Y100.D1     net (fanout=1)        1.150   df/clkout_rstpot
    OLOGIC_X1Y100.CLK    Todck                 0.834   df/clkout_1
                                                       df/clkout_1
    -------------------------------------------------  ---------------------------
    Total                                      4.931ns (1.925ns logic, 3.006ns route)
                                                       (39.0% logic, 61.0% route)

--------------------------------------------------------------------------------
Slack:                  4.920ns (requirement - (data path - clock path skew + uncertainty))
  Source:               df/count_18 (FF)
  Destination:          df/clkout_1 (FF)
  Requirement:          10.000ns
  Data Path Delay:      4.899ns (Levels of Logic = 3)
  Clock Path Skew:      -0.146ns (1.574 - 1.720)
  Source Clock:         clk_BUFGP rising at 0.000ns
  Destination Clock:    clk_BUFGP rising at 10.000ns
  Clock Uncertainty:    0.035ns

  Clock Uncertainty:          0.035ns  ((TSJ^2 + TIJ^2)^1/2 + DJ) / 2 + PE
    Total System Jitter (TSJ):  0.070ns
    Total Input Jitter (TIJ):   0.000ns
    Discrete Jitter (DJ):       0.000ns
    Phase Error (PE):           0.000ns

  Maximum Data Path at Slow Process Corner: df/count_18 to df/clkout_1
    Location             Delay type         Delay(ns)  Physical Resource
                                                       Logical Resource(s)
    -------------------------------------------------  -------------------
    SLICE_X88Y81.CQ      Tcko                  0.518   df/count<19>
                                                       df/count_18
    SLICE_X89Y82.A5      net (fanout=2)        0.412   df/count<18>
    SLICE_X89Y82.A       Tilo                  0.124   df/count[31]_GND_2_o_equal_3_o<31>1
                                                       df/count[31]_GND_2_o_equal_3_o<31>2
    SLICE_X89Y80.B2      net (fanout=1)        0.988   df/count[31]_GND_2_o_equal_3_o<31>1
    SLICE_X89Y80.B       Tilo                  0.124   df/count<4>
                                                       df/count[31]_GND_2_o_equal_3_o<31>7
    SLICE_X89Y79.D5      net (fanout=3)        0.424   df/count[31]_GND_2_o_equal_3_o
    SLICE_X89Y79.DMUX    Tilo                  0.325   df/clkout
                                                       df/clkout_rstpot
    OLOGIC_X1Y100.D1     net (fanout=1)        1.150   df/clkout_rstpot
    OLOGIC_X1Y100.CLK    Todck                 0.834   df/clkout_1
                                                       df/clkout_1
    -------------------------------------------------  ---------------------------
    Total                                      4.899ns (1.925ns logic, 2.974ns route)
                                                       (39.3% logic, 60.7% route)

--------------------------------------------------------------------------------
Slack:                  4.924ns (requirement - (data path - clock path skew + uncertainty))
  Source:               df/count_26 (FF)
  Destination:          df/clkout_1 (FF)
  Requirement:          10.000ns
  Data Path Delay:      4.892ns (Levels of Logic = 3)
  Clock Path Skew:      -0.149ns (1.574 - 1.723)
  Source Clock:         clk_BUFGP rising at 0.000ns
  Destination Clock:    clk_BUFGP rising at 10.000ns
  Clock Uncertainty:    0.035ns

  Clock Uncertainty:          0.035ns  ((TSJ^2 + TIJ^2)^1/2 + DJ) / 2 + PE
    Total System Jitter (TSJ):  0.070ns
    Total Input Jitter (TIJ):   0.000ns
    Discrete Jitter (DJ):       0.000ns
    Phase Error (PE):           0.000ns

  Maximum Data Path at Slow Process Corner: df/count_26 to df/clkout_1
    Location             Delay type         Delay(ns)  Physical Resource
                                                       Logical Resource(s)
    -------------------------------------------------  -------------------
    SLICE_X88Y83.CQ      Tcko                  0.518   df/count<27>
                                                       df/count_26
    SLICE_X89Y83.D4      net (fanout=2)        0.444   df/count<26>
    SLICE_X89Y83.D       Tilo                  0.124   df/count[31]_GND_2_o_equal_3_o<31>4
                                                       df/count[31]_GND_2_o_equal_3_o<31>5
    SLICE_X89Y80.B1      net (fanout=1)        0.949   df/count[31]_GND_2_o_equal_3_o<31>4
    SLICE_X89Y80.B       Tilo                  0.124   df/count<4>
                                                       df/count[31]_GND_2_o_equal_3_o<31>7
    SLICE_X89Y79.D5      net (fanout=3)        0.424   df/count[31]_GND_2_o_equal_3_o
    SLICE_X89Y79.DMUX    Tilo                  0.325   df/clkout
                                                       df/clkout_rstpot
    OLOGIC_X1Y100.D1     net (fanout=1)        1.150   df/clkout_rstpot
    OLOGIC_X1Y100.CLK    Todck                 0.834   df/clkout_1
                                                       df/clkout_1
    -------------------------------------------------  ---------------------------
    Total                                      4.892ns (1.925ns logic, 2.967ns route)
                                                       (39.3% logic, 60.7% route)

--------------------------------------------------------------------------------
Slack:                  4.927ns (requirement - (data path - clock path skew + uncertainty))
  Source:               df/count_1 (FF)
  Destination:          df/clkout_1 (FF)
  Requirement:          10.000ns
  Data Path Delay:      4.893ns (Levels of Logic = 3)
  Clock Path Skew:      -0.145ns (1.574 - 1.719)
  Source Clock:         clk_BUFGP rising at 0.000ns
  Destination Clock:    clk_BUFGP rising at 10.000ns
  Clock Uncertainty:    0.035ns

  Clock Uncertainty:          0.035ns  ((TSJ^2 + TIJ^2)^1/2 + DJ) / 2 + PE
    Total System Jitter (TSJ):  0.070ns
    Total Input Jitter (TIJ):   0.000ns
    Discrete Jitter (DJ):       0.000ns
    Phase Error (PE):           0.000ns

  Maximum Data Path at Slow Process Corner: df/count_1 to df/clkout_1
    Location             Delay type         Delay(ns)  Physical Resource
                                                       Logical Resource(s)
    -------------------------------------------------  -------------------
    SLICE_X89Y80.CQ      Tcko                  0.456   df/count<4>
                                                       df/count_1
    SLICE_X89Y78.A1      net (fanout=2)        0.816   df/count<1>
    SLICE_X89Y78.A       Tilo                  0.124   df/count[31]_GND_2_o_equal_3_o<31>3
                                                       df/count[31]_GND_2_o_equal_3_o<31>3
    SLICE_X89Y80.B3      net (fanout=1)        0.640   df/count[31]_GND_2_o_equal_3_o<31>2
    SLICE_X89Y80.B       Tilo                  0.124   df/count<4>
                                                       df/count[31]_GND_2_o_equal_3_o<31>7
    SLICE_X89Y79.D5      net (fanout=3)        0.424   df/count[31]_GND_2_o_equal_3_o
    SLICE_X89Y79.DMUX    Tilo                  0.325   df/clkout
                                                       df/clkout_rstpot
    OLOGIC_X1Y100.D1     net (fanout=1)        1.150   df/clkout_rstpot
    OLOGIC_X1Y100.CLK    Todck                 0.834   df/clkout_1
                                                       df/clkout_1
    -------------------------------------------------  ---------------------------
    Total                                      4.893ns (1.863ns logic, 3.030ns route)
                                                       (38.1% logic, 61.9% route)

--------------------------------------------------------------------------------
Slack:                  4.944ns (requirement - (data path - clock path skew + uncertainty))
  Source:               df/count_29 (FF)
  Destination:          df/clkout_1 (FF)
  Requirement:          10.000ns
  Data Path Delay:      4.871ns (Levels of Logic = 3)
  Clock Path Skew:      -0.150ns (1.574 - 1.724)
  Source Clock:         clk_BUFGP rising at 0.000ns
  Destination Clock:    clk_BUFGP rising at 10.000ns
  Clock Uncertainty:    0.035ns

  Clock Uncertainty:          0.035ns  ((TSJ^2 + TIJ^2)^1/2 + DJ) / 2 + PE
    Total System Jitter (TSJ):  0.070ns
    Total Input Jitter (TIJ):   0.000ns
    Discrete Jitter (DJ):       0.000ns
    Phase Error (PE):           0.000ns

  Maximum Data Path at Slow Process Corner: df/count_29 to df/clkout_1
    Location             Delay type         Delay(ns)  Physical Resource
                                                       Logical Resource(s)
    -------------------------------------------------  -------------------
    SLICE_X88Y84.BQ      Tcko                  0.518   df/count<31>
                                                       df/count_29
    SLICE_X89Y83.D5      net (fanout=2)        0.423   df/count<29>
    SLICE_X89Y83.D       Tilo                  0.124   df/count[31]_GND_2_o_equal_3_o<31>4
                                                       df/count[31]_GND_2_o_equal_3_o<31>5
    SLICE_X89Y80.B1      net (fanout=1)        0.949   df/count[31]_GND_2_o_equal_3_o<31>4
    SLICE_X89Y80.B       Tilo                  0.124   df/count<4>
                                                       df/count[31]_GND_2_o_equal_3_o<31>7
    SLICE_X89Y79.D5      net (fanout=3)        0.424   df/count[31]_GND_2_o_equal_3_o
    SLICE_X89Y79.DMUX    Tilo                  0.325   df/clkout
                                                       df/clkout_rstpot
    OLOGIC_X1Y100.D1     net (fanout=1)        1.150   df/clkout_rstpot
    OLOGIC_X1Y100.CLK    Todck                 0.834   df/clkout_1
                                                       df/clkout_1
    -------------------------------------------------  ---------------------------
    Total                                      4.871ns (1.925ns logic, 2.946ns route)
                                                       (39.5% logic, 60.5% route)

--------------------------------------------------------------------------------
Slack:                  4.993ns (requirement - (data path - clock path skew + uncertainty))
  Source:               df/count_3 (FF)
  Destination:          df/clkout_1 (FF)
  Requirement:          10.000ns
  Data Path Delay:      4.832ns (Levels of Logic = 3)
  Clock Path Skew:      -0.140ns (1.574 - 1.714)
  Source Clock:         clk_BUFGP rising at 0.000ns
  Destination Clock:    clk_BUFGP rising at 10.000ns
  Clock Uncertainty:    0.035ns

  Clock Uncertainty:          0.035ns  ((TSJ^2 + TIJ^2)^1/2 + DJ) / 2 + PE
    Total System Jitter (TSJ):  0.070ns
    Total Input Jitter (TIJ):   0.000ns
    Discrete Jitter (DJ):       0.000ns
    Phase Error (PE):           0.000ns

  Maximum Data Path at Slow Process Corner: df/count_3 to df/clkout_1
    Location             Delay type         Delay(ns)  Physical Resource
                                                       Logical Resource(s)
    -------------------------------------------------  -------------------
    SLICE_X88Y77.DQ      Tcko                  0.518   df/count<3>
                                                       df/count_3
    SLICE_X89Y78.A3      net (fanout=2)        0.693   df/count<3>
    SLICE_X89Y78.A       Tilo                  0.124   df/count[31]_GND_2_o_equal_3_o<31>3
                                                       df/count[31]_GND_2_o_equal_3_o<31>3
    SLICE_X89Y80.B3      net (fanout=1)        0.640   df/count[31]_GND_2_o_equal_3_o<31>2
    SLICE_X89Y80.B       Tilo                  0.124   df/count<4>
                                                       df/count[31]_GND_2_o_equal_3_o<31>7
    SLICE_X89Y79.D5      net (fanout=3)        0.424   df/count[31]_GND_2_o_equal_3_o
    SLICE_X89Y79.DMUX    Tilo                  0.325   df/clkout
                                                       df/clkout_rstpot
    OLOGIC_X1Y100.D1     net (fanout=1)        1.150   df/clkout_rstpot
    OLOGIC_X1Y100.CLK    Todck                 0.834   df/clkout_1
                                                       df/clkout_1
    -------------------------------------------------  ---------------------------
    Total                                      4.832ns (1.925ns logic, 2.907ns route)
                                                       (39.8% logic, 60.2% route)

--------------------------------------------------------------------------------
Slack:                  5.008ns (requirement - (data path - clock path skew + uncertainty))
  Source:               df/count_23 (FF)
  Destination:          df/count_28 (FF)
  Requirement:          10.000ns
  Data Path Delay:      4.935ns (Levels of Logic = 3)
  Clock Path Skew:      -0.022ns (0.164 - 0.186)
  Source Clock:         clk_BUFGP rising at 0.000ns
  Destination Clock:    clk_BUFGP rising at 10.000ns
  Clock Uncertainty:    0.035ns

  Clock Uncertainty:          0.035ns  ((TSJ^2 + TIJ^2)^1/2 + DJ) / 2 + PE
    Total System Jitter (TSJ):  0.070ns
    Total Input Jitter (TIJ):   0.000ns
    Discrete Jitter (DJ):       0.000ns
    Phase Error (PE):           0.000ns

  Maximum Data Path at Slow Process Corner: df/count_23 to df/count_28
    Location             Delay type         Delay(ns)  Physical Resource
                                                       Logical Resource(s)
    -------------------------------------------------  -------------------
    SLICE_X88Y82.DQ      Tcko                  0.518   df/count<23>
                                                       df/count_23
    SLICE_X89Y82.A2      net (fanout=2)        1.136   df/count<23>
    SLICE_X89Y82.A       Tilo                  0.124   df/count[31]_GND_2_o_equal_3_o<31>1
                                                       df/count[31]_GND_2_o_equal_3_o<31>2
    SLICE_X89Y80.B2      net (fanout=1)        0.988   df/count[31]_GND_2_o_equal_3_o<31>1
    SLICE_X89Y80.B       Tilo                  0.124   df/count<4>
                                                       df/count[31]_GND_2_o_equal_3_o<31>7
    SLICE_X89Y79.D5      net (fanout=3)        0.424   df/count[31]_GND_2_o_equal_3_o
    SLICE_X89Y79.D       Tilo                  0.124   df/clkout
                                                       df/count[31]_GND_2_o_equal_3_o_01
    SLICE_X88Y84.SR      net (fanout=8)        0.973   df/count[31]_GND_2_o_equal_3_o_0
    SLICE_X88Y84.CLK     Tsrck                 0.524   df/count<31>
                                                       df/count_28
    -------------------------------------------------  ---------------------------
    Total                                      4.935ns (1.414ns logic, 3.521ns route)
                                                       (28.7% logic, 71.3% route)

--------------------------------------------------------------------------------
Slack:                  5.008ns (requirement - (data path - clock path skew + uncertainty))
  Source:               df/count_23 (FF)
  Destination:          df/count_31 (FF)
  Requirement:          10.000ns
  Data Path Delay:      4.935ns (Levels of Logic = 3)
  Clock Path Skew:      -0.022ns (0.164 - 0.186)
  Source Clock:         clk_BUFGP rising at 0.000ns
  Destination Clock:    clk_BUFGP rising at 10.000ns
  Clock Uncertainty:    0.035ns

  Clock Uncertainty:          0.035ns  ((TSJ^2 + TIJ^2)^1/2 + DJ) / 2 + PE
    Total System Jitter (TSJ):  0.070ns
    Total Input Jitter (TIJ):   0.000ns
    Discrete Jitter (DJ):       0.000ns
    Phase Error (PE):           0.000ns

  Maximum Data Path at Slow Process Corner: df/count_23 to df/count_31
    Location             Delay type         Delay(ns)  Physical Resource
                                                       Logical Resource(s)
    -------------------------------------------------  -------------------
    SLICE_X88Y82.DQ      Tcko                  0.518   df/count<23>
                                                       df/count_23
    SLICE_X89Y82.A2      net (fanout=2)        1.136   df/count<23>
    SLICE_X89Y82.A       Tilo                  0.124   df/count[31]_GND_2_o_equal_3_o<31>1
                                                       df/count[31]_GND_2_o_equal_3_o<31>2
    SLICE_X89Y80.B2      net (fanout=1)        0.988   df/count[31]_GND_2_o_equal_3_o<31>1
    SLICE_X89Y80.B       Tilo                  0.124   df/count<4>
                                                       df/count[31]_GND_2_o_equal_3_o<31>7
    SLICE_X89Y79.D5      net (fanout=3)        0.424   df/count[31]_GND_2_o_equal_3_o
    SLICE_X89Y79.D       Tilo                  0.124   df/clkout
                                                       df/count[31]_GND_2_o_equal_3_o_01
    SLICE_X88Y84.SR      net (fanout=8)        0.973   df/count[31]_GND_2_o_equal_3_o_0
    SLICE_X88Y84.CLK     Tsrck                 0.524   df/count<31>
                                                       df/count_31
    -------------------------------------------------  ---------------------------
    Total                                      4.935ns (1.414ns logic, 3.521ns route)
                                                       (28.7% logic, 71.3% route)

--------------------------------------------------------------------------------
Slack:                  5.008ns (requirement - (data path - clock path skew + uncertainty))
  Source:               df/count_23 (FF)
  Destination:          df/count_30 (FF)
  Requirement:          10.000ns
  Data Path Delay:      4.935ns (Levels of Logic = 3)
  Clock Path Skew:      -0.022ns (0.164 - 0.186)
  Source Clock:         clk_BUFGP rising at 0.000ns
  Destination Clock:    clk_BUFGP rising at 10.000ns
  Clock Uncertainty:    0.035ns

  Clock Uncertainty:          0.035ns  ((TSJ^2 + TIJ^2)^1/2 + DJ) / 2 + PE
    Total System Jitter (TSJ):  0.070ns
    Total Input Jitter (TIJ):   0.000ns
    Discrete Jitter (DJ):       0.000ns
    Phase Error (PE):           0.000ns

  Maximum Data Path at Slow Process Corner: df/count_23 to df/count_30
    Location             Delay type         Delay(ns)  Physical Resource
                                                       Logical Resource(s)
    -------------------------------------------------  -------------------
    SLICE_X88Y82.DQ      Tcko                  0.518   df/count<23>
                                                       df/count_23
    SLICE_X89Y82.A2      net (fanout=2)        1.136   df/count<23>
    SLICE_X89Y82.A       Tilo                  0.124   df/count[31]_GND_2_o_equal_3_o<31>1
                                                       df/count[31]_GND_2_o_equal_3_o<31>2
    SLICE_X89Y80.B2      net (fanout=1)        0.988   df/count[31]_GND_2_o_equal_3_o<31>1
    SLICE_X89Y80.B       Tilo                  0.124   df/count<4>
                                                       df/count[31]_GND_2_o_equal_3_o<31>7
    SLICE_X89Y79.D5      net (fanout=3)        0.424   df/count[31]_GND_2_o_equal_3_o
    SLICE_X89Y79.D       Tilo                  0.124   df/clkout
                                                       df/count[31]_GND_2_o_equal_3_o_01
    SLICE_X88Y84.SR      net (fanout=8)        0.973   df/count[31]_GND_2_o_equal_3_o_0
    SLICE_X88Y84.CLK     Tsrck                 0.524   df/count<31>
                                                       df/count_30
    -------------------------------------------------  ---------------------------
    Total                                      4.935ns (1.414ns logic, 3.521ns route)
                                                       (28.7% logic, 71.3% route)

--------------------------------------------------------------------------------
Slack:                  5.008ns (requirement - (data path - clock path skew + uncertainty))
  Source:               df/count_23 (FF)
  Destination:          df/count_29 (FF)
  Requirement:          10.000ns
  Data Path Delay:      4.935ns (Levels of Logic = 3)
  Clock Path Skew:      -0.022ns (0.164 - 0.186)
  Source Clock:         clk_BUFGP rising at 0.000ns
  Destination Clock:    clk_BUFGP rising at 10.000ns
  Clock Uncertainty:    0.035ns

  Clock Uncertainty:          0.035ns  ((TSJ^2 + TIJ^2)^1/2 + DJ) / 2 + PE
    Total System Jitter (TSJ):  0.070ns
    Total Input Jitter (TIJ):   0.000ns
    Discrete Jitter (DJ):       0.000ns
    Phase Error (PE):           0.000ns

  Maximum Data Path at Slow Process Corner: df/count_23 to df/count_29
    Location             Delay type         Delay(ns)  Physical Resource
                                                       Logical Resource(s)
    -------------------------------------------------  -------------------
    SLICE_X88Y82.DQ      Tcko                  0.518   df/count<23>
                                                       df/count_23
    SLICE_X89Y82.A2      net (fanout=2)        1.136   df/count<23>
    SLICE_X89Y82.A       Tilo                  0.124   df/count[31]_GND_2_o_equal_3_o<31>1
                                                       df/count[31]_GND_2_o_equal_3_o<31>2
    SLICE_X89Y80.B2      net (fanout=1)        0.988   df/count[31]_GND_2_o_equal_3_o<31>1
    SLICE_X89Y80.B       Tilo                  0.124   df/count<4>
                                                       df/count[31]_GND_2_o_equal_3_o<31>7
    SLICE_X89Y79.D5      net (fanout=3)        0.424   df/count[31]_GND_2_o_equal_3_o
    SLICE_X89Y79.D       Tilo                  0.124   df/clkout
                                                       df/count[31]_GND_2_o_equal_3_o_01
    SLICE_X88Y84.SR      net (fanout=8)        0.973   df/count[31]_GND_2_o_equal_3_o_0
    SLICE_X88Y84.CLK     Tsrck                 0.524   df/count<31>
                                                       df/count_29
    -------------------------------------------------  ---------------------------
    Total                                      4.935ns (1.414ns logic, 3.521ns route)
                                                       (28.7% logic, 71.3% route)

--------------------------------------------------------------------------------
Slack:                  5.017ns (requirement - (data path - clock path skew + uncertainty))
  Source:               df/count_4 (FF)
  Destination:          df/clkout_1 (FF)
  Requirement:          10.000ns
  Data Path Delay:      4.803ns (Levels of Logic = 3)
  Clock Path Skew:      -0.145ns (1.574 - 1.719)
  Source Clock:         clk_BUFGP rising at 0.000ns
  Destination Clock:    clk_BUFGP rising at 10.000ns
  Clock Uncertainty:    0.035ns

  Clock Uncertainty:          0.035ns  ((TSJ^2 + TIJ^2)^1/2 + DJ) / 2 + PE
    Total System Jitter (TSJ):  0.070ns
    Total Input Jitter (TIJ):   0.000ns
    Discrete Jitter (DJ):       0.000ns
    Phase Error (PE):           0.000ns

  Maximum Data Path at Slow Process Corner: df/count_4 to df/clkout_1
    Location             Delay type         Delay(ns)  Physical Resource
                                                       Logical Resource(s)
    -------------------------------------------------  -------------------
    SLICE_X89Y80.DQ      Tcko                  0.456   df/count<4>
                                                       df/count_4
    SLICE_X89Y78.A4      net (fanout=2)        0.726   df/count<4>
    SLICE_X89Y78.A       Tilo                  0.124   df/count[31]_GND_2_o_equal_3_o<31>3
                                                       df/count[31]_GND_2_o_equal_3_o<31>3
    SLICE_X89Y80.B3      net (fanout=1)        0.640   df/count[31]_GND_2_o_equal_3_o<31>2
    SLICE_X89Y80.B       Tilo                  0.124   df/count<4>
                                                       df/count[31]_GND_2_o_equal_3_o<31>7
    SLICE_X89Y79.D5      net (fanout=3)        0.424   df/count[31]_GND_2_o_equal_3_o
    SLICE_X89Y79.DMUX    Tilo                  0.325   df/clkout
                                                       df/clkout_rstpot
    OLOGIC_X1Y100.D1     net (fanout=1)        1.150   df/clkout_rstpot
    OLOGIC_X1Y100.CLK    Todck                 0.834   df/clkout_1
                                                       df/clkout_1
    -------------------------------------------------  ---------------------------
    Total                                      4.803ns (1.863ns logic, 2.940ns route)
                                                       (38.8% logic, 61.2% route)

--------------------------------------------------------------------------------
Slack:                  5.024ns (requirement - (data path - clock path skew + uncertainty))
  Source:               df/count_20 (FF)
  Destination:          df/clkout_1 (FF)
  Requirement:          10.000ns
  Data Path Delay:      4.793ns (Levels of Logic = 3)
  Clock Path Skew:      -0.148ns (1.574 - 1.722)
  Source Clock:         clk_BUFGP rising at 0.000ns
  Destination Clock:    clk_BUFGP rising at 10.000ns
  Clock Uncertainty:    0.035ns

  Clock Uncertainty:          0.035ns  ((TSJ^2 + TIJ^2)^1/2 + DJ) / 2 + PE
    Total System Jitter (TSJ):  0.070ns
    Total Input Jitter (TIJ):   0.000ns
    Discrete Jitter (DJ):       0.000ns
    Phase Error (PE):           0.000ns

  Maximum Data Path at Slow Process Corner: df/count_20 to df/clkout_1
    Location             Delay type         Delay(ns)  Physical Resource
                                                       Logical Resource(s)
    -------------------------------------------------  -------------------
    SLICE_X88Y82.AQ      Tcko                  0.518   df/count<23>
                                                       df/count_20
    SLICE_X89Y82.A6      net (fanout=2)        0.306   df/count<20>
    SLICE_X89Y82.A       Tilo                  0.124   df/count[31]_GND_2_o_equal_3_o<31>1
                                                       df/count[31]_GND_2_o_equal_3_o<31>2
    SLICE_X89Y80.B2      net (fanout=1)        0.988   df/count[31]_GND_2_o_equal_3_o<31>1
    SLICE_X89Y80.B       Tilo                  0.124   df/count<4>
                                                       df/count[31]_GND_2_o_equal_3_o<31>7
    SLICE_X89Y79.D5      net (fanout=3)        0.424   df/count[31]_GND_2_o_equal_3_o
    SLICE_X89Y79.DMUX    Tilo                  0.325   df/clkout
                                                       df/clkout_rstpot
    OLOGIC_X1Y100.D1     net (fanout=1)        1.150   df/clkout_rstpot
    OLOGIC_X1Y100.CLK    Todck                 0.834   df/clkout_1
                                                       df/clkout_1
    -------------------------------------------------  ---------------------------
    Total                                      4.793ns (1.925ns logic, 2.868ns route)
                                                       (40.2% logic, 59.8% route)

--------------------------------------------------------------------------------
Slack:                  5.061ns (requirement - (data path - clock path skew + uncertainty))
  Source:               df/count_27 (FF)
  Destination:          df/clkout_1 (FF)
  Requirement:          10.000ns
  Data Path Delay:      4.755ns (Levels of Logic = 3)
  Clock Path Skew:      -0.149ns (1.574 - 1.723)
  Source Clock:         clk_BUFGP rising at 0.000ns
  Destination Clock:    clk_BUFGP rising at 10.000ns
  Clock Uncertainty:    0.035ns

  Clock Uncertainty:          0.035ns  ((TSJ^2 + TIJ^2)^1/2 + DJ) / 2 + PE
    Total System Jitter (TSJ):  0.070ns
    Total Input Jitter (TIJ):   0.000ns
    Discrete Jitter (DJ):       0.000ns
    Phase Error (PE):           0.000ns

  Maximum Data Path at Slow Process Corner: df/count_27 to df/clkout_1
    Location             Delay type         Delay(ns)  Physical Resource
                                                       Logical Resource(s)
    -------------------------------------------------  -------------------
    SLICE_X88Y83.DQ      Tcko                  0.518   df/count<27>
                                                       df/count_27
    SLICE_X89Y83.D6      net (fanout=2)        0.307   df/count<27>
    SLICE_X89Y83.D       Tilo                  0.124   df/count[31]_GND_2_o_equal_3_o<31>4
                                                       df/count[31]_GND_2_o_equal_3_o<31>5
    SLICE_X89Y80.B1      net (fanout=1)        0.949   df/count[31]_GND_2_o_equal_3_o<31>4
    SLICE_X89Y80.B       Tilo                  0.124   df/count<4>
                                                       df/count[31]_GND_2_o_equal_3_o<31>7
    SLICE_X89Y79.D5      net (fanout=3)        0.424   df/count[31]_GND_2_o_equal_3_o
    SLICE_X89Y79.DMUX    Tilo                  0.325   df/clkout
                                                       df/clkout_rstpot
    OLOGIC_X1Y100.D1     net (fanout=1)        1.150   df/clkout_rstpot
    OLOGIC_X1Y100.CLK    Todck                 0.834   df/clkout_1
                                                       df/clkout_1
    -------------------------------------------------  ---------------------------
    Total                                      4.755ns (1.925ns logic, 2.830ns route)
                                                       (40.5% logic, 59.5% route)

--------------------------------------------------------------------------------
Slack:                  5.091ns (requirement - (data path - clock path skew + uncertainty))
  Source:               df/count_6 (FF)
  Destination:          df/clkout_1 (FF)
  Requirement:          10.000ns
  Data Path Delay:      4.731ns (Levels of Logic = 3)
  Clock Path Skew:      -0.143ns (1.574 - 1.717)
  Source Clock:         clk_BUFGP rising at 0.000ns
  Destination Clock:    clk_BUFGP rising at 10.000ns
  Clock Uncertainty:    0.035ns

  Clock Uncertainty:          0.035ns  ((TSJ^2 + TIJ^2)^1/2 + DJ) / 2 + PE
    Total System Jitter (TSJ):  0.070ns
    Total Input Jitter (TIJ):   0.000ns
    Discrete Jitter (DJ):       0.000ns
    Phase Error (PE):           0.000ns

  Maximum Data Path at Slow Process Corner: df/count_6 to df/clkout_1
    Location             Delay type         Delay(ns)  Physical Resource
                                                       Logical Resource(s)
    -------------------------------------------------  -------------------
    SLICE_X88Y78.CQ      Tcko                  0.518   df/count<7>
                                                       df/count_6
    SLICE_X89Y78.D4      net (fanout=2)        0.444   df/count<6>
    SLICE_X89Y78.D       Tilo                  0.124   df/count[31]_GND_2_o_equal_3_o<31>3
                                                       df/count[31]_GND_2_o_equal_3_o<31>4
    SLICE_X89Y80.B4      net (fanout=1)        0.788   df/count[31]_GND_2_o_equal_3_o<31>3
    SLICE_X89Y80.B       Tilo                  0.124   df/count<4>
                                                       df/count[31]_GND_2_o_equal_3_o<31>7
    SLICE_X89Y79.D5      net (fanout=3)        0.424   df/count[31]_GND_2_o_equal_3_o
    SLICE_X89Y79.DMUX    Tilo                  0.325   df/clkout
                                                       df/clkout_rstpot
    OLOGIC_X1Y100.D1     net (fanout=1)        1.150   df/clkout_rstpot
    OLOGIC_X1Y100.CLK    Todck                 0.834   df/clkout_1
                                                       df/clkout_1
    -------------------------------------------------  ---------------------------
    Total                                      4.731ns (1.925ns logic, 2.806ns route)
                                                       (40.7% logic, 59.3% route)

--------------------------------------------------------------------------------
Slack:                  5.092ns (requirement - (data path - clock path skew + uncertainty))
  Source:               df/count_30 (FF)
  Destination:          df/clkout_1 (FF)
  Requirement:          10.000ns
  Data Path Delay:      4.723ns (Levels of Logic = 3)
  Clock Path Skew:      -0.150ns (1.574 - 1.724)
  Source Clock:         clk_BUFGP rising at 0.000ns
  Destination Clock:    clk_BUFGP rising at 10.000ns
  Clock Uncertainty:    0.035ns

  Clock Uncertainty:          0.035ns  ((TSJ^2 + TIJ^2)^1/2 + DJ) / 2 + PE
    Total System Jitter (TSJ):  0.070ns
    Total Input Jitter (TIJ):   0.000ns
    Discrete Jitter (DJ):       0.000ns
    Phase Error (PE):           0.000ns

  Maximum Data Path at Slow Process Corner: df/count_30 to df/clkout_1
    Location             Delay type         Delay(ns)  Physical Resource
                                                       Logical Resource(s)
    -------------------------------------------------  -------------------
    SLICE_X88Y84.CQ      Tcko                  0.518   df/count<31>
                                                       df/count_30
    SLICE_X89Y80.C4      net (fanout=2)        0.724   df/count<30>
    SLICE_X89Y80.CMUX    Tilo                  0.356   df/count<4>
                                                       df/count[31]_GND_2_o_equal_3_o<31>6
    SLICE_X89Y80.B5      net (fanout=1)        0.268   df/count[31]_GND_2_o_equal_3_o<31>5
    SLICE_X89Y80.B       Tilo                  0.124   df/count<4>
                                                       df/count[31]_GND_2_o_equal_3_o<31>7
    SLICE_X89Y79.D5      net (fanout=3)        0.424   df/count[31]_GND_2_o_equal_3_o
    SLICE_X89Y79.DMUX    Tilo                  0.325   df/clkout
                                                       df/clkout_rstpot
    OLOGIC_X1Y100.D1     net (fanout=1)        1.150   df/clkout_rstpot
    OLOGIC_X1Y100.CLK    Todck                 0.834   df/clkout_1
                                                       df/clkout_1
    -------------------------------------------------  ---------------------------
    Total                                      4.723ns (2.157ns logic, 2.566ns route)
                                                       (45.7% logic, 54.3% route)

--------------------------------------------------------------------------------

Component Switching Limit Checks: TS_sys_clk_pin = PERIOD TIMEGRP "sys_clk_pin" 100 MHz HIGH 50%;
--------------------------------------------------------------------------------
Slack: 7.845ns (period - min period limit)
  Period: 10.000ns
  Min period limit: 2.155ns (464.037MHz) (Tbcper_I(Fmax))
  Physical resource: clk_BUFGP/BUFG/I0
  Logical resource: clk_BUFGP/BUFG/I0
  Location pin: BUFGCTRL_X0Y31.I0
  Clock network: clk_BUFGP/IBUFG
--------------------------------------------------------------------------------
Slack: 8.526ns (period - min period limit)
  Period: 10.000ns
  Min period limit: 1.474ns (678.426MHz) (Tockper)
  Physical resource: df/clkout_1/CLK
  Logical resource: df/clkout_1/CK
  Location pin: OLOGIC_X1Y100.CLK
  Clock network: clk_BUFGP
--------------------------------------------------------------------------------
Slack: 8.526ns (period - (min high pulse limit / (high pulse / period)))
  Period: 10.000ns
  High pulse: 5.000ns
  High pulse limit: 0.737ns (Tospwh)
  Physical resource: df/clkout_1/SR
  Logical resource: df/clkout_1/SR
  Location pin: OLOGIC_X1Y100.SR
  Clock network: df/reset_inv
--------------------------------------------------------------------------------
Slack: 8.526ns (period - min period limit)
  Period: 10.000ns
  Min period limit: 1.474ns (678.426MHz) (Tickper)
  Physical resource: df/led/CLK
  Logical resource: df/led/CK
  Location pin: ILOGIC_X1Y58.CLK
  Clock network: clk_BUFGP
--------------------------------------------------------------------------------
Slack: 9.000ns (period - (min low pulse limit / (low pulse / period)))
  Period: 10.000ns
  Low pulse: 5.000ns
  Low pulse limit: 0.500ns (Tcl)
  Physical resource: df/count<3>/CLK
  Logical resource: df/count_0/CK
  Location pin: SLICE_X88Y77.CLK
  Clock network: clk_BUFGP
--------------------------------------------------------------------------------
Slack: 9.000ns (period - (min high pulse limit / (high pulse / period)))
  Period: 10.000ns
  High pulse: 5.000ns
  High pulse limit: 0.500ns (Tch)
  Physical resource: df/count<3>/CLK
  Logical resource: df/count_0/CK
  Location pin: SLICE_X88Y77.CLK
  Clock network: clk_BUFGP
--------------------------------------------------------------------------------
Slack: 9.000ns (period - min period limit)
  Period: 10.000ns
  Min period limit: 1.000ns (1000.000MHz) (Tcp)
  Physical resource: df/count<3>/CLK
  Logical resource: df/count_0/CK
  Location pin: SLICE_X88Y77.CLK
  Clock network: clk_BUFGP
--------------------------------------------------------------------------------
Slack: 9.000ns (period - (min low pulse limit / (low pulse / period)))
  Period: 10.000ns
  Low pulse: 5.000ns
  Low pulse limit: 0.500ns (Tcl)
  Physical resource: df/count<3>/CLK
  Logical resource: df/count_2/CK
  Location pin: SLICE_X88Y77.CLK
  Clock network: clk_BUFGP
--------------------------------------------------------------------------------
Slack: 9.000ns (period - (min high pulse limit / (high pulse / period)))
  Period: 10.000ns
  High pulse: 5.000ns
  High pulse limit: 0.500ns (Tch)
  Physical resource: df/count<3>/CLK
  Logical resource: df/count_2/CK
  Location pin: SLICE_X88Y77.CLK
  Clock network: clk_BUFGP
--------------------------------------------------------------------------------
Slack: 9.000ns (period - min period limit)
  Period: 10.000ns
  Min period limit: 1.000ns (1000.000MHz) (Tcp)
  Physical resource: df/count<3>/CLK
  Logical resource: df/count_2/CK
  Location pin: SLICE_X88Y77.CLK
  Clock network: clk_BUFGP
--------------------------------------------------------------------------------
Slack: 9.000ns (period - (min low pulse limit / (low pulse / period)))
  Period: 10.000ns
  Low pulse: 5.000ns
  Low pulse limit: 0.500ns (Tcl)
  Physical resource: df/count<3>/CLK
  Logical resource: df/count_3/CK
  Location pin: SLICE_X88Y77.CLK
  Clock network: clk_BUFGP
--------------------------------------------------------------------------------
Slack: 9.000ns (period - (min high pulse limit / (high pulse / period)))
  Period: 10.000ns
  High pulse: 5.000ns
  High pulse limit: 0.500ns (Tch)
  Physical resource: df/count<3>/CLK
  Logical resource: df/count_3/CK
  Location pin: SLICE_X88Y77.CLK
  Clock network: clk_BUFGP
--------------------------------------------------------------------------------
Slack: 9.000ns (period - min period limit)
  Period: 10.000ns
  Min period limit: 1.000ns (1000.000MHz) (Tcp)
  Physical resource: df/count<3>/CLK
  Logical resource: df/count_3/CK
  Location pin: SLICE_X88Y77.CLK
  Clock network: clk_BUFGP
--------------------------------------------------------------------------------
Slack: 9.000ns (period - (min low pulse limit / (low pulse / period)))
  Period: 10.000ns
  Low pulse: 5.000ns
  Low pulse limit: 0.500ns (Tcl)
  Physical resource: df/count<7>/CLK
  Logical resource: df/count_6/CK
  Location pin: SLICE_X88Y78.CLK
  Clock network: clk_BUFGP
--------------------------------------------------------------------------------
Slack: 9.000ns (period - (min high pulse limit / (high pulse / period)))
  Period: 10.000ns
  High pulse: 5.000ns
  High pulse limit: 0.500ns (Tch)
  Physical resource: df/count<7>/CLK
  Logical resource: df/count_6/CK
  Location pin: SLICE_X88Y78.CLK
  Clock network: clk_BUFGP
--------------------------------------------------------------------------------
Slack: 9.000ns (period - min period limit)
  Period: 10.000ns
  Min period limit: 1.000ns (1000.000MHz) (Tcp)
  Physical resource: df/count<7>/CLK
  Logical resource: df/count_6/CK
  Location pin: SLICE_X88Y78.CLK
  Clock network: clk_BUFGP
--------------------------------------------------------------------------------
Slack: 9.000ns (period - (min low pulse limit / (low pulse / period)))
  Period: 10.000ns
  Low pulse: 5.000ns
  Low pulse limit: 0.500ns (Tcl)
  Physical resource: df/count<7>/CLK
  Logical resource: df/count_7/CK
  Location pin: SLICE_X88Y78.CLK
  Clock network: clk_BUFGP
--------------------------------------------------------------------------------
Slack: 9.000ns (period - (min high pulse limit / (high pulse / period)))
  Period: 10.000ns
  High pulse: 5.000ns
  High pulse limit: 0.500ns (Tch)
  Physical resource: df/count<7>/CLK
  Logical resource: df/count_7/CK
  Location pin: SLICE_X88Y78.CLK
  Clock network: clk_BUFGP
--------------------------------------------------------------------------------
Slack: 9.000ns (period - min period limit)
  Period: 10.000ns
  Min period limit: 1.000ns (1000.000MHz) (Tcp)
  Physical resource: df/count<7>/CLK
  Logical resource: df/count_7/CK
  Location pin: SLICE_X88Y78.CLK
  Clock network: clk_BUFGP
--------------------------------------------------------------------------------
Slack: 9.000ns (period - (min low pulse limit / (low pulse / period)))
  Period: 10.000ns
  Low pulse: 5.000ns
  Low pulse limit: 0.500ns (Tcl)
  Physical resource: df/count<11>/CLK
  Logical resource: df/count_8/CK
  Location pin: SLICE_X88Y79.CLK
  Clock network: clk_BUFGP
--------------------------------------------------------------------------------
Slack: 9.000ns (period - (min high pulse limit / (high pulse / period)))
  Period: 10.000ns
  High pulse: 5.000ns
  High pulse limit: 0.500ns (Tch)
  Physical resource: df/count<11>/CLK
  Logical resource: df/count_8/CK
  Location pin: SLICE_X88Y79.CLK
  Clock network: clk_BUFGP
--------------------------------------------------------------------------------
Slack: 9.000ns (period - min period limit)
  Period: 10.000ns
  Min period limit: 1.000ns (1000.000MHz) (Tcp)
  Physical resource: df/count<11>/CLK
  Logical resource: df/count_8/CK
  Location pin: SLICE_X88Y79.CLK
  Clock network: clk_BUFGP
--------------------------------------------------------------------------------
Slack: 9.000ns (period - (min low pulse limit / (low pulse / period)))
  Period: 10.000ns
  Low pulse: 5.000ns
  Low pulse limit: 0.500ns (Tcl)
  Physical resource: df/count<11>/CLK
  Logical resource: df/count_9/CK
  Location pin: SLICE_X88Y79.CLK
  Clock network: clk_BUFGP
--------------------------------------------------------------------------------
Slack: 9.000ns (period - (min high pulse limit / (high pulse / period)))
  Period: 10.000ns
  High pulse: 5.000ns
  High pulse limit: 0.500ns (Tch)
  Physical resource: df/count<11>/CLK
  Logical resource: df/count_9/CK
  Location pin: SLICE_X88Y79.CLK
  Clock network: clk_BUFGP
--------------------------------------------------------------------------------
Slack: 9.000ns (period - min period limit)
  Period: 10.000ns
  Min period limit: 1.000ns (1000.000MHz) (Tcp)
  Physical resource: df/count<11>/CLK
  Logical resource: df/count_9/CK
  Location pin: SLICE_X88Y79.CLK
  Clock network: clk_BUFGP
--------------------------------------------------------------------------------


All constraints were met.


Data Sheet report:
-----------------
All values displayed in nanoseconds (ns)

Clock to Setup on destination clock clk
---------------+---------+---------+---------+---------+
               | Src:Rise| Src:Fall| Src:Rise| Src:Fall|
Source Clock   |Dest:Rise|Dest:Rise|Dest:Fall|Dest:Fall|
---------------+---------+---------+---------+---------+
clk            |    5.806|         |         |         |
---------------+---------+---------+---------+---------+


Timing summary:
---------------

Timing errors: 0  Score: 0  (Setup/Max: 0, Hold: 0)

Constraints cover 1618 paths, 0 nets, and 105 connections

Design statistics:
   Minimum period:   5.806ns{1}   (Maximum frequency: 172.236MHz)


------------------------------------Footnotes-----------------------------------
1)  The minimum period statistic assumes all single cycle delays.

Analysis completed Fri Oct 20 18:36:32 2017 
--------------------------------------------------------------------------------

Trace Settings:
-------------------------
Trace Settings 

Peak Memory Usage: 773 MB



